3/7/2022 8:03:28 PM: 200 with id 48vGyeerQqM7mWU0JzRkAl
3/7/2022 8:03:29 PM: 200 with id 5JNXvM5u7H04wj71hDLfux
3/7/2022 8:03:29 PM: 200 with id 5QyAJc8TJgTUQYxuvlO1GW
3/7/2022 8:03:30 PM: 200 with id 0Q5XBpCYFgUWiG9DUWyAmJ
3/7/2022 8:03:30 PM: 200 with id 1B61NzknoGqafMfKLY7QtZ
3/7/2022 8:03:31 PM: 200 with id 6dJ2lQwZMAFRb1NlUZsdZs
3/7/2022 8:03:31 PM: 200 with id 0WM9c7Wi78j7jEGArDwBtM
3/7/2022 8:03:31 PM: 200 with id 7BKWI4ljxesdJk4gNkV2E9
3/7/2022 8:03:32 PM: 200 with id 4RSb9yc29p9BHvoVMFqGiB
3/7/2022 8:03:32 PM: 200 with id 4UxlLk460BnmQlRV3WiORh
3/7/2022 8:03:32 PM: 200 with id 3MKQjYpaES80tFP7Qo2zH0
3/7/2022 8:03:32 PM: 200 with id 6Tkk508dGDixd9my3RFQNr
3/7/2022 8:03:32 PM: 200 with id 0gH6vyfRwVv02eWLgoi6Dm
3/7/2022 8:03:33 PM: 200 with id 4lO7GONtjBvEqVDc5UQurZ
3/7/2022 8:03:33 PM: 200 with id 0yN1y8pQK6rXf5yRCvwvs4
3/7/2022 8:03:33 PM: 200 with id 0Ryig5U2nqKnEqIwYZREGV
3/7/2022 8:03:34 PM: 200 with id 3cQO7jp5S9qLBoIVtbkSM1
3/7/2022 8:03:34 PM: 200 with id 621cXqrTSSJi1WqDMSLmbL
3/7/2022 8:03:34 PM: 200 with id 6DviLZLFXtlqsNysPchTuU
3/7/2022 8:03:34 PM: 200 with id 5ZZ0irnpqeueZj7v0CYnn3
3/7/2022 8:03:34 PM: 200 with id 2r2r78NE05YjyHyVbVgqFn
3/7/2022 8:03:35 PM: 200 with id 6yGp5e6Puhx155c8dQ8e6P
3/7/2022 8:03:35 PM: 200 with id 1SbMoaKFJWo8u1tb2dAgHt
3/7/2022 8:03:35 PM: 200 with id 0pDn3PuEx419N9jmOaCH8F
3/7/2022 8:03:35 PM: 200 with id 2ZjmvVKeVy3CgaT2BvsyvM
3/7/2022 8:03:35 PM: 200 with id 2GQuVFujesadBWknYzObe3
3/7/2022 8:03:35 PM: 200 with id 2WFkJi4USarY1qe3yjifjG
3/7/2022 8:03:35 PM: 200 with id 4qPrHdFA5Jj1KSaC1lfOGq
3/7/2022 8:03:35 PM: 200 with id 24SHzPxgIIPYLyPc8JMd3q
3/7/2022 8:03:36 PM: 200 with id 5BDGtXKMQ6k267KX4PoGhP
3/7/2022 8:03:36 PM: 200 with id 53k64d93T2Pwjy8x71zQVO
3/7/2022 8:03:36 PM: 200 with id 0HRuoyeAKey2misTzGDYjs
3/7/2022 8:03:36 PM: 200 with id 4njWrScGY8mJV8NikFRdtv
3/7/2022 8:03:36 PM: 200 with id 2UNDrzwy92CNlEOoPlK2XA
3/7/2022 8:03:36 PM: 200 with id 3t4ZHswZdOfXd6TcZ51uHl
3/7/2022 8:03:36 PM: 200 with id 1Fexc96V24RL17Ko9VXUOM
3/7/2022 8:03:36 PM: 200 with id 7zNwWtd1NpuBLe8MC3Uqp8
3/7/2022 8:03:36 PM: 200 with id 1fag8cnc5p4Umu4tRMAsLv
3/7/2022 8:03:36 PM: 200 with id 6JdKGPp0ITpogQQkkqayjR
3/7/2022 8:03:36 PM: 200 with id 3EeOsvEKHv6dyG2x2XZJ6Q
3/7/2022 8:03:36 PM: 200 with id 6Z6lqEBbZq9Rbf7aYRxAZP
3/7/2022 8:03:37 PM: 200 with id 2u0T1xzCoI7ANxWDEj9yl6
3/7/2022 8:03:37 PM: 200 with id 1XWlguI8HYWv6PYGXMq63A
3/7/2022 8:03:37 PM: 200 with id 1TkwzY3l4LqAfrQwBAx45Q
3/7/2022 8:03:37 PM: 200 with id 1meDXzOLASv06BT60e9yYD
3/7/2022 8:03:37 PM: 200 with id 2uVjQvVAkLfneGroSXvJMW
3/7/2022 8:03:37 PM: 200 with id 4Pn9DreQQj0WtcNqDeBc7S
3/7/2022 8:03:37 PM: 200 with id 78sNh9cYKPyzJbPQP3AfO6
3/7/2022 8:03:37 PM: 200 with id 4PcOLASOD0VikPG4yB3bxg
3/7/2022 8:03:37 PM: 200 with id 4Oao6gCD44a9vSruFH7F33
3/7/2022 8:03:37 PM: 200 with id 5kU9rWhYr4MmPmaGYP5z4v
3/7/2022 8:03:37 PM: 200 with id 6se6q5nk4VCVbWWnZcguCc
3/7/2022 8:03:37 PM: 200 with id 0a8WSH44kA5hR4MQ6LyFDB
3/7/2022 8:03:37 PM: 200 with id 19as3hrArNEa0dN7nZs0Du
3/7/2022 8:03:37 PM: 200 with id 41QyJYx6N181E3QxWpC2FW
3/7/2022 8:03:38 PM: 200 with id 5x6WtKftK68fbgtinzgeSG
3/7/2022 8:03:38 PM: 200 with id 17gXGgVOk1RpPduIpeD5Yq
3/7/2022 8:03:38 PM: 200 with id 4hQcPgUoOykA7IzS6av6ox
3/7/2022 8:03:38 PM: 200 with id 4CgleVVe43iVPsmWh7Mydo
3/7/2022 8:03:38 PM: 200 with id 1FFpEn1rjlucjU5L5JXggy
3/7/2022 8:03:38 PM: 200 with id 4FYvuWhNshZBsOT0fptzR3
3/7/2022 8:03:38 PM: 200 with id 6kuKRIu6YGYxQLwasTL3Gx
3/7/2022 8:03:38 PM: 200 with id 0iOWjP0KD6bClZ1a5rQ8yK
3/7/2022 8:03:38 PM: 200 with id 4AxlF2ZP5RDCeZ5QrZSCNe
3/7/2022 8:03:38 PM: 200 with id 6Ad1E9vl75ZB3Ir87zwXIJ
3/7/2022 8:03:38 PM: 200 with id 0r6onBTULhtLhttlmhzQE0
3/7/2022 8:03:38 PM: 200 with id 2q1WacLvjOnffRIbzbL6Px
3/7/2022 8:03:38 PM: 200 with id 2OvZ8JCShhvxNkptwoGjve
3/7/2022 8:03:38 PM: 200 with id 3MNvfg19MJsXCQ0I3WVdkm
3/7/2022 8:03:38 PM: 200 with id 71E1GUha9EeC0VjAtBokM0
3/7/2022 8:03:39 PM: 200 with id 2tSRe2rkdJvZWMOIZpu6lk
3/7/2022 8:03:39 PM: 200 with id 1c02pV8A4VtKLRB5G1SLyV
3/7/2022 8:03:39 PM: 200 with id 2pMKU5YSzVz2tQ3RvJ1cMt
3/7/2022 8:03:39 PM: 200 with id 1BqQHREnw0qV4RtdoP88VV
3/7/2022 8:03:39 PM: 200 with id 4B3qlttYNcfrAQ2BVM1oMZ
3/7/2022 8:03:39 PM: 200 with id 0lTuVJuCbD3FHEjIeQqyXg
3/7/2022 8:03:39 PM: 200 with id 5uVkLh6vxNHy4zkK6mPSb7
3/7/2022 8:03:39 PM: 200 with id 0OJK0Hst2fUzpRj5Dy1yxQ
3/7/2022 8:03:39 PM: 200 with id 2mepXKJlgU28VBwkSXjWfY
3/7/2022 8:03:39 PM: 200 with id 0ZIeLp4NB1qv6f3LrOdtiO
3/7/2022 8:03:39 PM: 200 with id 6gzQHMfNleYdrw5PDkLxBv
3/7/2022 8:03:39 PM: 200 with id 3Vsbl0diFGw8HNSjG8ue9m
3/7/2022 8:03:39 PM: 200 with id 4ncScOihFvwLkZiu1Jt1mE
3/7/2022 8:03:39 PM: 200 with id 7dqftJ3kas6D0VAdmt3k3V
3/7/2022 8:03:39 PM: 200 with id 0vXcYX3PLW2NiTuW4CArW1
3/7/2022 8:03:40 PM: 200 with id 0Yu5g4uikHX1PVhoP1GHel
3/7/2022 8:03:40 PM: 200 with id 0GQ9AZBJSj109gmSdSrviC
3/7/2022 8:03:40 PM: 200 with id 6hCrozhHxZ2kKQwc1qTPIB
3/7/2022 8:03:40 PM: 200 with id 1lfmR0p7mRy7l1RbNN6Fwr
3/7/2022 8:03:40 PM: 200 with id 2vcyOtFtWOYuQ6j4AH2FIG
3/7/2022 8:03:40 PM: 200 with id 2rYLZlhbWbcjNJg3PiwV9O
3/7/2022 8:03:40 PM: 200 with id 2gMWwDIxxGIiblnv1pQHyd
3/7/2022 8:03:40 PM: 200 with id 1P9AuGH530Oy9JEW5XVuxo
3/7/2022 8:03:40 PM: 200 with id 7GaUkXZ3XoxhajIFGd2Cw5
3/7/2022 8:03:40 PM: 200 with id 2ZXrFRlxVvapQZ4dNhzr2E
3/7/2022 8:03:40 PM: 200 with id 2llLG37S5O56zsKAe8Lavo
3/7/2022 8:03:41 PM: 200 with id 0mKr6PDMuhTEWatlw5a4hl
3/7/2022 8:03:41 PM: 200 with id 7uuHBGZ3weXAYrseWig3dK
3/7/2022 8:03:41 PM: 200 with id 3LDnOTxfRBkRDXD6Yb8cmF
3/7/2022 8:03:41 PM: 200 with id 6oE4fYGorROOUqUujaKWYq
3/7/2022 8:03:41 PM: 200 with id 74qGFpCx9XpFaZUnqqdDtb
3/7/2022 8:03:41 PM: 200 with id 5OSiOh6nsMx19aB1rVqWG4
3/7/2022 8:03:41 PM: 200 with id 7ykLKrLtN920GC9SBKhpp9
3/7/2022 8:03:41 PM: 200 with id 5rUtKnfNHc77VrCwCjLA9K
3/7/2022 8:03:41 PM: 200 with id 0ignCov9foaLxuqND5GMtl
3/7/2022 8:03:41 PM: 200 with id 5fikhiF8XXSbQ8cdL1K4nf
3/7/2022 8:03:41 PM: 200 with id 5Hhz5dT5rJPn6GLe7Tmxjk
3/7/2022 8:03:42 PM: 200 with id 0MdgAZwWoKeokRKYPPyZ9C
3/7/2022 8:03:42 PM: 200 with id 3eZd2XbhLyPcgbgcsLTZh3
3/7/2022 8:03:42 PM: 200 with id 4h5L9ygzxbc9GrWuhyHngh
3/7/2022 8:03:42 PM: 200 with id 0wBiBI3qFOS2ioukPoO4Kj
3/7/2022 8:03:42 PM: 200 with id 0ISMMwrn70BHEraAjKVMF0
3/7/2022 8:03:42 PM: 200 with id 4fygErqiNgFUic5hU42Z3E
3/7/2022 8:03:42 PM: 200 with id 3XsOzkIBoHsxZ7jP3QF2oB
3/7/2022 8:03:42 PM: 200 with id 2xd9kSU4vLaJhYPF89pHpC
3/7/2022 8:03:42 PM: 200 with id 36tQEAdojTN3ZXUiagQ5Qb
3/7/2022 8:03:42 PM: 200 with id 3QRksnt188X7TNIElA8pzv
3/7/2022 8:03:42 PM: 200 with id 6jaxMUyJROt2eJvMQLzYP8
3/7/2022 8:03:42 PM: 200 with id 3T1Te4622DNLaTajXIkY9l
3/7/2022 8:03:42 PM: 200 with id 5rZPEw6MU5JiUguyCVKqBm
3/7/2022 8:03:42 PM: 200 with id 2dAoLe5veWKjPuVd0Tl5mL
3/7/2022 8:03:42 PM: 200 with id 2lWmhZbjmXYQRvTO7gkMTR
3/7/2022 8:03:42 PM: 200 with id 2vD3zSQr8hNlg0obNel4TE
3/7/2022 8:03:42 PM: 200 with id 5fKL7vMTXvhR9tov8Kqt3u
3/7/2022 8:03:43 PM: 200 with id 3KogRncqGecaGICGu2XdUX
3/7/2022 8:03:43 PM: 200 with id 5fWzZi4HOHB7O2JviktClF
3/7/2022 8:03:43 PM: 200 with id 5A5ePoPwlIuxVmn3cIhiFw
3/7/2022 8:03:43 PM: 200 with id 61uCT2FhtJuCG4XsCaX0N1
3/7/2022 8:03:43 PM: 200 with id 0oHlBFvNuMOzHw52SinWYj
3/7/2022 8:03:43 PM: 200 with id 3D0l1SrA4eqTM11IUa2EAL
3/7/2022 8:03:43 PM: 200 with id 2V3ebysBMSaKfYUcsCWmKX
3/7/2022 8:03:43 PM: 200 with id 6hmmX5UP4rIvOpGSaPerV8
3/7/2022 8:03:43 PM: 200 with id 5lRQzYCMjiFzkRyOeiKrPY
3/7/2022 8:03:43 PM: 200 with id 5hXvzdHPD0qQN5b30ml2zC
3/7/2022 8:03:43 PM: 200 with id 2NFd4ApYFitFtJhGTSfDdP
3/7/2022 8:03:43 PM: 200 with id 07yVsJaLRxqakz0Fyyx7pR
3/7/2022 8:03:43 PM: 200 with id 6JWc4iAiJ9FjyK0B59ABb4
3/7/2022 8:03:43 PM: 200 with id 6sSecdLSapLvBqBnRQ2p7W
3/7/2022 8:03:43 PM: 200 with id 3jl1TcvE91Mnu6zjKkklAb
3/7/2022 8:03:43 PM: 200 with id 2RthEMVWkTLv6n9xPJZPCi
3/7/2022 8:03:43 PM: 200 with id 0h2knr6qpiAq0tV5ri5JMF
3/7/2022 8:03:43 PM: 200 with id 15Nn4mtkrDVdHWvPqivmjj
3/7/2022 8:03:44 PM: 200 with id 7xlc8VKmPqZJ9m1Dphm6O5
3/7/2022 8:03:44 PM: 200 with id 50oWFJ0mDEeMa74ElsdAp3
3/7/2022 8:03:44 PM: 200 with id 1fwHxlyNXdNwJ95xOv9ZYP
3/7/2022 8:03:44 PM: 200 with id 5RaQj3FwcV6lOeSSDoQ200
3/7/2022 8:03:44 PM: 200 with id 2tOjQfrdrnRNOwtDY1BLqD
3/7/2022 8:03:44 PM: 200 with id 4UwFWirjlWiHHAL7k7t9Bo
3/7/2022 8:03:44 PM: 200 with id 52bodfQDr1a2Nmk6C51i3s
3/7/2022 8:03:44 PM: 200 with id 1gquXke1WKYRz3VSxlZDxa
3/7/2022 8:03:44 PM: 200 with id 6Q7yIbfFPzplTCBM7d1WRO
3/7/2022 8:03:44 PM: 200 with id 4lBxcWIWcIglQCDh5LeBJI
3/7/2022 8:03:44 PM: 200 with id 5Gn3fFzlWL89j0hGumtXb5
3/7/2022 8:03:44 PM: 200 with id 7yQ0rzJQPUkTumD0bVxxfp
3/7/2022 8:03:44 PM: 200 with id 3nTXqOEHr6AfTb1WSaB4Pm
3/7/2022 8:03:44 PM: 200 with id 6dLMmoL7miitwmEWLRZ4cI
3/7/2022 8:03:44 PM: 200 with id 38Hqi2v3CdJLvuOlwA0WL9
3/7/2022 8:03:44 PM: 200 with id 1r1Xt6oUnY3VMYbQb1U7CO
3/7/2022 8:03:44 PM: 200 with id 1A5a5745Wo0Qee5zLoucI7
3/7/2022 8:03:44 PM: 200 with id 3HZlAyqo5eNLADmAagNn0s
3/7/2022 8:03:44 PM: 200 with id 2H6i2CrWgXE1HookLu8Au0
3/7/2022 8:03:45 PM: 200 with id 2gFrtq0c0e2MQLu5IJpsOW
3/7/2022 8:03:45 PM: 200 with id 6R3j0eZLirO17RKipTbnJS
3/7/2022 8:03:45 PM: 200 with id 6Rct4zM36bjIH5kF2PZ5nj
3/7/2022 8:03:45 PM: 200 with id 1rEYwOdpVc2W39d0uxf0va
3/7/2022 8:03:45 PM: 200 with id 4mu57wJrpJ0nLnsNraKcmP
3/7/2022 8:03:45 PM: 200 with id 0LmHN5Es93TYwXBSDn36lu
3/7/2022 8:03:45 PM: 200 with id 74gSdSHe71q7urGWMMn3qB
3/7/2022 8:03:45 PM: 200 with id 5L0e8X6Mf9lfjs2miK2WUB
3/7/2022 8:03:45 PM: 200 with id 6ZLlJLTscXUJIMwpwSAcOm
3/7/2022 8:03:45 PM: 200 with id 02Ird1pnGUdA6ruy87cxVa
3/7/2022 8:03:45 PM: 200 with id 282twmmCA9Eti7sVMCy8uO
3/7/2022 8:03:45 PM: 200 with id 4FsWNGbkeZtMD1BWXhIvRk
3/7/2022 8:03:45 PM: 200 with id 48Squ1oYsMrjEGUKnmEHyp
3/7/2022 8:03:45 PM: 200 with id 3IKXIqSA8hBwfLHMUrO1dx
3/7/2022 8:03:45 PM: 200 with id 52JymrguPgkmmwLaWIusst
3/7/2022 8:03:45 PM: 200 with id 5dZGTTaKAVV4Um2BBsE3kf
3/7/2022 8:03:45 PM: 200 with id 5KtOg6t1abStlfb6OvoD8R
3/7/2022 8:03:45 PM: 200 with id 0sVQrIwythyuM0G6uLcqiy
3/7/2022 8:03:45 PM: 200 with id 24fkX2Gdqw4a6pR9BUYbE5
3/7/2022 8:03:45 PM: 200 with id 5aHuKZqTY34cuOcIFfohrt
3/7/2022 8:03:45 PM: 200 with id 0sOeI7pbAmIc8aDFyvkBUW
3/7/2022 8:03:46 PM: 200 with id 2YluT3sw9I7ruv9kPGm8MN
3/7/2022 8:03:46 PM: 200 with id 6ay4qFjg5VgZFqJmiGcIIm
3/7/2022 8:03:46 PM: 200 with id 32UJ8XJogn6T8JSENLETMS
3/7/2022 8:03:46 PM: 200 with id 3QpzeuYPKX3Ei3kipU9Ehm
3/7/2022 8:03:46 PM: 200 with id 3aITAVBURujVe8fhI2seeR
3/7/2022 8:03:46 PM: 200 with id 7lxHnls3yQNl8B9bILmHj7
3/7/2022 8:03:46 PM: 200 with id 31GY9YQLaX1BiEwB0FN2Oe
3/7/2022 8:03:46 PM: 200 with id 4H679IYrWSI3DDYTnRKAB5
3/7/2022 8:03:46 PM: 200 with id 6dFFcYQ8VhifgdKgYY5LYL
3/7/2022 8:03:46 PM: 200 with id 7kSa9AwcDQ6ZUScaXxp8zP
3/7/2022 8:03:46 PM: 200 with id 1nrDZQLT9EfFArdk9oSCxQ
3/7/2022 8:03:46 PM: 200 with id 5VRiykfzXrzfY84WE1rRxj
3/7/2022 8:03:46 PM: 200 with id 33TJ52PuwenGmysJrwMGCe
3/7/2022 8:03:46 PM: 200 with id 7hBV0wo7cDHZQLYnuOJ312
3/7/2022 8:03:46 PM: 200 with id 5FN48DGNeqpCarhtd7InA2
3/7/2022 8:03:46 PM: 200 with id 40T5m4a19xUgVyWQaYrVRb
3/7/2022 8:03:46 PM: 200 with id 2PA0R3BGC5ZGCAR6G23sqO
3/7/2022 8:03:46 PM: 200 with id 2VuZJsJBPLwg9BeQFQle8G
3/7/2022 8:03:46 PM: 200 with id 406RCIvK6uh49XviqAI6kY
3/7/2022 8:03:46 PM: 200 with id 4zpN41aGAYPWX3dzE19rH7
3/7/2022 8:03:46 PM: 200 with id 10UBbBR7ckvwb7ESJTSzPB
3/7/2022 8:03:46 PM: 200 with id 4JaYe7HIddzNaF3rUgJzHI
3/7/2022 8:03:46 PM: 200 with id 0MlTOiC5ZYKFGeZ8h3D4rd
3/7/2022 8:03:46 PM: 200 with id 4ARTgZcw7MLmjQkZ4zPptP
3/7/2022 8:03:46 PM: 200 with id 6EBAeYn2YJvmXp6AkK18Mc
3/7/2022 8:03:46 PM: 200 with id 6QYCL4y4krnoJXV0JJ3c4Y
3/7/2022 8:03:46 PM: 200 with id 15I81UJdFYDSthW6u67J3s
3/7/2022 8:03:46 PM: 200 with id 22OCsR8Pwpp6i20IjcoOGe
3/7/2022 8:03:46 PM: 200 with id 2KJjOBX280F3hZZE1xO33O
3/7/2022 8:03:46 PM: 200 with id 40y4Rm3Oum1bQlzIxZpVPq
3/7/2022 8:03:46 PM: 200 with id 5fvTRFho09qrZ9o9Tli4cu
3/7/2022 8:03:47 PM: 200 with id 0nW0w37lrQ87k7PLZvC4qJ
3/7/2022 8:03:47 PM: 200 with id 48v5N5U7vS0q7ejeyos6NC
3/7/2022 8:03:47 PM: 200 with id 2BAMyErzVjBJ7kvQWBJmbT
3/7/2022 8:03:47 PM: 200 with id 7IR2bLGz2TpcpfVZXV8bRs
3/7/2022 8:03:47 PM: 200 with id 593hMJS0UPItZBWSWPX1Qb
3/7/2022 8:03:47 PM: 200 with id 27fzM2E0lgovCD7PCq6eh4
3/7/2022 8:03:47 PM: 200 with id 5mFPeQIrrJLWXeKpLRjhdL
3/7/2022 8:03:47 PM: 200 with id 4UedADJxjokipx8oW1CuqX
3/7/2022 8:03:47 PM: 200 with id 3PGFdp8MUJ25eJjUl0O58X
3/7/2022 8:03:47 PM: 200 with id 48XvYOTsoGV3Juk0OY7PDp
3/7/2022 8:03:47 PM: 200 with id 4g9Ot68iaFXL0z4Zadz7Pw
3/7/2022 8:03:47 PM: 200 with id 0AiWYT2zT9mmCNk2ZyDTSp
3/7/2022 8:03:47 PM: 200 with id 7rzr5GOIXMfA41aIkzGtvo
3/7/2022 8:03:47 PM: 200 with id 48xpWR8K6CGpy3ETAym3pt
3/7/2022 8:03:47 PM: 200 with id 5s2DFcjjTKMiL9HYHij0uH
3/7/2022 8:03:47 PM: 200 with id 4s5uzm05Xu09mBKv9E58x1
3/7/2022 8:03:47 PM: 200 with id 22Pbw99Nqx71sHcxNdo7pE
3/7/2022 8:03:47 PM: 200 with id 6Snp0eZFcgMgzDdAzjm1M5
3/7/2022 8:03:47 PM: 200 with id 1EG9PrHf52W6lEVG6wJqYe
3/7/2022 8:03:47 PM: 200 with id 6vnbtEhcQK9DUedVaR5yhr
3/7/2022 8:03:47 PM: 200 with id 3pzIwqrnLZsSXH3aKWxCV4
3/7/2022 8:03:47 PM: 200 with id 6HcU64bPPXTHIbWmGblIkT
3/7/2022 8:03:47 PM: 200 with id 11qEWtxwrKQUgOBPsff4op
3/7/2022 8:03:47 PM: 200 with id 2DBgRWyiqVdjlxbYizM2yK
3/7/2022 8:03:47 PM: 200 with id 2kqn09pydzvKvB3xWbAxY4
3/7/2022 8:03:47 PM: 200 with id 7B4qOISwglvyQKodBynWBd
3/7/2022 8:03:47 PM: 200 with id 3PmtGDJAaFlz7NsYgCmpOG
3/7/2022 8:03:47 PM: 200 with id 67p5Ktm0ramlZ87r39fxNg
3/7/2022 8:03:48 PM: 200 with id 7nJZZgzioTZRpidBYPqwHO
3/7/2022 8:03:48 PM: 200 with id 462Mk5EvSfUElj2QiSRCzD
3/7/2022 8:03:48 PM: 200 with id 6N1iKBKY8zRGImxADk2IdN
3/7/2022 8:03:48 PM: 200 with id 0BhJpWnTlkXMv09KMqCYMy
3/7/2022 8:03:48 PM: 200 with id 5rzSLzfIuZgzPgNM1VftUM
3/7/2022 8:03:48 PM: 200 with id 0NFcvZO9xMAnYhPn3sfhBp
3/7/2022 8:03:48 PM: 200 with id 5BQGVvLOxwskUzPxUUJFZh
3/7/2022 8:03:48 PM: 200 with id 0DRR6FRyYuEPUyGvloawS2
3/7/2022 8:03:48 PM: 200 with id 5BQGVvLOxwskUzPxUUJFZh
3/7/2022 8:03:48 PM: 200 with id 6yRJAw8rbqn8dJVw1nxYWb
3/7/2022 8:03:48 PM: 200 with id 1FlTGY7gHcjTtBbhCDY3hj
3/7/2022 8:03:48 PM: 200 with id 4WbylLXEQiGX8lMd3k1weF
3/7/2022 8:03:48 PM: 200 with id 5Vwg9Ewi2l8fPh94uCBumd
3/7/2022 8:03:48 PM: 200 with id 0XTquGvuf1UbzzT5wj7XAC
3/7/2022 8:03:48 PM: 200 with id 3HQWrKAp2yeuzhfoN4giWI
3/7/2022 8:03:48 PM: 200 with id 5PrTHkGmgUVewXKOIXpCgh
3/7/2022 8:03:48 PM: 200 with id 6mGDfbDErYIJsmSewvccWm
3/7/2022 8:03:48 PM: 200 with id 57mWSm5UtRGT08KeJuyZqu
3/7/2022 8:03:48 PM: 200 with id 6pbAg7ucQDM2j47aCaxpMI
3/7/2022 8:03:48 PM: 200 with id 1m4J3FQcxlHIsPeYfCpbHA
3/7/2022 8:03:48 PM: 200 with id 733e1ZfktLSwj96X5rsMeE
3/7/2022 8:03:48 PM: 200 with id 2Qyno3YYujacEiO5940xXr
3/7/2022 8:03:48 PM: 200 with id 7vyVMX83PJNulUZUgbKfuY
3/7/2022 8:03:48 PM: 200 with id 1Psmz14dcKR0QEyoUeGxXP
3/7/2022 8:03:48 PM: 200 with id 4HrEhJUIUusV82oOAKXNH2
3/7/2022 8:03:48 PM: 200 with id 1AZjTOqvw2ZogWZxnDlhEN
3/7/2022 8:03:48 PM: 200 with id 7FK3g6WZfO4dAGAjYa7h5o
3/7/2022 8:03:48 PM: 200 with id 2xx0ajBaOvCKDgGCgEHNIA
3/7/2022 8:03:48 PM: 200 with id 7IyoGB8J31fvQDwGtHAq9m
3/7/2022 8:03:48 PM: 200 with id 0fEO7g2c5onkaXsybEtuD2
3/7/2022 8:03:48 PM: 200 with id 5nJ9B1KiydXoYWAcyqlG76
3/7/2022 8:03:48 PM: 200 with id 1errNsFx00ekuqsUMJ98N4
3/7/2022 8:03:48 PM: 200 with id 1AltC4ywUTBQodlAieAViM
3/7/2022 8:03:48 PM: 200 with id 2aSJfcD9lSOTRFrQaXOqFd
3/7/2022 8:03:48 PM: 200 with id 0zicd2mBV8HTzSubByj4vP
3/7/2022 8:03:49 PM: 200 with id 3XXyN6GQh7VlVrz5gACwt6
3/7/2022 8:03:49 PM: 200 with id 30t1kkG1NrdaCnr4NppWzs
3/7/2022 8:03:49 PM: 200 with id 6EgJXcGqaUvgZIF9bqPXfP
3/7/2022 8:03:49 PM: 200 with id 1I4fwzrBtlHtiPoD7WRFG0
3/7/2022 8:03:49 PM: 200 with id 6eva7Oh34fRmIA6dOeNVdc
3/7/2022 8:03:49 PM: 200 with id 5GgePpwVw2v3vHSMQoysQw
3/7/2022 8:03:49 PM: 200 with id 4WkYJeMlLaNN1x5klAgeJu
3/7/2022 8:03:49 PM: 200 with id 2pFX16u42q0e5F5vRmmzYT
3/7/2022 8:03:49 PM: 200 with id 3vXuOrqNDMKynoFfJROB9P
3/7/2022 8:03:49 PM: 200 with id 2JwUsV3QP7FMWx1Fzt6dHQ
3/7/2022 8:03:49 PM: 200 with id 6LX75kNicFqjjiAOeZgN67
3/7/2022 8:03:49 PM: 200 with id 70XmHr1rVtHfkWzWU5GbRE
3/7/2022 8:03:49 PM: 200 with id 6sJEujnq8gMmcWICBRRdGA
3/7/2022 8:03:49 PM: 200 with id 7iYs0qsruF7WORKl9YD3Mn
3/7/2022 8:03:49 PM: 200 with id 1GoqBRUPZzBKvMKZxSQ1mp
3/7/2022 8:03:49 PM: 200 with id 6pZly90sfONPMaGb1rhSVD
3/7/2022 8:03:49 PM: 200 with id 5WrbKW1nRN4vSsu70uizxX
3/7/2022 8:03:49 PM: 200 with id 0c1yNi1MuGlcNrCzU2kDVE
3/7/2022 8:03:49 PM: 200 with id 3si9Tt0MEyLf26borb6B5p
3/7/2022 8:03:49 PM: 200 with id 1J2s2YBN58niYSzgkvCIM7
3/7/2022 8:03:49 PM: 200 with id 1H4Mkdkjj12cbUqL8viJsM
3/7/2022 8:03:49 PM: 200 with id 1on838sJvQj7Pp6flRC105
3/7/2022 8:03:49 PM: 200 with id 1dDfjR6KqXwa6I8XmPXnxr
3/7/2022 8:03:49 PM: 200 with id 04bKxe1Y7WFw4yrDPlmswG
3/7/2022 8:03:49 PM: 200 with id 0jqcY0azNzkluuC8hxNGlw
3/7/2022 8:03:49 PM: 200 with id 6AzBSTH7yHgFMPQRrckpHO
3/7/2022 8:03:49 PM: 200 with id 2jVxhH1xg6EIc87rGM1Ogt
3/7/2022 8:03:49 PM: 200 with id 6NQRmMazNOKi0IiIXlNzGh
3/7/2022 8:03:49 PM: 200 with id 6CrcPf9fmCFgY9whJO5pp9
3/7/2022 8:03:49 PM: 200 with id 4esWx1yixc5UiKgxrbOdfc
3/7/2022 8:03:49 PM: 200 with id 1tuM8yBePaekEruGsH2J79
3/7/2022 8:03:49 PM: 200 with id 7ohQzjkogkl3m3N0oecs4h
3/7/2022 8:03:49 PM: 200 with id 5ak2EpjeyFEPraA5wHnEus
3/7/2022 8:03:49 PM: 200 with id 6Fi4hf29Zw8AaGTWc0IBhD
3/7/2022 8:03:49 PM: 200 with id 5DVaT8HXcp9bbJh7p4dSpf
3/7/2022 8:03:49 PM: 200 with id 7HYqXy4OnS51J2qDYsu1r3
3/7/2022 8:03:49 PM: 200 with id 7p1bUI1d5dWeJwHGdNTcGa
3/7/2022 8:03:49 PM: 200 with id 3DdhE6I0wvt9YsEbCW3K0q
3/7/2022 8:03:49 PM: 200 with id 7fIqsFfeYEEP9RO25KHj8P
3/7/2022 8:03:49 PM: 200 with id 0rDFeKay5JBgF7fFIUWYca
3/7/2022 8:03:50 PM: 200 with id 2iTpTfHG5yui5JVtfRNOdK
3/7/2022 8:03:50 PM: 200 with id 54gZAkXRSRi7kmetAOBlux
3/7/2022 8:03:50 PM: 200 with id 00toeVbLBW5ZFWTzKZfQ9n
3/7/2022 8:03:50 PM: 200 with id 5035Ps9sgQX4EcXV3jdeBT
3/7/2022 8:03:50 PM: 200 with id 5QWHes9ODwn42DHTifGkXd
3/7/2022 8:03:50 PM: 200 with id 5NHCg9rnAwBPDKOu2LSSUq
3/7/2022 8:03:50 PM: 200 with id 7lqieLm717j9Z8JrG7POkS
3/7/2022 8:03:50 PM: 200 with id 5B6XfyHHYawyLkEvNvhSPh
3/7/2022 8:03:50 PM: 200 with id 57AJ70IWVE0pmPwNYBa4PT
3/7/2022 8:03:50 PM: 200 with id 4sIViEgySoHMaqsDLXN45p
3/7/2022 8:03:50 PM: 200 with id 2NnG41uV3cvz0iYocqk5WR
3/7/2022 8:03:50 PM: 200 with id 7snShfFKLewVZTggBIsXJn
3/7/2022 8:03:50 PM: 200 with id 4SFBFUvZcwR4tSyDTXluOy
3/7/2022 8:03:50 PM: 200 with id 4IeW4TAoqfbRYzQNAKxk91
3/7/2022 8:03:50 PM: 200 with id 6hHIX3lfGKnZ2ji41YZMVV
3/7/2022 8:03:50 PM: 200 with id 0zL2nmuAvTxYOdQ5iqTTIV
3/7/2022 8:03:50 PM: 200 with id 3XYqOJI1YlX40kJTdzFEzp
3/7/2022 8:03:50 PM: 200 with id 6lWQVd4FpHVh2MCGHxwIsd
3/7/2022 8:03:50 PM: 200 with id 20ZUpVxx8J91MBC4BYJdSb
3/7/2022 8:03:50 PM: 200 with id 69gAY2kNyTArhSyMVFxHvT
3/7/2022 8:03:50 PM: 200 with id 5iZ09NPBTbpDziZcMrmjzb
3/7/2022 8:03:50 PM: 200 with id 5lFvZh6pCTJzr9UStebyCF
3/7/2022 8:03:50 PM: 200 with id 33HoY8XphZrNkhUr8cNfTV
3/7/2022 8:03:50 PM: 200 with id 106wKTd4duv3VjKzl4dTxo
3/7/2022 8:03:50 PM: 200 with id 2wu3EA8IvohnL7Ik88Usl9
3/7/2022 8:03:50 PM: 200 with id 51O6B2AspQrzWSpCMy9wMz
3/7/2022 8:03:50 PM: 200 with id 6L5AbHVHyY9PtVkGPMV8qq
3/7/2022 8:03:50 PM: 200 with id 6cideQBTEM8b6pQ40OHQ2P
3/7/2022 8:03:50 PM: 200 with id 7eMXWxMOHtAoliVQfVpdpl
3/7/2022 8:03:50 PM: 200 with id 7zcs8suJrmuB0mO3LehxLO
3/7/2022 8:03:50 PM: 200 with id 1FctkrDoqKkA4dyhCrm6NS
3/7/2022 8:03:50 PM: 200 with id 5ge6i2NdRMK8XM8Lb9eUDe
3/7/2022 8:03:50 PM: 200 with id 0xUqFH2GDi0oZ7fwIBAkLQ
3/7/2022 8:03:50 PM: 200 with id 4JF0qJ1Hw2WO8jIhLGjtqL
3/7/2022 8:03:50 PM: 200 with id 0pUursvGUAgcDiEqYlnZ0q
3/7/2022 8:03:50 PM: 200 with id 5LbfmeWh5cvLpR1Nfvdch5
3/7/2022 8:03:50 PM: 200 with id 4S4V5dt3PWagKKUt2qD7yb
3/7/2022 8:03:51 PM: 200 with id 6klPy3KH94zAXvJ5pCd2Nu
3/7/2022 8:03:51 PM: 200 with id 4NwG11AsDJluT732lSjMrV
3/7/2022 8:03:51 PM: 200 with id 6MDoqpC29hTr48aHe3Pw7n
3/7/2022 8:03:51 PM: 200 with id 25Xlt2Wc7EvhYv0MzRoPdy
3/7/2022 8:03:51 PM: 200 with id 0iB7cMguWS4caKxufTEG2I
3/7/2022 8:03:51 PM: 200 with id 2cAFLatSCTT698ZTtEa90U
3/7/2022 8:03:51 PM: 200 with id 4XzcaJB7BSyZ1CNqWpRtRE
3/7/2022 8:03:51 PM: 200 with id 3R08nheJrat1bBUK8ev6Sg
3/7/2022 8:03:51 PM: 200 with id 4V95fty2dd1ig3a1JzmjYf
3/7/2022 8:03:51 PM: 200 with id 5658aM19fA3JVwTK6eQX70
3/7/2022 8:03:51 PM: 200 with id 1j4eaaKBHBV6msIWyy4a3W
3/7/2022 8:03:51 PM: 200 with id 4RwaHr4OuqNDN3jTmZCnnu
3/7/2022 8:03:51 PM: 200 with id 22cFcAQkydpTzeSKQZEKv0
3/7/2022 8:03:51 PM: 200 with id 2wiPF3m0ylst0JSk1IvZL8
3/7/2022 8:03:51 PM: 200 with id 5yhcHgchenU7HC1E8fhzbM
3/7/2022 8:03:51 PM: 200 with id 5Uv5LmSKTT9okGkr3l9MjR
3/7/2022 8:03:51 PM: 200 with id 3tXNwhv4GZQDHCOb4p5kcS
3/7/2022 8:03:51 PM: 200 with id 2DZcxYmuJYcuTypU0A6y0F
3/7/2022 8:03:51 PM: 200 with id 3NVqlZlYMlFCbBMuZvxyor
3/7/2022 8:03:51 PM: 200 with id 41UHZcuebNJobK1q0WLHQN
3/7/2022 8:03:51 PM: 200 with id 3XPV75rmAKWAeVJtXuERzz
3/7/2022 8:03:51 PM: 200 with id 2ePgm9LMao9MIx7VWmHQoA
3/7/2022 8:03:51 PM: 200 with id 2WXQrFpRtf1FVSS70D5TVT
3/7/2022 8:03:51 PM: 200 with id 3bDHZxGb4pbO2HCQNlKmum
3/7/2022 8:03:51 PM: 200 with id 0PRvm4tTSpxANgHnKN5yds
3/7/2022 8:03:51 PM: 200 with id 2vGU0DOcfsDee0euvhl1iZ
3/7/2022 8:03:51 PM: 200 with id 1kpZUS7tLWK0hMWNCKP9La
3/7/2022 8:03:51 PM: 200 with id 4BqsBWrnGJQHSgmA9xk5rh
3/7/2022 8:03:51 PM: 200 with id 76FXHQhTuT4QMIxfL09gX8
3/7/2022 8:03:51 PM: 200 with id 2w1YJXWMIco6EBf0CovvVN
3/7/2022 8:03:51 PM: 200 with id 7q9a63WwEaVjG7lquvute6
3/7/2022 8:03:51 PM: 200 with id 7Kmmw7Z5D2UD5MVwdm10sT
3/7/2022 8:03:51 PM: 200 with id 2JmfwvRDitJlTUoLCkp61z
3/7/2022 8:03:51 PM: 200 with id 05uqcnORTiDNi7AxDIwwxV
3/7/2022 8:03:51 PM: 200 with id 2TC4mJcfJACLFZ5yb313ES
3/7/2022 8:03:51 PM: 200 with id 2jLZDggadHysg5q7rZeoeJ
3/7/2022 8:03:51 PM: 200 with id 7uz12MVJH6pVlPW4q3qMAR
3/7/2022 8:03:51 PM: 200 with id 21rCymkjqfD8yeyeoPbJMS
3/7/2022 8:03:51 PM: 200 with id 1mMiNH5paCWPg5RGo62jll
3/7/2022 8:03:51 PM: 200 with id 79EPGP6VA65fDFs4fgFpel
3/7/2022 8:03:51 PM: 200 with id 2OAr7CKU64w3VzHkSsdC46
3/7/2022 8:03:52 PM: 200 with id 1PJgLGzQ8L9YG0PiHoOD94
3/7/2022 8:03:52 PM: 200 with id 4Dx1H8qhJ2hFkChgfZuqQV
3/7/2022 8:03:52 PM: 200 with id 6ts9DsFiEy3H9yIYiggLdq
3/7/2022 8:03:52 PM: 200 with id 0RyCpIKlCV0kgEuzrmp73O
3/7/2022 8:03:52 PM: 200 with id 67TAofRwVKUzoRr5JyFn8J
3/7/2022 8:03:52 PM: 200 with id 1HKNlpKfSTZkALqVuR2BYC
3/7/2022 8:03:52 PM: 200 with id 5fxvWHvIDPIALfTfRiwyB0
3/7/2022 8:03:52 PM: 200 with id 36IxIOGEBAXVozDSiVs09B
3/7/2022 8:03:52 PM: 200 with id 0GFJShVweO2s6VSHmCfJUU
3/7/2022 8:03:52 PM: 200 with id 3SzqS1H5dj8f450YhV9YbP
3/7/2022 8:03:52 PM: 200 with id 2qkXDG9SemZ3qc43bNpVtr
3/7/2022 8:03:52 PM: 200 with id 2RgLZn9d5JPBTC4dinpLio
3/7/2022 8:03:52 PM: 200 with id 6S9YaGXnmRe8tWJ0e457HP
3/7/2022 8:03:52 PM: 200 with id 6U5j597olXfdjtd6wHd3Cu
3/7/2022 8:03:52 PM: 200 with id 1FI1ZkwL8TuI28aa9cUAMV
3/7/2022 8:03:52 PM: 200 with id 3BLIfiiKINZt4MJ1uDK2wa
3/7/2022 8:03:52 PM: 200 with id 4pnC0csjiPwmrt3Z21tKc3
3/7/2022 8:03:52 PM: 200 with id 7siL1GUH3NgfDoCuo6bAYD
3/7/2022 8:03:52 PM: 200 with id 712VoD72K500yLhhgqCyVe
3/7/2022 8:03:52 PM: 200 with id 2Bo9dmgi22zpLiswxilkoZ
3/7/2022 8:03:52 PM: 200 with id 59ZxtwIOD1wowkNvVHXqtP
3/7/2022 8:03:52 PM: 200 with id 6p6Wab5m1yqyp4NzRevTft
3/7/2022 8:03:52 PM: 200 with id 0f5EeQVAEYIfZ8f9ATHxkQ
3/7/2022 8:03:52 PM: 200 with id 75VBhs01F87XowiBVBCl65
3/7/2022 8:03:52 PM: 200 with id 0WqVpr3waP7ajONlqa8Fwj
3/7/2022 8:03:52 PM: 200 with id 5hsobSGty9FIGCmEwb3yAz
3/7/2022 8:03:52 PM: 200 with id 4YW8huyK8igJHvCJFLjuYT
3/7/2022 8:03:52 PM: 200 with id 6Vfwrn2z5cSEWJPyFxPyPi
3/7/2022 8:03:52 PM: 200 with id 65BL1WmHblGCNmhzfgYEyD
3/7/2022 8:03:52 PM: 200 with id 5piAFKUTnM6sZGKHnapZev
3/7/2022 8:03:52 PM: 200 with id 4o8ZyBzwPxPVc2bqNG5Xfe
3/7/2022 8:03:52 PM: 200 with id 5862sv1e8KmfciXDFtPQUA
3/7/2022 8:03:52 PM: 200 with id 4neocSMt40stXKK2B8Sy2G
3/7/2022 8:03:52 PM: 200 with id 6frjpRu2P0fdF9xSS9stjY
3/7/2022 8:03:52 PM: 200 with id 2XCxWoX7mg3BVJO78pNJSe
3/7/2022 8:03:52 PM: 200 with id 3qpAHoOLWeXRNTaGzeYf13
3/7/2022 8:03:52 PM: 200 with id 792SNee67NvAFZbsip969c
3/7/2022 8:03:53 PM: 200 with id 6vdLdzihSWxV8FgWU2GSvA
3/7/2022 8:03:53 PM: 200 with id 0jZFu2tihRJ65iYAo0oOtP
3/7/2022 8:03:53 PM: 200 with id 3b4nEIPEUNqs5vDiwLcYmD
3/7/2022 8:03:53 PM: 200 with id 16F7X7WOFZhMwQNsMil7lq
3/7/2022 8:03:53 PM: 200 with id 0FewDfirmgVSTd4RwiC9oX
3/7/2022 8:03:53 PM: 200 with id 6uVaLj0YV3mWRFUw4xJ6eR
3/7/2022 8:03:53 PM: 200 with id 6pJmik7KjCRidOZwEqYWuy
3/7/2022 8:03:53 PM: 200 with id 3g9m0eblVHbLZWGPl58GvX
3/7/2022 8:03:53 PM: 200 with id 2zbtzCBhdg8Z2FC2erWqZK
3/7/2022 8:03:53 PM: 200 with id 19lEZSnCCbVEkKchoPQWDZ
3/7/2022 8:03:53 PM: 200 with id 7DY6v8qiyQcsTCqUWjH7pS
3/7/2022 8:03:53 PM: 200 with id 31qVWUdRrlb8thMvts0yYL
3/7/2022 8:03:53 PM: 200 with id 7kl5L5YALHVGC2rW14bWm5
3/7/2022 8:03:53 PM: 200 with id 428LH6915zt40hcpocan3d
3/7/2022 8:03:53 PM: 200 with id 6cvdkUIC4IdBypl9L5Ae74
3/7/2022 8:03:53 PM: 200 with id 29Lv46gmdxwPpFRGHPCSJO
3/7/2022 8:03:53 PM: 200 with id 57FuJgDfb1uwFgQzxw2tCR
3/7/2022 8:03:53 PM: 200 with id 0HNwkSSzXvc50qL1sM99oJ
3/7/2022 8:03:53 PM: 200 with id 6jKZplJpy21R5lHaYHHjmZ
3/7/2022 8:03:53 PM: 200 with id 0cqnZacz49P3vjP6bq3cdj
3/7/2022 8:03:53 PM: 200 with id 7gALIuQHKvpZR8EtbNZ7qK
3/7/2022 8:03:53 PM: 200 with id 6WT8w7LYG9ua7xsfMJorp4
3/7/2022 8:03:53 PM: 200 with id 26VZROX9Jo2WN36ijzb5SI
3/7/2022 8:03:53 PM: 200 with id 6xJC9AbMpm4ebrTWz6Fd5S
3/7/2022 8:03:53 PM: 200 with id 7nZAbkB7EY3Tx6N3Do5OZx
3/7/2022 8:03:53 PM: 200 with id 0Swy72ImsSyOmjls4pFFCf
3/7/2022 8:03:53 PM: 200 with id 0ctfduE1sLhqIjbcFokWvv
3/7/2022 8:03:53 PM: 200 with id 1gmcFLnYTY4jqXeSiYFBb8
3/7/2022 8:03:53 PM: 200 with id 5PKYeoSKEVQd7ZTnwnWRn7
3/7/2022 8:03:53 PM: 200 with id 2F90unPwyFwCT7khOMGT2o
3/7/2022 8:03:53 PM: 200 with id 5VmuKllk6Kl8IWyXRLTNOo
3/7/2022 8:03:53 PM: 200 with id 5rlB2HPoNHg2m1wmmh0TRv
3/7/2022 8:03:53 PM: 200 with id 1fLCJYEq0kv87PSPdCB0dC
3/7/2022 8:03:53 PM: 200 with id 1MTvtQtk1V2gqCNxnu5cNA
3/7/2022 8:03:53 PM: 200 with id 0S5nxDIEprOH23QeDoMeFK
3/7/2022 8:03:53 PM: 200 with id 1ffVrnHH8i2POp5M7AzEDi
3/7/2022 8:03:53 PM: 200 with id 5re0JllfRjYc5uODyns3JE
3/7/2022 8:03:54 PM: 200 with id 2jUEXh8KXATTGxJHwoeQsP
3/7/2022 8:03:54 PM: 200 with id 5zEFCJy9kAyD8rMbBESdYh
3/7/2022 8:03:54 PM: 200 with id 3DCw67sHWe5EH9vwZeOUqt
3/7/2022 8:03:54 PM: 200 with id 5Z8W1u3XfVt5Qep5gI5raN
3/7/2022 8:03:54 PM: 200 with id 7EAxxr16PN82rmH6kvyV48
3/7/2022 8:03:54 PM: 200 with id 0oFBaXLFsUVa2gEmJf4FcJ
3/7/2022 8:03:54 PM: 200 with id 0MWrKayUshRuT8maG4ZAOU
3/7/2022 8:03:54 PM: 200 with id 6lofAwveYQnJ9YdwczptqW
3/7/2022 8:03:54 PM: 200 with id 1vPy7x9tSLmmBxvG1E1wsu
3/7/2022 8:03:54 PM: 200 with id 19MVMst4XtFfzLy0z2aKUF
3/7/2022 8:03:54 PM: 200 with id 2uD1xdlRb32dgMbM69wKel
3/7/2022 8:03:54 PM: 200 with id 7A8jjPIYtiY0ZXhzmd9Oms
3/7/2022 8:03:54 PM: 200 with id 2GCLOzEBbVYcFCCHbh7pCu
3/7/2022 8:03:54 PM: 200 with id 2j4HMwKiAJmsjP3e05CMfM
3/7/2022 8:03:54 PM: 200 with id 3NkelzSfQzROagWVnseU5C
3/7/2022 8:03:54 PM: 200 with id 0ECtH4m6CxepjvNgPJDpGK
3/7/2022 8:03:54 PM: 200 with id 1ePkYcH5ZQCb1b4tQeiEDj
3/7/2022 8:03:54 PM: 200 with id 1CIUO7SftEAYrEmSCSrOG1
3/7/2022 8:03:54 PM: 200 with id 5yqMA7IvahYJc53ewRAMnP
3/7/2022 8:03:54 PM: 200 with id 1V5vQRMWTNGmqwxY8jMVou
3/7/2022 8:03:54 PM: 200 with id 329GKhK03PzYbbhaWg9K70
3/7/2022 8:03:54 PM: 200 with id 1M3HEIXVHAQzefdG1HdvyJ
3/7/2022 8:03:54 PM: 200 with id 1joyjctBPCXfUPy6cwQyUL
3/7/2022 8:03:54 PM: 200 with id 65CquQgUA42ecr7n6bGtOI
3/7/2022 8:03:54 PM: 200 with id 48QFEuHHuZU7GUcQxE7z8U
3/7/2022 8:03:54 PM: 200 with id 1yjNXyVwjUXEgRpU0iqyqq
3/7/2022 8:03:54 PM: 200 with id 3oFEUoJSqKrOgDKE3kHfwP
3/7/2022 8:03:54 PM: 200 with id 3TVNw5Xt1czL5ZnQ9A5kzM
3/7/2022 8:03:54 PM: 200 with id 49tQPxVOXs6kdrpxuKhu91
3/7/2022 8:03:54 PM: 200 with id 3FmQD2yYlBfTuiftxbWtnb
3/7/2022 8:03:54 PM: 200 with id 6GKpINyYmLRPjGnpzo8LIS
3/7/2022 8:03:54 PM: 200 with id 41l2qMSfmK9CgcuacL2CfC
3/7/2022 8:03:54 PM: 200 with id 5ScPukrNF9Omj4gJBZ0YbV
3/7/2022 8:03:54 PM: 200 with id 4G2rJNhsKOE6iHgtUqZ0Ye
3/7/2022 8:03:54 PM: 200 with id 2QLFaZXoanJuVRcMrohIwn
3/7/2022 8:03:54 PM: 200 with id 0izhrQQ2IKmo3k02mN91zA
3/7/2022 8:03:54 PM: 200 with id 670h50t8E3LwP2bGqxGi6E
3/7/2022 8:03:54 PM: 200 with id 1ZDPe7QlFtKG0nSjHSKaSE
3/7/2022 8:03:54 PM: 200 with id 1bMcp0e7fM52qsEMwP11Vx
3/7/2022 8:03:54 PM: 200 with id 3sueFjrg3Vc2uVeojaWaHs
3/7/2022 8:03:54 PM: 200 with id 3q1pnN1Xdk2XoilUdgIpQw
3/7/2022 8:03:54 PM: 200 with id 2tve5DGwub1TtbX1khPX5j
3/7/2022 8:03:54 PM: 200 with id 46V4ARN9jk4vpZ7nMFcig6
3/7/2022 8:04:04 PM: 200 with id 62YkmeSOGiKC8hVccfwtIT
3/7/2022 8:04:04 PM: 200 with id 79dL7FLiJFOO0EoehUHQBv
3/7/2022 8:04:04 PM: 200 with id 3fFAsEBYDHC89w3Unkk9fY
3/7/2022 8:04:04 PM: 200 with id 4XM0pcCowAxT4q4gGZY8mU
3/7/2022 8:04:04 PM: 200 with id 44jkgfcuBri1LuAsdLRlbt
3/7/2022 8:04:04 PM: 200 with id 4hhV2aiXR1vI7VGMFGqrfe
3/7/2022 8:04:04 PM: 200 with id 0z7pVBGOD7HCIB7S8eLkLI
3/7/2022 8:04:04 PM: 200 with id 0u3x6X6FRE23fJEhPJoo6Q
3/7/2022 8:04:04 PM: 200 with id 1TNmT9J2l9vVh0AV72AaQj
3/7/2022 8:04:04 PM: 200 with id 2ZL5h4hTZAaY3JrpyRYARM
3/7/2022 8:04:04 PM: 200 with id 1yFItZkb7DBAkQ5RB8OJv9
3/7/2022 8:04:04 PM: 200 with id 5PQPur1PEZFDkI0AXbxFlB
3/7/2022 8:04:04 PM: 200 with id 1pOR2tIMQZ30GNCVz4TkFp
3/7/2022 8:04:04 PM: 200 with id 3dDsaVBNdpcLgphHNdHnO3
3/7/2022 8:04:04 PM: 200 with id 5zUndTRjHpsB5UTsPp5MeM
3/7/2022 8:04:04 PM: 200 with id 5ax3GTsfX5uCUaNgnJsSG5
3/7/2022 8:04:04 PM: 200 with id 1gAsQ5aHvDtQQNLbN1g3oV
3/7/2022 8:04:04 PM: 200 with id 4Dgxy95K9BWkDUvQPTaYBb
3/7/2022 8:04:04 PM: 200 with id 5vfUKFja5yx8a3TlrxjsjW
3/7/2022 8:04:04 PM: 200 with id 7b0VncFO0NxyndB5MMa9mo
3/7/2022 8:04:04 PM: 200 with id 0IknFOJldq3e8NUXKrYrIO
3/7/2022 8:04:04 PM: 200 with id 2J16MAt5C5hc2kXginrnaj
3/7/2022 8:04:04 PM: 200 with id 57o8ROknLhGAxhiLKTOwSt
3/7/2022 8:04:04 PM: 200 with id 4yRoLvuzNxFDdodNNrZAEM
3/7/2022 8:04:04 PM: 200 with id 14Fdyi1ssPVe6eXxwFgrfr
3/7/2022 8:04:04 PM: 200 with id 1QBmcgehPFP202392Z024l
3/7/2022 8:04:04 PM: 200 with id 2de6LD7eOW8zrlorbS28na
3/7/2022 8:04:04 PM: 200 with id 7a2dmAy38GmlaKpQLgdRpU
3/7/2022 8:04:04 PM: 200 with id 3WNxdumkSMGMJRhEgK80qx
3/7/2022 8:04:04 PM: 200 with id 5HBwLKK7l3N8fovxDlTBpE
3/7/2022 8:04:04 PM: 200 with id 28DUZ0itKISf2sr6hlseMy
3/7/2022 8:04:04 PM: 200 with id 3hZTnhf8nDaFuCesjGvyQ3
3/7/2022 8:04:04 PM: 200 with id 7BV29ZA45jWvqMY9CuRNvl
3/7/2022 8:04:04 PM: 200 with id 5PmgtkodFl2Om3hMXONDll
3/7/2022 8:04:04 PM: 200 with id 18dfi4DJVbsQV5r6oxVu1g
3/7/2022 8:04:04 PM: 200 with id 1HYorOzh8yVdEsprLTnlyE
3/7/2022 8:04:04 PM: 200 with id 0IYjMBLA9PgtXyRPlLmTDE
3/7/2022 8:04:04 PM: 200 with id 3PQQXqRozROVS6q2Db5vvY
3/7/2022 8:04:04 PM: 200 with id 4pVyVjp3kf5O9FsCDid2Qy
3/7/2022 8:04:04 PM: 200 with id 1MjXsi8NTPsYXwjhcbdolj
3/7/2022 8:04:04 PM: 200 with id 1Xsprdt1q9rOzTic7b9zYM
3/7/2022 8:04:04 PM: 200 with id 72iAwt0JTYutgyO8cDsSj6
3/7/2022 8:04:04 PM: 200 with id 1mMHPfVHjWOZU0uIN1926b
3/7/2022 8:04:04 PM: 200 with id 3F5VmDv3oeerueNteT7JFc
3/7/2022 8:04:05 PM: 200 with id 72VDoyNGePOgOKSH7eTFuS
3/7/2022 8:04:05 PM: 200 with id 3MdiH74FL8mhlbnR6DcqJd
3/7/2022 8:04:05 PM: 200 with id 44RrnCW7pMIEiiAR3LIAVL
3/7/2022 8:04:05 PM: 200 with id 2akb547l1kwTss6MNU3JyG
3/7/2022 8:04:05 PM: 200 with id 7a5U0GPoAvT3gvEY66FRuN
3/7/2022 8:04:05 PM: 200 with id 4I5zzKYd2SKDgZ9DRf5LVk
3/7/2022 8:04:05 PM: 200 with id 1hC2L9ZBeCSUsh6w3xzqN7
3/7/2022 8:04:05 PM: 200 with id 2AL0jknRfCLnaEorY1M4Sa
3/7/2022 8:04:05 PM: 200 with id 34ORSj2qrkkwUUwQJMcV1d
3/7/2022 8:04:05 PM: 200 with id 6x7S6u9Cx2S0JD48nPsavE
3/7/2022 8:04:05 PM: 200 with id 0OWIVcNE4aItrlRvMUVueO
3/7/2022 8:04:05 PM: 200 with id 23nJ7gZDubv8GuPeuukHuu
3/7/2022 8:04:05 PM: 200 with id 4Qk0GRWSaErdxCk5jXXtlx
3/7/2022 8:04:05 PM: 200 with id 1QRIX6BuSGegYwiAZOv4R5
3/7/2022 8:04:05 PM: 200 with id 4OloUHZpVVLawhX0DpBSrW
3/7/2022 8:04:05 PM: 200 with id 1vKvFfZLW35BLtMxM1ypwR
3/7/2022 8:04:05 PM: 200 with id 5IQviZiPOcXLBAd9eGo2sA
3/7/2022 8:04:05 PM: 200 with id 6hU9JCoqq4GjYq86dQ1o9b
3/7/2022 8:04:05 PM: 200 with id 5gsTckUr9I4z7uFHMheffb
3/7/2022 8:04:05 PM: 200 with id 0DoQ5hLkCA5qXM85cntEpu
3/7/2022 8:04:05 PM: 200 with id 4sFrwcBUX6ml3Y5Kw03FiE
3/7/2022 8:04:05 PM: 200 with id 3vLaOYCNCzngDf8QdBg2V1
3/7/2022 8:04:05 PM: 200 with id 3C2MFZ2iHotUQOSBzdSvM7
3/7/2022 8:04:05 PM: 200 with id 1WNwlBvoohUFZcJt3uLrd4
3/7/2022 8:04:05 PM: 200 with id 6wFQwkeJRlLi4wP5doOGlh
3/7/2022 8:04:05 PM: 200 with id 4UOYnfbuUngovx8uFq79qT
3/7/2022 8:04:05 PM: 200 with id 7tPQLOpoHALuSuHcDFUgB8
3/7/2022 8:04:05 PM: 200 with id 3PEIsRKWPx5w1RSoOnrOoh
3/7/2022 8:04:05 PM: 200 with id 6pHuh1UxL2SDBjsd6MxfCr
3/7/2022 8:04:05 PM: 200 with id 1buYITtet3OnwtThxeV51Q
3/7/2022 8:04:05 PM: 200 with id 7m7F7SQ3BXvIpvOgjW51Gp
3/7/2022 8:04:05 PM: 200 with id 4BI0o8MQXotNlNIzQl5fGC
3/7/2022 8:04:05 PM: 200 with id 1DNSmmRLfv97Yjq7MTFWng
3/7/2022 8:04:05 PM: 200 with id 45knWsAQP7LZtEv22lUnBt
3/7/2022 8:04:05 PM: 200 with id 3ZJiY47Gal46S0QEgC1EEI
3/7/2022 8:04:05 PM: 200 with id 1PuH88Md0tzB8UrnBfboJA
3/7/2022 8:04:05 PM: 200 with id 3dvWmszAgSI2zmcv5PsV0N
3/7/2022 8:04:05 PM: 200 with id 0Tg76MY2wNK4j37iCb6qyH
3/7/2022 8:04:05 PM: 200 with id 0vTbvnBUBLdZgTJsrwexdf
3/7/2022 8:04:05 PM: 200 with id 1D8kRZizbtcWJWQ1LSygvE
3/7/2022 8:04:05 PM: 200 with id 2JM5jDuSkkjpjJn4Dxymew
3/7/2022 8:04:05 PM: 200 with id 71RpycGUFqkZGDhD2lwRZO
3/7/2022 8:04:05 PM: 200 with id 4mULDK6YXrFXTfSwvwm4M3
3/7/2022 8:04:05 PM: 200 with id 0zcNtUZ2oEpRmiDuWBFvcX
3/7/2022 8:04:05 PM: 200 with id 3cYnSSnBe1akJwxv64PHOg
3/7/2022 8:04:05 PM: 200 with id 7jyBbVcnqfV8vtmyyPJarL
3/7/2022 8:04:05 PM: 200 with id 6BY3nmtdswbEtaXPx46tmc
3/7/2022 8:04:05 PM: 200 with id 0ta5VdkJcpdVnNrn7g4cZe
3/7/2022 8:04:06 PM: 200 with id 63mrlnJgtofj8Ur7Q7Xh9P
3/7/2022 8:04:06 PM: 200 with id 6WivmTXugLZLmAWnZhlz7g
3/7/2022 8:04:06 PM: 200 with id 4QcNaJyKfOQr7RhahLJn3D
3/7/2022 8:04:06 PM: 200 with id 1h9D11WptP6jCJUAtrT0L1
3/7/2022 8:04:06 PM: 200 with id 5mojJwWgWNJcY3odUGgQc3
3/7/2022 8:04:06 PM: 200 with id 0VgD1Cga3ynlgYavhnysiv
3/7/2022 8:04:06 PM: 200 with id 5Eevxp2BCbWq25ZdiXRwYd
3/7/2022 8:04:06 PM: 200 with id 3yHOaiXecTJVUdn7mApZ48
3/7/2022 8:04:06 PM: 200 with id 55f8HG5qMzgexZhZdOLs3h
3/7/2022 8:04:06 PM: 200 with id 3XB2yloP7l00tEUmaODtVi
3/7/2022 8:04:06 PM: 200 with id 4x3Rld7KvaO5HH8dJN8eDU
3/7/2022 8:04:06 PM: 200 with id 3AkEn0RRwhlvstjwaUyQXR
3/7/2022 8:04:06 PM: 200 with id 7Bxr8SwNbQzX3q4uzVKgbk
3/7/2022 8:04:06 PM: 200 with id 3PPtqvXv7vQMe6pgChUYsy
3/7/2022 8:04:06 PM: 200 with id 4ZxNekqkeVlCYcNdD0mnD7
3/7/2022 8:04:06 PM: 200 with id 57l96UAKfUnYYNsRt39zlI
3/7/2022 8:04:06 PM: 200 with id 6CjvjtftFwRBvtUgs76cBa
3/7/2022 8:04:06 PM: 200 with id 3t8EdBx8BKpaHv3FMGgM3C
3/7/2022 8:04:06 PM: 200 with id 4yf4bD1iM96hBH6aIc6SaF
3/7/2022 8:04:06 PM: 200 with id 51swWg5ktkZ01dwmd1yWZX
3/7/2022 8:04:06 PM: 200 with id 5n52kyQKeUZs5ObZJejLQd
3/7/2022 8:04:06 PM: 200 with id 1gC1DUPevviDhQ7hnmTZ89
3/7/2022 8:04:06 PM: 200 with id 5vBZRYu2GLA65nfxBvG1a7
3/7/2022 8:04:06 PM: 200 with id 06we4RiGhODMsbAPWmogy2
3/7/2022 8:04:06 PM: 200 with id 39vNHJ3nDr6oO9mWLrRpsI
3/7/2022 8:04:06 PM: 200 with id 5tkakwKpI1h0YVaRDvg4kd
3/7/2022 8:04:06 PM: 200 with id 7CGl2YbFvAuYfQBgL3obas
3/7/2022 8:04:06 PM: 200 with id 524MIbuattv09j7FW5NVu2
3/7/2022 8:04:06 PM: 200 with id 7o2yMBFo3Kis2tfSeZD0rH
3/7/2022 8:04:06 PM: 200 with id 62xNPDMLKRZZVXzkft52BT
3/7/2022 8:04:06 PM: 200 with id 6CsgMETT9H9NzcQSMD4Dfq
3/7/2022 8:04:06 PM: 200 with id 6uitRl1P04zFg325MmqOlw
3/7/2022 8:04:06 PM: 200 with id 52fzvqGSm991mT6pBgAS6g
3/7/2022 8:04:06 PM: 200 with id 6MWxf2fdrez4Xss2YwMGsH
3/7/2022 8:04:06 PM: 200 with id 58mGKv5lX9zh0pGthVsBBu
3/7/2022 8:04:06 PM: 200 with id 6KT8x5oqZJl9CcnM66hddo
3/7/2022 8:04:06 PM: 200 with id 6xS6mQz1fQZ6eZE654J15I
3/7/2022 8:04:06 PM: 200 with id 4KU0DROuCgQhGABoWvuH6E
3/7/2022 8:04:06 PM: 200 with id 74xyQczqTw73smMtY0FHVE
3/7/2022 8:04:06 PM: 200 with id 6DyX9shzgRTrVZmTq70JNU
3/7/2022 8:04:06 PM: 200 with id 4AabKAlId6VRQkZqdWDFYn
3/7/2022 8:04:06 PM: 200 with id 4qipITtIcbi4cPKvdCsPy4
3/7/2022 8:04:06 PM: 200 with id 5y6wlw1LnqFnQFruMeiwGU
3/7/2022 8:04:06 PM: 200 with id 4WvKA2Da1YSVLyrW6aTNaK
3/7/2022 8:04:06 PM: 200 with id 36O80DdzP2pUvkPuKqmJ6H
3/7/2022 8:04:06 PM: 200 with id 5nygx26FcoDjDwQt84wmJB
3/7/2022 8:04:07 PM: 200 with id 10xzW5XNPaJoCBKAIdjZYb
3/7/2022 8:04:07 PM: 200 with id 31Q7DQ751hbCO98r1ODhGt
3/7/2022 8:04:07 PM: 200 with id 6GaqU0TlYBKHUiSJ0AT9A2
3/7/2022 8:04:07 PM: 200 with id 4hhvgHjPqUOAYkclDkhL2T
3/7/2022 8:04:07 PM: 200 with id 6b5iXFsc488so2TO4kUHfr
3/7/2022 8:04:07 PM: 200 with id 3FFosIE1A9HGRrinKTcBQ3
3/7/2022 8:04:07 PM: 200 with id 3NilbhDibqZHQS5tGESuMx
3/7/2022 8:04:07 PM: 200 with id 0V7reyIZlLGrhgC4Jdv7wp
3/7/2022 8:04:07 PM: 200 with id 4UoCJkoqgUmaWMiWifq4vp
3/7/2022 8:04:07 PM: 200 with id 3pDG0vQ5LfL2BQZJJtkbg8
3/7/2022 8:04:07 PM: 200 with id 3xEjsgILOc68PTOyAa0flR
3/7/2022 8:04:07 PM: 200 with id 3cVdgLiHKt2n02pVix6lZY
3/7/2022 8:04:07 PM: 200 with id 3QzXOFN7Wh4WgilnraBYAU
3/7/2022 8:04:07 PM: 200 with id 5wfikaEZXnQTXWBZ5osw9A
3/7/2022 8:04:07 PM: 200 with id 3Fjl0SRpxGPdXDUMPfO8u2
3/7/2022 8:04:07 PM: 200 with id 0AaYIwH5G6w82B8iKOWCCb
3/7/2022 8:04:07 PM: 200 with id 2Qxc2NJ7yPKVFRWi3llRr2
3/7/2022 8:04:07 PM: 200 with id 7qRKpkP0jSOlBMLYZhAMCh
3/7/2022 8:04:07 PM: 200 with id 0l4XFGgOoaDEdXoB62Hppw
3/7/2022 8:04:07 PM: 200 with id 2FUsvD1bw53HGOjAg56vRD
3/7/2022 8:04:07 PM: 200 with id 081klksuaEwHIzuHGCks5p
3/7/2022 8:04:07 PM: 200 with id 5KMP6XLSrhsswEuN2A9VO2
3/7/2022 8:04:07 PM: 200 with id 570tDDsJUBimO3v70LJWFw
3/7/2022 8:04:07 PM: 200 with id 0hScYb2Twvd2sRfI3d573Q
3/7/2022 8:04:07 PM: 200 with id 63gO4K2x4xOmJvn8bWnk3S
3/7/2022 8:04:07 PM: 200 with id 0m8wvW3WNm9D7J0KUlbf3h
3/7/2022 8:04:07 PM: 200 with id 6GXIGoirm6W8EnwYytVj1j
3/7/2022 8:04:07 PM: 200 with id 0Zp2eVzR9FW6lKX05lRpcu
3/7/2022 8:04:07 PM: 200 with id 0D89PelnUR4nfJttKuvdIx
3/7/2022 8:04:07 PM: 200 with id 0945ufesN7ThZ5xSscYBTs
3/7/2022 8:04:07 PM: 200 with id 3jgHbcvVs1iyvjYTLzXikO
3/7/2022 8:04:07 PM: 200 with id 59O7CFxLYBBKYtrO61LyqF
3/7/2022 8:04:07 PM: 200 with id 1F1WnNVOh8fVzeDl8xBeJc
3/7/2022 8:04:07 PM: 200 with id 5eA0qtE7Yu29XiMlwoby2G
3/7/2022 8:04:07 PM: 200 with id 5uOz2zcMuMT8FecNBR0CKh
3/7/2022 8:04:07 PM: 200 with id 33gyhGObYDetHFSZFwCIwN
3/7/2022 8:04:07 PM: 200 with id 3pwCQhmup3Hc6XOSWTnH8a
3/7/2022 8:04:07 PM: 200 with id 0BMtDwhe0M3emD4nHqyoXg
3/7/2022 8:04:07 PM: 200 with id 3eFdA2IbkslfgcTAIR4HvR
3/7/2022 8:04:07 PM: 200 with id 4rInUMkov8kOrilzu5nTY3
3/7/2022 8:04:07 PM: 200 with id 29N9nfcvov8KfyF2X8Mj6P
3/7/2022 8:04:07 PM: 200 with id 0Lv1iJm33h876fkf7FSa5W
3/7/2022 8:04:07 PM: 200 with id 0Obu2vGpwwsdLo9UIDPyQL
3/7/2022 8:04:07 PM: 200 with id 4pg51OJaG6MGlpRFxWWLpr
3/7/2022 8:04:07 PM: 200 with id 3BqersmEd5ZlECL59Ksegp
3/7/2022 8:04:08 PM: 200 with id 0u6btZI3GPFtYX8T4DDW8O
3/7/2022 8:04:08 PM: 200 with id 5x2sDapUIdq0qk1ezff3gm
3/7/2022 8:04:08 PM: 200 with id 6kf46HbnYCZzP6rjvQHYzg
3/7/2022 8:04:08 PM: 200 with id 25o1u6zcmIp31q6CPwOaTe
3/7/2022 8:04:08 PM: 200 with id 3txW6okNCuNUMQ50pVTHSh
3/7/2022 8:04:08 PM: 200 with id 5am18BIdjp6lOvt9KjKbSd
3/7/2022 8:04:08 PM: 200 with id 25iitzpEYGoW3AxyWL6Zb8
3/7/2022 8:04:08 PM: 200 with id 5IX0jXUhnaOyc7uqJi5DCT
3/7/2022 8:04:08 PM: 200 with id 7IYqppCBhR5z9z8JqgXuxi
3/7/2022 8:04:08 PM: 200 with id 5g8gop9VnKLxoXePOoVVAF
3/7/2022 8:04:08 PM: 200 with id 550Gi5OP9gePivvonqzu4f
3/7/2022 8:04:08 PM: 200 with id 1s6codM2ZAB008t9GTyaEk
3/7/2022 8:04:08 PM: 200 with id 0NxA1D1taWpPdIc6uIlAi9
3/7/2022 8:04:08 PM: 200 with id 4XHIjbhjRmqWlosjj5rqSI
3/7/2022 8:04:08 PM: 200 with id 0N2uU96Vsuy7KJZY6T8plb
3/7/2022 8:04:08 PM: 200 with id 6ObNVnYp53VJNtIcdo03WJ
3/7/2022 8:04:08 PM: 200 with id 5dIRkoEPTKQLnVUJDzaE2F
3/7/2022 8:04:08 PM: 200 with id 5ak2EpjeyFEPraA5wHnEus
3/7/2022 8:04:08 PM: 200 with id 5yJhZ0IbtdXn8PatnYG8qf
3/7/2022 8:04:08 PM: 200 with id 3TDsZAdxXA7QOWvhEmkmZV
3/7/2022 8:04:08 PM: 200 with id 682cqkcWcjb1U3H8JxyK16
3/7/2022 8:04:08 PM: 200 with id 4OFQcpklILyntR0CA0YwUK
3/7/2022 8:04:08 PM: 200 with id 1u7yHbNnxPQDKmB2XwhrqT
3/7/2022 8:04:08 PM: 200 with id 0nrix7x6NKkkBEi5WOTfPO
3/7/2022 8:04:08 PM: 200 with id 4jXHJhOhkEpF41svr42R8c
3/7/2022 8:04:08 PM: 200 with id 15uqXXD0sAdZuxNxTxktlR
3/7/2022 8:04:08 PM: 200 with id 5M5LPGsAR9mxbBa22GOp5h
3/7/2022 8:04:08 PM: 200 with id 6akaB3XfTnCwrY4DahsBCY
3/7/2022 8:04:08 PM: 200 with id 4Saua162eaEOksYc8TrB74
3/7/2022 8:04:08 PM: 200 with id 1nojrwBYMmq5jY1gJYtywa
3/7/2022 8:04:08 PM: 200 with id 0kBWk62RrZ58YhCx320vtk
3/7/2022 8:04:08 PM: 200 with id 5ZsuWI1KwuIIjlhjEjpVri
3/7/2022 8:04:08 PM: 200 with id 2co53OwPjlTvPDQTpErBtU
3/7/2022 8:04:08 PM: 200 with id 07MXHN4FWMbxhTA6k8958U
3/7/2022 8:04:08 PM: 200 with id 5tbKnlrYfWLOS2oDNVRG1I
3/7/2022 8:04:08 PM: 200 with id 1zg6QT0eGqLBlhAT2FPoFj
3/7/2022 8:04:08 PM: 200 with id 721jCM2jOWLTF90qAXsm4j
3/7/2022 8:04:08 PM: 200 with id 0XfCKe1sBByUpHdDb5ZNkR
3/7/2022 8:04:08 PM: 200 with id 29t8lxRlQIyG4K5Xaydt46
3/7/2022 8:04:08 PM: 200 with id 32QIAykZFP3GI8Q5QqoNCD
3/7/2022 8:04:08 PM: 200 with id 3pFqrFzvHWjArK7h9Cxmp1
3/7/2022 8:04:08 PM: 200 with id 6tkHnfpom7MtMFVNs4hGHw
3/7/2022 8:04:08 PM: 200 with id 03AdJ15pTDdmxry6qkKwlO
3/7/2022 8:04:08 PM: 200 with id 2C1f1HTc46X7uGF6zXPQXM
3/7/2022 8:04:08 PM: 200 with id 3TNwLmVlMD5FH9lfreRTop
3/7/2022 8:04:08 PM: 200 with id 1ujZpTYHOc5XS0JIBKjUaI
3/7/2022 8:04:08 PM: 200 with id 1tsNAUQqofHrnlezRK8D5R
3/7/2022 8:04:09 PM: 200 with id 4OI9hKTm1QMRQunqHCfSSL
3/7/2022 8:04:09 PM: 200 with id 1MRT2V3JLYB6fL2TLJy2Rd
3/7/2022 8:04:09 PM: 200 with id 5QrdBeaMYJKYWQK78HdxCt
3/7/2022 8:04:09 PM: 200 with id 3fc97ZWLIMc1xawhxbKrh2
3/7/2022 8:04:09 PM: 200 with id 5iUvjdmu8ytncnsDyBZFEm
3/7/2022 8:04:09 PM: 200 with id 6hopdoEE79EsQ6mjjBUbFU
3/7/2022 8:04:09 PM: 200 with id 0uJn9BMo3BSBsnrhzlRJnj
3/7/2022 8:04:09 PM: 200 with id 16rRmI5wxWWO5dnRWUKCPA
3/7/2022 8:04:09 PM: 200 with id 6Rk2VghhfqeYrgKxS21eBh
3/7/2022 8:04:09 PM: 200 with id 0ZhRol0WQvSrvhHYYEUHzY
3/7/2022 8:04:09 PM: 200 with id 69UMMsDqpBwy7Dr2oZn2Ra
3/7/2022 8:04:09 PM: 200 with id 6gKYZUK5BOMsaGCbJvNAYk
3/7/2022 8:04:09 PM: 200 with id 3nRQmLvtbKaV8RX14mZE6F
3/7/2022 8:04:09 PM: 200 with id 1CZ5aEhYDBEU0HdIdqLMo6
3/7/2022 8:04:09 PM: 200 with id 1tSsb3t0pqVVONvBJivoT9
3/7/2022 8:04:09 PM: 200 with id 0scS5nnmpgz4U38nlOy3Hp
3/7/2022 8:04:09 PM: 200 with id 0hJ3A7sih1AXDoMjXHLr7Q
3/7/2022 8:04:09 PM: 200 with id 4fy0SXW5G8evBCo2A3kn02
3/7/2022 8:04:09 PM: 200 with id 2y7DbLcG7L5BNx1IkY1PoK
3/7/2022 8:04:09 PM: 200 with id 2lsM7Py65EOtlq8BgwkXCS
3/7/2022 8:04:09 PM: 200 with id 2NLkWfzw3YmRGBhqPqtAvW
3/7/2022 8:04:09 PM: 200 with id 36FCfBWbs9gwznVCWC4gg4
3/7/2022 8:04:09 PM: 200 with id 4flcwtqnLoKZJ2wrCp1aJq
3/7/2022 8:04:09 PM: 200 with id 1ETtnOFdO0JSOy0SRLAmTC
3/7/2022 8:04:09 PM: 200 with id 3echh1Nabk5ZOvChWTAEMO
3/7/2022 8:04:09 PM: 200 with id 0SwzCCHxBlXXXLPpqkjXaK
3/7/2022 8:04:09 PM: 200 with id 62CE0aYSuYhTvQdXfYsUHo
3/7/2022 8:04:09 PM: 200 with id 5ev1QWlFaDDC1xlzlxF5Wh
3/7/2022 8:04:09 PM: 200 with id 7gIOGje9ZBQNbCfvBT60y9
3/7/2022 8:04:09 PM: 200 with id 1RMKJQLmZqoZduvB4T2M7l
3/7/2022 8:04:09 PM: 200 with id 2PfGKHtqEX58bHtkQxJnWG
3/7/2022 8:04:09 PM: 200 with id 0axwlsrHE2YEiA6wrKDW98
3/7/2022 8:04:09 PM: 200 with id 6xEB4R8xiXssXH8dSYoQAS
3/7/2022 8:04:09 PM: 200 with id 4L24UrgfaKE6LiaugKFPxR
3/7/2022 8:04:09 PM: 200 with id 1NUKNYLtePSiZnQj0QeZlo
3/7/2022 8:04:09 PM: 200 with id 6JvQHhP638FrhhNrfvc5m0
3/7/2022 8:04:09 PM: 200 with id 1WG389kZcXm0piZ2BBylv3
3/7/2022 8:04:09 PM: 200 with id 1xF1nKu3UL84l7CofB4QBV
3/7/2022 8:04:09 PM: 200 with id 4YCjEFs1aDmcilTMbqMwjY
3/7/2022 8:04:09 PM: 200 with id 0s1A44tg1Y21SLHDylmugR
3/7/2022 8:04:10 PM: 200 with id 4Sdfp3NL90GZoYYwLmhk0H
3/7/2022 8:04:10 PM: 200 with id 0BhJpWnTlkXMv09KMqCYMy
3/7/2022 8:04:10 PM: 200 with id 69Ku8m3rCjG0shgu6KaYUz
3/7/2022 8:04:10 PM: 200 with id 2EexU9SdoDbgCGazUepCyL
3/7/2022 8:04:10 PM: 200 with id 03UgGgq3RHBN2X2oIxYISg
3/7/2022 8:04:10 PM: 200 with id 4HnmEIDtiegXuU4fzzhTy9
3/7/2022 8:04:10 PM: 200 with id 0gBwfz0Li2PAs6RtcC34Sf
3/7/2022 8:04:10 PM: 200 with id 62Qu5QoNx3De0p5qQT0u7o
3/7/2022 8:04:10 PM: 200 with id 7iwGw8ob3YLqZrbKzGFnHi
3/7/2022 8:04:10 PM: 200 with id 6FjK2XLQJloz36NgRciCHv
3/7/2022 8:04:10 PM: 200 with id 3FTjOu2zQLWcl1NVos4eAq
3/7/2022 8:04:10 PM: 200 with id 6IKA8Pe9HZoJWqxeKIb27C
3/7/2022 8:04:10 PM: 200 with id 0s9cSoniuN0HfXpwlCpGUF
3/7/2022 8:04:10 PM: 200 with id 0ZBE7rVC0zKFVt5osvXlnz
3/7/2022 8:04:10 PM: 200 with id 7Myw8J0byMIDilWT9vmZj5
3/7/2022 8:04:10 PM: 200 with id 4BvD9caT3ZohqNQFcR8dVD
3/7/2022 8:04:10 PM: 200 with id 4n5xKdi1WmB2o3JNSTgs6y
3/7/2022 8:04:10 PM: 200 with id 3JcNnjMVSKiNpqhErZarW0
3/7/2022 8:04:10 PM: 200 with id 7D9fLDGU0A95Y0rIakBJA4
3/7/2022 8:04:10 PM: 200 with id 3zlbXZZ6S0Wf29Eij8MCV9
3/7/2022 8:04:10 PM: 200 with id 7L4ZgnQqEhCEsV9GnMeXtE
3/7/2022 8:04:10 PM: 200 with id 47mIAo6W7XHF4Aw7TOhAzV
3/7/2022 8:04:10 PM: 200 with id 5mmXIdcurw7ZUjb3NIw0iG
3/7/2022 8:04:10 PM: 200 with id 1hUiT5wFSraneBf4aNpbL3
3/7/2022 8:04:10 PM: 200 with id 0ZHwBlV4OAweXWwbUemkmT
3/7/2022 8:04:10 PM: 200 with id 5vP0fNictdWyU48o83Q7ob
3/7/2022 8:04:10 PM: 200 with id 5OH74t2YiGAmrKmcZGtevb
3/7/2022 8:04:10 PM: 200 with id 5Wc8IknW6BeXOpoH3jB6hn
3/7/2022 8:04:10 PM: 200 with id 4wCvCNsMJJvyeX5mGO40ae
3/7/2022 8:04:10 PM: 200 with id 1P1p0XsN1qQZmbX24Cy36C
3/7/2022 8:04:10 PM: 200 with id 1FiRqhpAowNK8gTl5sOhxZ
3/7/2022 8:04:10 PM: 200 with id 4YVzJURFAew027JVKeFSeZ
3/7/2022 8:04:10 PM: 200 with id 3waZXnHoxYigFC8x4OHjrz
3/7/2022 8:04:10 PM: 200 with id 50mcU74yxOvlfd1uJjSoCn
3/7/2022 8:04:10 PM: 200 with id 6NuENB2DZdDO49QyAVexff
3/7/2022 8:04:10 PM: 200 with id 5Zktm8iOk8gKrQazrc9Uzh
3/7/2022 8:04:10 PM: 200 with id 1xT9MvDzHT1zjQuo6gvuu0
3/7/2022 8:04:10 PM: 200 with id 7pgs38iLfEqUtwgCRgvbND
3/7/2022 8:04:10 PM: 200 with id 5uvXx5ZQswNRFCdHR521YZ
3/7/2022 8:04:10 PM: 200 with id 7bHSTQvOo2MKlMAxrg2nXv
3/7/2022 8:04:10 PM: 200 with id 4gZMzcSzac0gUsK6A2B4u0
3/7/2022 8:04:10 PM: 200 with id 2o2G49EPi4lua5zgxUKhLL
3/7/2022 8:04:10 PM: 200 with id 4Kd33JPxTOcjTM29FrKoyT
3/7/2022 8:04:10 PM: 200 with id 2dIeA7oHFxnb0fS8DtL7Ih
3/7/2022 8:04:10 PM: 200 with id 3GeZ0WBoN8yUrgQuR70jN7
3/7/2022 8:04:10 PM: 200 with id 2rlkz7jmnCy7jPd1iKTR0W
3/7/2022 8:04:10 PM: 200 with id 4aWSLbkOHXhngILluPuLNH
3/7/2022 8:04:11 PM: 200 with id 2wtx5XeYMFOpY40eK9f7fA
3/7/2022 8:04:11 PM: 200 with id 7lpbyGc4fHsQkBTsfWVBhp
3/7/2022 8:04:11 PM: 200 with id 2ybvwb3PXcGjWgV99u8j09
3/7/2022 8:04:11 PM: 200 with id 1JGIaDjyJl6wzDQx4lOMk4
3/7/2022 8:04:11 PM: 200 with id 627ukPRwYxyBREHxBq0vGJ
3/7/2022 8:04:11 PM: 200 with id 71hpzCnp9lYUZgV4rUtdvT
3/7/2022 8:04:11 PM: 200 with id 6Lo1YeuDbQugBGrdqtbwF3
3/7/2022 8:04:11 PM: 200 with id 1J1mjhlth8XnU8ttfRKp5r
3/7/2022 8:04:11 PM: 200 with id 0f7R0jf0pcTb6K6IVVPcMD
3/7/2022 8:04:11 PM: 200 with id 5S0cTPPACcLQxZPe2X88bQ
3/7/2022 8:04:11 PM: 200 with id 7weU5IWFfeueNG5V68CTTT
3/7/2022 8:04:11 PM: 200 with id 188ahHnUfbFoFoBfEmqs1i
3/7/2022 8:04:11 PM: 200 with id 6XpSHxvcHf2VbRpDnMN091
3/7/2022 8:04:11 PM: 200 with id 6Tap30zqzXj22sVKoy1GUj
3/7/2022 8:04:11 PM: 200 with id 2dcFg4nzA7Uhu2Utvs6D9y
3/7/2022 8:04:11 PM: 200 with id 5PrTHkGmgUVewXKOIXpCgh
3/7/2022 8:04:11 PM: 200 with id 0lIG3VNtXLHrNttu5ByH4U
3/7/2022 8:04:11 PM: 200 with id 506tSgFO28YCEALMLihVPB
3/7/2022 8:04:11 PM: 200 with id 5GgUNqjHwNCwZ5GWNRROG1
3/7/2022 8:04:11 PM: 200 with id 5Sl70dOaVeVpejaGIbcpsf
3/7/2022 8:04:11 PM: 200 with id 71hARpiHNjR1UhnKdzTuKU
3/7/2022 8:04:11 PM: 200 with id 2tlTBLz2w52rpGCLBGyGw6
3/7/2022 8:04:11 PM: 200 with id 0BajiiFeEZv9eEx07Hw2C0
3/7/2022 8:04:11 PM: 200 with id 6ApYSpXF8GxZAgBTHDzYge
3/7/2022 8:04:11 PM: 200 with id 5A7qhg1w3J1GVoPPTChYCF
3/7/2022 8:04:11 PM: 200 with id 7hEgFnAICf8FqaERqmehOT
3/7/2022 8:04:11 PM: 200 with id 0pF0oyuPNdOObniB1Ng0kW
3/7/2022 8:04:11 PM: 200 with id 4JmphteFDt5gNZbgraR9Dc
3/7/2022 8:04:11 PM: 200 with id 3Td1c2eAXaFzU4F8QCbFbp
3/7/2022 8:04:11 PM: 200 with id 4u16vv7jUXm8XTdvd2szGH
3/7/2022 8:04:11 PM: 200 with id 7hoe3FWbOxttBbBaQUX2pD
3/7/2022 8:04:11 PM: 200 with id 2FDYcU1NTibzvrv4XDJofN
3/7/2022 8:04:11 PM: 200 with id 7IjD1U0ig5h7nwXYtexLok
3/7/2022 8:04:11 PM: 200 with id 3t1KcEIjoOo2W5oA1wAh1N
3/7/2022 8:04:11 PM: 200 with id 5xqQtdlJUY7Fg4BMp13LrX
3/7/2022 8:04:11 PM: 200 with id 2NbO8RRVTVEUjHaxUVdMDT
3/7/2022 8:04:11 PM: 200 with id 3Dyqes0WX7jN0kSVwoOhKs
3/7/2022 8:04:11 PM: 200 with id 1es77ykh54uGjsw4x28jpL
3/7/2022 8:04:11 PM: 200 with id 36CrsFm1lEkxrkN0jbKU4E
3/7/2022 8:04:11 PM: 200 with id 7LPkGn9WJkguua8oZtaHxa
3/7/2022 8:04:11 PM: 200 with id 1HmWQo43Gt8BR2dylfv3o4
3/7/2022 8:04:11 PM: 200 with id 5ZwcQ8o0pOW31M28QAJai8
3/7/2022 8:04:11 PM: 200 with id 3rOPn20HBIk5rnlwoPgcBV
3/7/2022 8:04:11 PM: 200 with id 2igLLOok8I1U3FGSJovRdR
3/7/2022 8:04:12 PM: 200 with id 3ind4Ir3JMazCITxWQajDb
3/7/2022 8:04:12 PM: 200 with id 2Z9WUERfMjOgQ6ze9TcGbF
3/7/2022 8:04:12 PM: 200 with id 4Gfnly5CzMJQqkUFfoHaP3
3/7/2022 8:04:12 PM: 200 with id 2vZKMCQmjl4L0XO6mlrnnh
3/7/2022 8:04:12 PM: 200 with id 6MzrSTAQdDR92tHLLAhYp0
3/7/2022 8:04:12 PM: 200 with id 2GXoU6gpOlx1oZ0DkNgrUM
3/7/2022 8:04:12 PM: 200 with id 67K4zwaKgPSoNKMxvPRvbb
3/7/2022 8:04:12 PM: 200 with id 0smWYh2nQsaZNonBGZpZMn
3/7/2022 8:04:12 PM: 200 with id 2JC96lAWIMYId0no3JwmxI
3/7/2022 8:04:12 PM: 200 with id 4G4Azv5cwPBv3vCA0mD6ei
3/7/2022 8:04:12 PM: 200 with id 4HhfxkjFB38HBTEsNjGoEH
3/7/2022 8:04:12 PM: 200 with id 14VVqBoDw1SxoNLW3Cj3mN
3/7/2022 8:04:12 PM: 200 with id 4yRYsQZfQpzkoVWH2XCX66
3/7/2022 8:04:12 PM: 200 with id 7LP8ofOXYH2AGzc8ZCt0Oe
3/7/2022 8:04:12 PM: 200 with id 0MHwfULQThhdhitVzHnyC4
3/7/2022 8:04:12 PM: 200 with id 108CU1JE5mXMvYM5jul8TX
3/7/2022 8:04:12 PM: 200 with id 4Yww2EYetseL1eL2YuvLna
3/7/2022 8:04:12 PM: 200 with id 3nFMhhRvntmafaNnxJqcYX
3/7/2022 8:04:12 PM: 200 with id 4IzsHOBctS66OP3dHXTJsG
3/7/2022 8:04:12 PM: 200 with id 0jERAlUJkTvscYCpsRZfqA
3/7/2022 8:04:12 PM: 200 with id 1oUosYP3nbnn1HQ1NPrVGW
3/7/2022 8:04:12 PM: 200 with id 6ICrBzsbHVluGHP8wGK4Y3
3/7/2022 8:04:12 PM: 200 with id 2VnKzCESTePshnbUALlDt2
3/7/2022 8:04:12 PM: 200 with id 7Dj0aaKI4RpehMPqOu56mW
3/7/2022 8:04:12 PM: 200 with id 7dy2QpTUYDZKWbOObkFAjk
3/7/2022 8:04:12 PM: 200 with id 6dUE7mRlGLJriQtHxM7LZN
3/7/2022 8:04:12 PM: 200 with id 0Kr3WP3Pk6suMqE3tlREIo
3/7/2022 8:04:12 PM: 200 with id 26paS1Rzj1L0d3Zr1WBTIj
3/7/2022 8:04:12 PM: 200 with id 41Mzki3Yox73btDc51evLi
3/7/2022 8:04:12 PM: 200 with id 0zAsh6hObeNmFgFPrUiFcP
3/7/2022 8:04:12 PM: 200 with id 2m3NfRm4J3OEXGUJeWj6o7
3/7/2022 8:04:12 PM: 200 with id 02Kn2SoIna6hNJGWeXOMUy
3/7/2022 8:04:12 PM: 200 with id 6q6fzmIMI3mhcCgX4Qvf1V
3/7/2022 8:04:12 PM: 200 with id 64QcWKPhmceNB4ULPq1l1o
3/7/2022 8:04:12 PM: 200 with id 0daIqjuhsQqXoeII3pBSeT
3/7/2022 8:04:12 PM: 200 with id 0B9nvTbt9fXq7Y6oQEYwRe
3/7/2022 8:04:12 PM: 200 with id 1ajnGNtwwT0jwpOhDWHZzt
3/7/2022 8:04:12 PM: 200 with id 3f2DxjoALQRPyKFg1y8DUr
3/7/2022 8:04:12 PM: 200 with id 0sHibspyMdqOB4RsaCsG8X
3/7/2022 8:04:12 PM: 200 with id 1s6Kp6CZX6bvDSfXHxhrMW
3/7/2022 8:04:12 PM: 200 with id 6ohX7moZZnF1FwYrli1OJ6
3/7/2022 8:04:12 PM: 200 with id 5VlikiLzsMYzOV6xasL2vb
3/7/2022 8:04:12 PM: 200 with id 6pbscK7GEfb87yrdfVQXvf
3/7/2022 8:04:12 PM: 200 with id 4oq9Qnp8xopMsypgLGbJ7G
3/7/2022 8:04:12 PM: 200 with id 11UWeyxXNreHeZwEViqs3y
3/7/2022 8:04:12 PM: 200 with id 2qD3O44kQYq9MO7eInmbl2
3/7/2022 8:04:12 PM: 200 with id 4UtbzU2piW8JL61Md3AqRN
3/7/2022 8:04:12 PM: 200 with id 0WexjM0UZvvk3AjWK7S8RI
3/7/2022 8:04:13 PM: 200 with id 0JmgbVAAC8rrX2LfZECriv
3/7/2022 8:04:13 PM: 200 with id 35Ea7OWXZPZB1vAPiaEGOM
3/7/2022 8:04:13 PM: 200 with id 6hPkbAV3ZXpGZBGUvL6jVM
3/7/2022 8:04:13 PM: 200 with id 6I6LWiUlVb6UWYLN7KNU9W
3/7/2022 8:04:13 PM: 200 with id 643wn4zcqIH2VkOsoXH14X
3/7/2022 8:04:13 PM: 200 with id 7wOOA7l306K8HfBKfPoafr
3/7/2022 8:04:13 PM: 200 with id 5VndZ1dWP9h0mmUl1Pslq4
3/7/2022 8:04:13 PM: 200 with id 31Lu7MlcsZqfejpq65c3wM
3/7/2022 8:04:13 PM: 200 with id 1XKuJ9uVmyv5WB6KyAxQU0
3/7/2022 8:04:13 PM: 200 with id 0WkL3JulvpTfRsSJ7crh5S
3/7/2022 8:04:13 PM: 200 with id 1NPCjp8s7RPGujZdBjca90
3/7/2022 8:04:13 PM: 200 with id 68NmQ5XgjHsKYcJZJKkvSp
3/7/2022 8:04:13 PM: 200 with id 4MYENSmUM01QisUKLi6FWr
3/7/2022 8:04:13 PM: 200 with id 1To7kv722A8SpZF789MZy7
3/7/2022 8:04:13 PM: 200 with id 4ADgNmB3S0rctX8MJ0l9ao
3/7/2022 8:04:13 PM: 200 with id 54AKlknAxFRfXDXtwiAhRa
3/7/2022 8:04:13 PM: 200 with id 4Jk9oJP4aUo6X2XSwTgnBh
3/7/2022 8:04:13 PM: 200 with id 01UJJt3Aregqk8jZMDPB5x
3/7/2022 8:04:13 PM: 200 with id 6KgWZPsC6WF8etFXxoMqVL
3/7/2022 8:04:13 PM: 200 with id 3RglA97ZtNqv8bUzazdXj6
3/7/2022 8:04:13 PM: 200 with id 7CgyPf8A6TfSrqQG4MG2D3
3/7/2022 8:04:13 PM: 200 with id 1ySR0W1hHxPDKCBWdvzRvc
3/7/2022 8:04:13 PM: 200 with id 5SBgnF3UEmSMaPjJ7ww5yO
3/7/2022 8:04:13 PM: 200 with id 6WpOdxZIwoSazFwCTX79fX
3/7/2022 8:04:13 PM: 200 with id 10RyzZcCSixyWcXfxuF6cG
3/7/2022 8:04:13 PM: 200 with id 25L8ck3KGcmCo3901ztPzR
3/7/2022 8:04:13 PM: 200 with id 1KF1Iwp8eqVtMVcovyUPKU
3/7/2022 8:04:13 PM: 200 with id 47VYGDLLY8oH6eiw1CE5wB
3/7/2022 8:04:13 PM: 200 with id 2cXk7SciJLXp0xJcm6WmVD
3/7/2022 8:04:13 PM: 200 with id 0hJ3FhFzOFJhJF9qeX1TEK
3/7/2022 8:04:13 PM: 200 with id 7oMcO4p7P1JtJR2G1v2NoK
3/7/2022 8:04:13 PM: 200 with id 4HpiwfnQvs867JNWeLy1vr
3/7/2022 8:04:13 PM: 200 with id 3YSRBiKuHesSQLTCjUJ5E7
3/7/2022 8:04:13 PM: 200 with id 1u5gq15cYorEthAD0IDDOB
3/7/2022 8:04:13 PM: 200 with id 01A0DakBC7bzhgkCINnwVA
3/7/2022 8:04:13 PM: 200 with id 05LEST8E8mkEIl2LRfUkcI
3/7/2022 8:04:13 PM: 200 with id 1pmyleYQz8MWZszsFvr7xj
3/7/2022 8:04:13 PM: 200 with id 2Vx9FC6Um8i6kEtY7HNswB
3/7/2022 8:04:13 PM: 200 with id 7bSsdgWDh5VRI3ZVOXQEj4
3/7/2022 8:04:13 PM: 200 with id 1wAx2wnAA7F1SRrznW2GcH
3/7/2022 8:04:13 PM: 200 with id 3FFGbUutKWN1c4f0CJR4Uh
3/7/2022 8:04:13 PM: 200 with id 6u7mLxgAMQth1wLf3mwnil
3/7/2022 8:04:13 PM: 200 with id 2pnfVMvTS8ozs9f1dbLubY
3/7/2022 8:04:14 PM: 200 with id 26pelVOow8ODvBktJbDiua
3/7/2022 8:04:14 PM: 200 with id 5ZZ5S9fqcpQo4N3n7nPUk7
3/7/2022 8:04:14 PM: 200 with id 5DCx4crDzIcWFytBume9FV
3/7/2022 8:04:14 PM: 200 with id 3pD5nHq65PfGJtd5aMNPUj
3/7/2022 8:04:14 PM: 200 with id 0uUtGVj0y9FjfKful7cABY
3/7/2022 8:04:14 PM: 200 with id 3BgJSYve7Hvp80NZ6JWTmK
3/7/2022 8:04:14 PM: 200 with id 0tstTxkR8uow4hBYgEgOAp
3/7/2022 8:04:14 PM: 200 with id 6Dx1pg8UVVauDZajxg62RA
3/7/2022 8:04:14 PM: 200 with id 5q0D5AMiTxMKNN37ZKRWGo
3/7/2022 8:04:14 PM: 200 with id 6wQNHLyPfngt7Yk7g2cw2u
3/7/2022 8:04:14 PM: 200 with id 5FK6borHO8QcztXhXCPn5H
3/7/2022 8:04:14 PM: 200 with id 3eGHhpICuytpKNL1CBluOU
3/7/2022 8:04:14 PM: 200 with id 1xAF8OSjPwrpUvaTSbCFWi
3/7/2022 8:04:14 PM: 200 with id 782Bl0XeXnhcezEfKvUx9O
3/7/2022 8:04:14 PM: 200 with id 4WSvVLGNxpTtTIrA3fU3FW
3/7/2022 8:04:14 PM: 200 with id 4KdtEKjY3Gi0mKiSdy96ML
3/7/2022 8:04:14 PM: 200 with id 5S0nsfYhHa1uz10V4yoWSL
3/7/2022 8:04:14 PM: 200 with id 1R8VNgz3ynSz5JKrOIsoko
3/7/2022 8:04:14 PM: 200 with id 2TMEVfGXXU2sTa6frIWGt0
3/7/2022 8:04:14 PM: 200 with id 0CcNCEzyIKRWzdXvtnwGS7
3/7/2022 8:04:14 PM: 200 with id 6B6qLbf1GlYjMsYUbcrzt3
3/7/2022 8:04:14 PM: 200 with id 5S5HVazwAhiLRsmwpZN8J9
3/7/2022 8:04:14 PM: 200 with id 1SKOWmS3NFmWV9YQsUcBtB
3/7/2022 8:04:14 PM: 200 with id 7zf8imS3lffEdo6R42pQyv
3/7/2022 8:04:14 PM: 200 with id 5AgsHUKFxr5DApRCmulIqJ
3/7/2022 8:04:14 PM: 200 with id 4UmrKzDJX0agxs2VF9lkaF
3/7/2022 8:04:14 PM: 200 with id 45dOZ8312a7NnlgJJsymXA
3/7/2022 8:04:14 PM: 200 with id 0CqchZDaOxckvjnKKfJh1w
3/7/2022 8:04:14 PM: 200 with id 6UY5OurZWrE8FVVBFMvn7K
3/7/2022 8:04:14 PM: 200 with id 2mgNOEXdIDf2JVDfkxbLoc
3/7/2022 8:04:14 PM: 200 with id 2UJcKiJxNryhL050F5Z1Fk
3/7/2022 8:04:14 PM: 200 with id 5gHtwgh9wTdWilWhCmUcYr
3/7/2022 8:04:14 PM: 200 with id 2aTOwGU66ocsf8IQpOI0XZ
3/7/2022 8:04:14 PM: 200 with id 6pFOh9PfVU4NUycoWYkEl2
3/7/2022 8:04:14 PM: 200 with id 5sIENLYGYSEQzPhpURh5Jt
3/7/2022 8:04:14 PM: 200 with id 1KVGLuPtrMrLlyy4Je6df7
3/7/2022 8:04:14 PM: 200 with id 4tjI4JBNC52zHiCbnKIpQt
3/7/2022 8:04:14 PM: 200 with id 6ztYlU1ZWTsyBVu0GlRnu1
3/7/2022 8:04:14 PM: 200 with id 68yjM7W4zz2To5L1yYUpsv
3/7/2022 8:04:14 PM: 200 with id 3yhsHZtwn7diH2c9cYuwRB
3/7/2022 8:04:14 PM: 200 with id 3r11HKZx7KBU4u55zYmHvN
3/7/2022 8:04:14 PM: 200 with id 6PFPjumGRpZnBzqnDci6qJ
3/7/2022 8:04:14 PM: 200 with id 4X5y4Xykl9IdiLqQtUInVF
3/7/2022 8:04:14 PM: 200 with id 6LZ22lC8hPo6YxbPXTyZgJ
3/7/2022 8:04:14 PM: 200 with id 2NLcvAUpdh2P3iIZxiEbs4
3/7/2022 8:04:14 PM: 200 with id 0ULD2ilRFbYzJwGpTj9PvU
3/7/2022 8:04:14 PM: 200 with id 19ChSFVcSru64yGgxJK14Z
3/7/2022 8:04:14 PM: 200 with id 1kyEyfxfx98zHEmQuJJFxk
3/7/2022 8:04:14 PM: 200 with id 0tprlYfYw9Y1fjq5SUFEQp
3/7/2022 8:04:14 PM: 200 with id 5nIgDHf42VCFVfBY9BG2fr
3/7/2022 8:04:14 PM: 200 with id 3DdvyjiIww72NUPL4UkXtt
3/7/2022 8:04:15 PM: 200 with id 4A70XLIysm5lTaZYtCDveX
3/7/2022 8:04:15 PM: 200 with id 29srkzNK3ixAW0NLVlR59A
3/7/2022 8:04:15 PM: 200 with id 121CBQhcbdC7FiVIeCseis
3/7/2022 8:04:15 PM: 200 with id 3wT9Tezot5719bjTRZsW7O
3/7/2022 8:04:15 PM: 200 with id 4BRHk20nhD24APuvO9PvC8
3/7/2022 8:04:15 PM: 200 with id 3ncH3eH5iTUzU73omfc4XG
3/7/2022 8:04:15 PM: 200 with id 6v1KAcOknj5z6QxMGh3mlY
3/7/2022 8:04:15 PM: 200 with id 4g1ZRSobMefqF6nelkgibi
3/7/2022 8:04:15 PM: 200 with id 4hRSrC7bRqBqDDSfhe5qRO
3/7/2022 8:04:15 PM: 200 with id 16JVkAnni8riQ9trQ76lVs
3/7/2022 8:04:15 PM: 200 with id 6W8ZsoinSMViZMh9aYK7gQ
3/7/2022 8:04:15 PM: 200 with id 4oqR16G58mlyHalzjKmKwZ
3/7/2022 8:04:15 PM: 200 with id 47IM97GbpNyDREWlr2HtNM
3/7/2022 8:04:15 PM: 200 with id 5d6X8oegJmu9XKn9UBAswG
3/7/2022 8:04:15 PM: 200 with id 5M8U1qYKvRQHJJVHmPY7QD
3/7/2022 8:04:15 PM: 200 with id 6d3TbZJIJ6MUUBJk0NZvkm
3/7/2022 8:04:15 PM: 200 with id 2uBhSx6lqr4RkWM2YUYOrC
3/7/2022 8:04:16 PM: 200 with id 05Jq7aJb1LSnRFruuTsZtW
3/7/2022 8:04:16 PM: 200 with id 1mc8M9eR9ZIBxqWA2CA4Wo
3/7/2022 8:04:16 PM: 200 with id 5IDJBkr9EzMofENo4ScNxi
3/7/2022 8:04:16 PM: 200 with id 0tgO7MMVIhpUMV3YZQ1GYT
3/7/2022 8:04:16 PM: 200 with id 2tukc7pH4qTuXcfaHjLIBc
3/7/2022 8:04:16 PM: 200 with id 3xiq77UtnlDXfcRz5IJu20
3/7/2022 8:04:16 PM: 200 with id 6VIvQiUIOBMxjme8LYiUlU
3/7/2022 8:04:16 PM: 200 with id 3eqUAHUtt4u35f0LwGacem
3/7/2022 8:04:16 PM: 200 with id 31xYhAM1zO14ATfF58qZQ6
3/7/2022 8:04:16 PM: 200 with id 3XGZQ3ul4wNXyBQ3pZ5aDA
3/7/2022 8:04:16 PM: 200 with id 5OwtqrtvcWnOaRX5m2Xldt
3/7/2022 8:04:16 PM: 200 with id 0qiEFHxD21aAxZ6NofQLJX
3/7/2022 8:04:16 PM: 200 with id 66Qoql5tphQmXnkZRFUUma
3/7/2022 8:04:16 PM: 200 with id 7JAzpIHQE9T6vKQH9GffdZ
3/7/2022 8:04:16 PM: 200 with id 2sCwWLX6DJgjCACS0iEBHD
3/7/2022 8:04:16 PM: 200 with id 2zuVGxuEzVhhRHNS2ZeRja
3/7/2022 8:04:16 PM: 200 with id 3d6ydK5AhL3xgq2LIzp6yd
3/7/2022 8:04:17 PM: 200 with id 6JFSCrp4FNZhVZmrDpEZi5
3/7/2022 8:04:17 PM: 200 with id 0zbw6YNuejcVp8XgDKO0yF
3/7/2022 8:04:17 PM: 200 with id 18rweBilg1zNzAmRQaqAwX
3/7/2022 8:04:17 PM: 200 with id 1RhSU65eltYthavUXScSzB
3/7/2022 8:04:17 PM: 200 with id 01hp4DvayKlnqUQrmk0vvz
3/7/2022 8:04:17 PM: 200 with id 0V7TZQmJBgI81M9Z7GWxCI
3/7/2022 8:04:17 PM: 200 with id 1bMwyCHGWSlF866IqpYnK5
3/7/2022 8:04:17 PM: 200 with id 4BxB8U8QgpR4UCvJ0moj8Z
3/7/2022 8:04:17 PM: 200 with id 0gmRRrFSd6GrjOCJchnCtE
3/7/2022 8:04:17 PM: 200 with id 1amEuPgQIILmTQaojFZuwX
3/7/2022 8:04:17 PM: 200 with id 6b5WANFyoXhaMTXPqLF6ez
3/7/2022 8:04:17 PM: 200 with id 7kral5EDkcgaMvJEf4qCVs
3/7/2022 8:04:17 PM: 200 with id 0Pr7tJefVMQCh8hy1n8OLr
3/7/2022 8:04:17 PM: 200 with id 3gvuqyyvdMS8CbEwTLu5uL
3/7/2022 8:04:17 PM: 200 with id 5H1oKPXC2437buMShboFpu
3/7/2022 8:04:17 PM: 200 with id 0DFhIlgm33q5dTFoz5uH1v
3/7/2022 8:04:17 PM: 200 with id 4ZMPwAOiOo3eBv7BbVZZMD
3/7/2022 8:04:17 PM: 200 with id 7rTVBqLU1IBJNg22Qtcpbx
3/7/2022 8:04:17 PM: 200 with id 48bGPHmBTGB94h34kphw1N
3/7/2022 8:04:17 PM: 200 with id 0nKEi9MsqlwsoE1pDN0LLl
3/7/2022 8:04:17 PM: 200 with id 6trNtQUgC8cgbWcqoMYkOR
3/7/2022 8:04:17 PM: 200 with id 3sr6lAuO3nmB1u8ZuQgpiX
3/7/2022 8:04:17 PM: 200 with id 1P7h3400RJA3YZm8Va2884
3/7/2022 8:04:17 PM: 200 with id 71O60S5gIJSIAhdnrDIh3N
3/7/2022 8:04:18 PM: 200 with id 13epvlBYRs9IjtjpztaGsw
3/7/2022 8:04:18 PM: 200 with id 3fG66EBBPGC0yBhpXQs8l8
3/7/2022 8:04:18 PM: 200 with id 3t2gk1NCuqVgljzmOJKU4D
3/7/2022 8:04:18 PM: 200 with id 325oe5W5EgQVcuzNwBBnmt
3/7/2022 8:04:18 PM: 200 with id 78EcStHa23JPRmLNan5fST
3/7/2022 8:04:18 PM: 200 with id 4yUmmPiYSzYaSk9B1Ewn6m
3/7/2022 8:04:18 PM: 200 with id 2hhYz9kSY6kvk3ap3c3WrB
3/7/2022 8:04:18 PM: 200 with id 3bxEPJJClmXrdESm7uMv4p
3/7/2022 8:04:18 PM: 200 with id 5PrhnVNOKoJC2aLLfabxuB
3/7/2022 8:04:18 PM: 200 with id 6b2ivtQlkdEZ6okJlYqntO
3/7/2022 8:04:18 PM: 200 with id 3RpDqtToIqvKnD6iQe9WT4
3/7/2022 8:04:18 PM: 200 with id 7iJH0tFXr2zjAAqqYKG2Ms
3/7/2022 8:04:18 PM: 200 with id 3mMWlBGocBwsS1Q0o9wvlc
3/7/2022 8:04:18 PM: 200 with id 69WHFCqNKzL0eFIBl9zEgu
3/7/2022 8:04:18 PM: 200 with id 3wmbsIFbLZ5FLT55iqB9KL
3/7/2022 8:04:18 PM: 200 with id 0jfrooQp2CEzzX0kwwcnM9
3/7/2022 8:04:18 PM: 200 with id 5rr0xAQfk01cPi1N37jX11
3/7/2022 8:04:18 PM: 200 with id 4r6qnbIYM0Go50SXW0iwgu
3/7/2022 8:04:18 PM: 200 with id 08tZq3FDsspdU6ycn8Jl2o
3/7/2022 8:04:18 PM: 200 with id 5s0rmjP8XOPhP6HhqOhuyC
3/7/2022 8:04:18 PM: 200 with id 0ReT5eCVosXGPCqdzLO7QQ
3/7/2022 8:04:18 PM: 200 with id 4BlnvOJ4odq40C4TLtuGQ9
3/7/2022 8:04:18 PM: 200 with id 0v9ea1sMdw9qnQ395vSmTZ
3/7/2022 8:04:18 PM: 200 with id 2X17BMIMWhZDWHL0UR1LBS
3/7/2022 8:04:18 PM: 200 with id 1VWWrIf1fSS2xZYwFtszA2
3/7/2022 8:04:18 PM: 200 with id 16J9NCaxxRc2QW999f5V9H
3/7/2022 8:04:18 PM: 200 with id 4i0XmhtxZBPxwpgNeJ1Tvg
3/7/2022 8:04:18 PM: 200 with id 7ILiG3DoDAzoVszvDA9o08
3/7/2022 8:04:18 PM: 200 with id 5rEHkZLhSorhe2jdzRP0HP
3/7/2022 8:04:18 PM: 200 with id 6hu9W3TWiCF5sETB1pvrHl
3/7/2022 8:04:18 PM: 200 with id 2u8Ha9i9YcsZmonuWI3u6T
3/7/2022 8:04:18 PM: 200 with id 54vpVgdihAoRU6pmuoHaxf
3/7/2022 8:04:20 PM: 200 with id 1dH4B2bWb5Ys7aszi9KWHA
3/7/2022 8:04:20 PM: 200 with id 7FIU253gt9jvbTeLfKQbPC
3/7/2022 8:04:20 PM: 200 with id 5EOY7EuE83D9oSeT9eR9ry
3/7/2022 8:04:20 PM: 200 with id 1AjRRHn7aHgPxBWHlF5sO3
3/7/2022 8:04:20 PM: 200 with id 3NF6tHNWqqFcSx4ocVxDPs
3/7/2022 8:04:20 PM: 200 with id 1kCHru7uhxBUdzkm4gzRQc
3/7/2022 8:04:20 PM: 200 with id 5oOmQrZ4gbUAE9eu9MOv4s
3/7/2022 8:04:20 PM: 200 with id 3zAcZrky4QNM28YS0tHSYQ
3/7/2022 8:04:20 PM: 200 with id 6WgGWYw6XXQyLTsWt7tXky
3/7/2022 8:04:20 PM: 200 with id 0LujMqRX0Q0ODi44nBQPkR
3/7/2022 8:04:20 PM: 200 with id 1nLKZqTGA48v3I8dNFkvQt
3/7/2022 8:04:20 PM: 200 with id 5GByGaws7Cw0t28kjvAOzV
3/7/2022 8:04:20 PM: 200 with id 3nvTZOdxEfGUhPc7rX9vyP
3/7/2022 8:04:20 PM: 200 with id 1GHDUmPzxRhDhJggOPoFhL
3/7/2022 8:04:20 PM: 200 with id 4nr8ymBFfv0tVg5igWBw6B
3/7/2022 8:04:20 PM: 200 with id 6OuZ6jmIIVb7K7tdEVThkG
3/7/2022 8:04:20 PM: 200 with id 5fjcR3LsoVMs4QVJBS3Twb
3/7/2022 8:04:20 PM: 200 with id 1tBRVs9iF3GZjQjI5Aztmr
3/7/2022 8:04:20 PM: 200 with id 08cprzGPjtLDvKMwtQh93R
3/7/2022 8:04:20 PM: 200 with id 6wN2iLP9UMQwdQxLSkp1rX
3/7/2022 8:04:20 PM: 200 with id 7egxkeZyMucfEKctBiAK2U
3/7/2022 8:04:20 PM: 200 with id 0BeaxNPhOKKwwSBF5nMT1J
3/7/2022 8:04:20 PM: 200 with id 3x2jF7blR6bFHtk4MccsyJ
3/7/2022 8:04:20 PM: 200 with id 59BEPtjYAJOhwMVmtqCCyr
3/7/2022 8:04:20 PM: 200 with id 6Hist4HYQsBJVjfyw2HiEy
3/7/2022 8:04:20 PM: 200 with id 7tdbgu7x66RyZKlXOgjPQL
3/7/2022 8:04:21 PM: 200 with id 4Vbs67Kme0Xo3gtlPBa3gc
3/7/2022 8:04:21 PM: 200 with id 0VZ7zlnuPmJPYMLyFXZlbj
3/7/2022 8:04:21 PM: 200 with id 47lgREYotnsiuddvu6dXlk
3/7/2022 8:04:21 PM: 200 with id 2ybRB5pXB2XCjLbvRQMrw9
3/7/2022 8:04:21 PM: 200 with id 3F4cHaIJDFBWdTdlZPGRmO
3/7/2022 8:04:21 PM: 200 with id 3N3yf0PwhbnNuuF8rlbujH
3/7/2022 8:04:21 PM: 200 with id 1CQyN4iheuFankpvxYuLPD
3/7/2022 8:04:21 PM: 200 with id 3We4Cr1w0I5H3TW0ixEfP0
3/7/2022 8:04:21 PM: 200 with id 3GqsyMrJu3o8jLiGyBsBQW
3/7/2022 8:04:21 PM: 200 with id 4cpZazoKuj3jD6x2GrSX2w
3/7/2022 8:04:21 PM: 200 with id 4Rvzx3X6hcDb7nty1IzVP4
3/7/2022 8:04:21 PM: 200 with id 1xO2rklexBS68eSOqIU4Il
3/7/2022 8:04:21 PM: 200 with id 1XwToQelPUXtUKSYUApT9G
3/7/2022 8:04:21 PM: 200 with id 5Be2SD7NA17AVhzq3elNVX
3/7/2022 8:04:21 PM: 200 with id 1kbx6EnG9tGk6qiGkPbTFs
3/7/2022 8:04:21 PM: 200 with id 5QwWICKmb1lfoyUbhIT5Xk
3/7/2022 8:04:21 PM: 200 with id 3JHZ83ohEBDLFQfbVfDHFh
3/7/2022 8:04:21 PM: 200 with id 2g9Ij40DD7aPaG4hwa8Uab
3/7/2022 8:04:21 PM: 200 with id 6VEz4Lt20zE7JkzvaHRvl1
3/7/2022 8:04:21 PM: 200 with id 2WrNHOba5u6P9S9xEboaUy
3/7/2022 8:04:21 PM: 200 with id 4VC9aaeopBQFvSHjimSg7V
3/7/2022 8:04:21 PM: 200 with id 2kuvLiT8HjMGWzsOq4k1Uk
3/7/2022 8:04:21 PM: 200 with id 5FdeNQ9zrBMvHz50WqnXpq
3/7/2022 8:04:21 PM: 200 with id 6tf7eBkyeRBNBe27xcBOnn
3/7/2022 8:04:21 PM: 200 with id 56YjDur9pXnzIgnhlWgqW2
3/7/2022 8:04:21 PM: 200 with id 3MEKpJ7wSSp6Z661ThjrUJ
3/7/2022 8:04:21 PM: 200 with id 1M2JVljAna8xFso9LEA1uH
3/7/2022 8:04:21 PM: 200 with id 1e1R6yWwmZx3cDSvdXTNwv
3/7/2022 8:04:21 PM: 200 with id 3VPHalWocJfe7VfbEW60zg
3/7/2022 8:04:21 PM: 200 with id 4b5q3NmyU42ndkqFPqqv3v
3/7/2022 8:04:21 PM: 200 with id 5L4297Q8BsB8UMUL7O8gff
3/7/2022 8:04:21 PM: 200 with id 79kXQIGEmAb2QlundO0hRi
3/7/2022 8:04:21 PM: 200 with id 5zYaDeOFI8IQEk8A88bAkv
3/7/2022 8:04:21 PM: 200 with id 7nTvm6EgmFWPLMLxj6aksS
3/7/2022 8:04:21 PM: 200 with id 0wTzQeN0D4KZW94H4KAm3U
3/7/2022 8:04:21 PM: 200 with id 09LGpRC7Ketc56i5eMuKvT
3/7/2022 8:04:22 PM: 200 with id 5alhJcqITAVC4o6f8qGO0Z
3/7/2022 8:04:23 PM: 200 with id 4A366gjTrYQwmRtkTezF2W
3/7/2022 8:04:23 PM: 200 with id 2CwHY0XtXBIibwR6UFjFhy
3/7/2022 8:04:23 PM: 200 with id 3ZdkT5buYFi1WQaB0XNNtf
3/7/2022 8:04:23 PM: 200 with id 0CqFI8bx1etBJ4P1Mi7YMA
3/7/2022 8:04:23 PM: 200 with id 4w494FIJnkdXGqiDC3TG7q
3/7/2022 8:04:23 PM: 200 with id 3uLrSFrNqa8CULSIU7e9v5
3/7/2022 8:04:23 PM: 200 with id 21YoyzE4KzmI6fbbZHAKAb
3/7/2022 8:04:23 PM: 200 with id 0LfCx4srto1jxBVvW4uqJy
3/7/2022 8:04:23 PM: 200 with id 7gxCqKZI1n56nNyTjlgrzT
3/7/2022 8:04:23 PM: 200 with id 50pzpI17hwQj7LKcOiLMFD
3/7/2022 8:04:23 PM: 200 with id 0LhcWlgnpCVHqOVFZFuoPX
3/7/2022 8:04:23 PM: 200 with id 4KrKq7IX3Rj7btIxF6Hx04
3/7/2022 8:04:23 PM: 200 with id 7rbdgYKz1DI4gXMWveqS5T
3/7/2022 8:04:23 PM: 200 with id 5FnNO3IO6veN62ZdaV7j3z
3/7/2022 8:04:23 PM: 200 with id 0F3HOT0E0Jj2MSnPm6tq4n
3/7/2022 8:04:23 PM: 200 with id 3LSgLZrSXELqWt5eqb6XMY
3/7/2022 8:04:23 PM: 200 with id 2tO3rrZ6q3OjHJMGVo13dh
3/7/2022 8:04:23 PM: 200 with id 45ba6QAtNrdv6Ke4MFOKk9
3/7/2022 8:04:23 PM: 200 with id 0oVVaXijxgSd2cRa2joLBw
3/7/2022 8:04:23 PM: 200 with id 6cgZ8W5U3q6B8qbps6zjFM
3/7/2022 8:04:23 PM: 200 with id 6U9Jnl7C9FVWLE17F2BCuY
3/7/2022 8:04:23 PM: 200 with id 389zGArsMlwuPorS4Cw7IX
3/7/2022 8:04:23 PM: 200 with id 3fiXqEX3prk6amGIScMDUi
3/7/2022 8:04:23 PM: 200 with id 5RnrEPrcCnCbicoDYUaqgA
3/7/2022 8:04:24 PM: 200 with id 2iMjWnssPKQmyJDhIFwiXM
3/7/2022 8:04:24 PM: 200 with id 2pEpgjprjoOeBqg6NJY9XO
3/7/2022 8:04:24 PM: 200 with id 20cSzDuNZl8JfbIz6csFuh
3/7/2022 8:04:24 PM: 200 with id 4PdxBagz2MlU1nLA9RxgJ5
3/7/2022 8:04:24 PM: 200 with id 3ep5KCjpJmbBe6yTwacwBG
3/7/2022 8:04:24 PM: 200 with id 16XHoXcTPdm7CczEvLNlMP
3/7/2022 8:04:24 PM: 200 with id 4xu6471HoNbiBRsoXa2P71
3/7/2022 8:04:24 PM: 200 with id 5zi7WsKlIiUXv09tbGLKsE
3/7/2022 8:04:24 PM: 200 with id 4jbWZmf7kRxCBD6tgVepYh
3/7/2022 8:04:24 PM: 200 with id 7eFfp9r4A30ueN9A5EJbk2
3/7/2022 8:04:24 PM: 200 with id 0BClgKzpi6YhuXeTIAoeDm
3/7/2022 8:04:24 PM: 200 with id 2E4KE4Wb1c740NJ9HS8cOl
3/7/2022 8:04:24 PM: 200 with id 4sih9lWIIKldL1n5kcotjI
3/7/2022 8:04:24 PM: 200 with id 3cTpZRRZFh3TkmSohIu9iD
3/7/2022 8:04:24 PM: 200 with id 0im1aMw5Wf5PUOdRKVLU1w
3/7/2022 8:04:24 PM: 200 with id 7npBPiCHjPj8PVIGPuHXep
3/7/2022 8:04:24 PM: 200 with id 6JQLDydERhZKXqwQLb9uUY
3/7/2022 8:04:24 PM: 200 with id 3g2sgN6wC92EwuEA9hLbH0
3/7/2022 8:04:24 PM: 200 with id 6YUCc2RiXcEKS9ibuZxjt0
3/7/2022 8:04:24 PM: 200 with id 2nkto6YNI4rUYTLqEwWJ3o
3/7/2022 8:04:24 PM: 200 with id 1I6FpscJIfwf4T56VxGVsB
3/7/2022 8:04:24 PM: 200 with id 2FI7i6CqLl8DuLczpvaulm
3/7/2022 8:04:24 PM: 200 with id 2nwTJuSqvCygeyI8U7vpeI
3/7/2022 8:04:24 PM: 200 with id 11yNjCVaZamoyb8DrHex2N
3/7/2022 8:04:24 PM: 200 with id 0EfHWQeb3T1UJw9KrqN407
3/7/2022 8:04:24 PM: 200 with id 6CyH6fmEtbvUmKcFRzAWdh
3/7/2022 8:04:24 PM: 200 with id 7FVm1gkIKDxsC1eCD1ud9A
3/7/2022 8:04:24 PM: 200 with id 1ZuQduJGh0lBynUsfzD1tH
3/7/2022 8:04:24 PM: 200 with id 40hpWkhyQMu1Gezvre0nGp
3/7/2022 8:04:24 PM: 200 with id 6YEU5Gf9Fpn6JNAHMCFQNQ
3/7/2022 8:04:24 PM: 200 with id 0UCcS71rriMmT4tkaTILym
3/7/2022 8:04:24 PM: 200 with id 3gUHlpzwA6wnYHOTfaZipT
3/7/2022 8:04:24 PM: 200 with id 4462gjWz3403IpdzqHBHvl
3/7/2022 8:04:24 PM: 200 with id 1ELikg6DYSI9ZcIxbOmyLE
3/7/2022 8:04:24 PM: 200 with id 7rsLjG7DNRh7nH1RIlMJVD
3/7/2022 8:04:24 PM: 200 with id 6VcyVQu3YmkzIWvxHVyCCB
3/7/2022 8:04:24 PM: 200 with id 19Nhw4EECcCOj2379B8idV
3/7/2022 8:04:24 PM: 200 with id 31xTQZbxIS1Z8v2iX6Y2AG
3/7/2022 8:04:24 PM: 200 with id 5fLOHW1UXr1cJrnXiU3FBt
3/7/2022 8:04:24 PM: 200 with id 1kCKuBSxO5w8MPN31pP9K9
3/7/2022 8:04:24 PM: 200 with id 47i4l2lfejw9PaN4hVFcvF
3/7/2022 8:04:25 PM: 200 with id 4kMpYWQfF4f4iXLhopgk3w
3/7/2022 8:04:25 PM: 200 with id 7JKC5QYw9BmpkcoUu4hwLY
3/7/2022 8:04:25 PM: 200 with id 1kda4McF274Jl5x3aOAmPJ
3/7/2022 8:04:25 PM: 200 with id 3OBMNQfTggseTBEN8Xh3v2
3/7/2022 8:04:25 PM: 200 with id 68ZGCwTDtJGbC3E3gL6d48
3/7/2022 8:04:25 PM: 200 with id 0SVt148hDLtlcJ95kIngKE
3/7/2022 8:04:25 PM: 200 with id 2sxpHYklpXLxdho1s8zeqT
3/7/2022 8:04:25 PM: 200 with id 3UdA4CPd2ktoIbzo1UREWc
3/7/2022 8:04:25 PM: 200 with id 5TYIBTz55l471JAEjNAULD
3/7/2022 8:04:25 PM: 200 with id 5AR3jURU3vmoJiGzpjY4Xn
3/7/2022 8:04:25 PM: 200 with id 6Gj2SWx3d9MdHZpFVrEMMz
3/7/2022 8:04:25 PM: 200 with id 7lQPm3Tv9W22mU3SCcZrKt
3/7/2022 8:04:25 PM: 200 with id 1V6a99EbTTIegOhWoPxYI9
3/7/2022 8:04:25 PM: 200 with id 2oV8OJKtyGR7MwXH45rOoE
3/7/2022 8:04:25 PM: 200 with id 5EhzDFFcnyA6SrON40R5us
3/7/2022 8:04:25 PM: 200 with id 1tlgrrI3QNRyp0vwmS9U12
3/7/2022 8:04:25 PM: 200 with id 32FV1RxcC38xWUP3gosMtJ
3/7/2022 8:04:25 PM: 200 with id 6dtSG39sxD9YNCVnvdIpP8
3/7/2022 8:04:25 PM: 200 with id 5zuM1EG06X1J7VsIF1omRm
3/7/2022 8:04:25 PM: 200 with id 5V3Chnpno9oTI7JSPXKUf3
3/7/2022 8:04:25 PM: 200 with id 33wIA16ZMEUGgKQTdQl9Mv
3/7/2022 8:04:25 PM: 200 with id 5IYvKd22yQkJRfoIStesbX
3/7/2022 8:04:25 PM: 200 with id 4TKeFuhHHiBhRddgUfZEvf
3/7/2022 8:04:25 PM: 200 with id 2NxnSpRW6vvDbCBoJkb5gC
3/7/2022 8:04:25 PM: 200 with id 2WwSy0VrhJQVkgU1T3fAwt
3/7/2022 8:04:25 PM: 200 with id 2KeM6vJohzgvATvMFgsTIB
3/7/2022 8:04:25 PM: 200 with id 5vOGfSaXkMh0W5Vw7w3qtX
3/7/2022 8:04:25 PM: 200 with id 3ebyEGol0Abc7VAxYf7vEg
3/7/2022 8:04:25 PM: 200 with id 621OhgnZJ7Pz8iUazct1In
3/7/2022 8:04:25 PM: 200 with id 3BNRyWlVJZWjakfP0ybfhB
3/7/2022 8:04:25 PM: 200 with id 2w1bv0nMLeimkBHrR1POdo
3/7/2022 8:04:25 PM: 200 with id 1JiQM9ygHBPtO18Lvqyd2i
3/7/2022 8:04:25 PM: 200 with id 0CoYrxPTAqsaAV8Iyiz9hN
3/7/2022 8:04:25 PM: 200 with id 6qhYCCFVOQKNFq5QbYpje8
3/7/2022 8:04:25 PM: 200 with id 2eDvavZKXvIcl9FySJLwqd
3/7/2022 8:04:25 PM: 200 with id 0SF4YWvJFsZBXublew4PsF
3/7/2022 8:04:25 PM: 200 with id 7yXF3ARUh4rOs9p0DT0VVf
3/7/2022 8:04:25 PM: 200 with id 76D56efgvgiZu2CfUBnHQv
3/7/2022 8:04:25 PM: 200 with id 2EafeoPywXvcSudYSeSMWO
3/7/2022 8:04:25 PM: 200 with id 7iLuHJkrb9KHPkMgddYigh
3/7/2022 8:04:25 PM: 200 with id 4ab7jYzCRPCIz0k2CNKPGm
3/7/2022 8:04:25 PM: 200 with id 5IGnGTSdX9jMvEMostmUfu
3/7/2022 8:04:25 PM: 200 with id 1BBjdKgGAqwdEvcvqBOGfT
3/7/2022 8:04:25 PM: 200 with id 3DG5MS8iKYcJROCnb1DYDf
3/7/2022 8:04:25 PM: 200 with id 6NdaU4JVYrQAxDOSrG0aPF
3/7/2022 8:04:25 PM: 200 with id 4XyQyaNvyvTKUxT6xRHEV9
3/7/2022 8:04:26 PM: 200 with id 0MAkP3PbzMzNquRefQe1mn
3/7/2022 8:04:26 PM: 200 with id 3mseemmNsNvbafLKJIhjbk
3/7/2022 8:04:26 PM: 200 with id 3IDX75LHVFqVh67JreKpDy
3/7/2022 8:04:26 PM: 200 with id 7n26GKaWGJ1sx9CXKISyyE
3/7/2022 8:04:26 PM: 200 with id 4Q2d9ZNCUgAKywKUd28AWg
3/7/2022 8:04:26 PM: 200 with id 5jgI8Eminx9MmLBontDWq8
3/7/2022 8:04:26 PM: 200 with id 1kM6xcSYO5ASJaWgygznL7
3/7/2022 8:04:26 PM: 200 with id 6QsTbLpypBwgunzxonYMGi
3/7/2022 8:04:26 PM: 200 with id 6mMkQ8Dq2C9WciaY3f1ky3
3/7/2022 8:04:26 PM: 200 with id 0wC7G4DPPwZHVbySstZ3CF
3/7/2022 8:04:26 PM: 200 with id 5ehCZOiYbqGAizRCHNCZdH
3/7/2022 8:04:26 PM: 200 with id 4KNKqXUmibcRVNs5drC2xd
3/7/2022 8:04:26 PM: 200 with id 0fwZXPXf41aF6H0CN3UtXV
3/7/2022 8:04:26 PM: 200 with id 5Ejztki15nFl3ts3SqjhKE
3/7/2022 8:04:26 PM: 200 with id 09MYDnhFCO1IBtW4X6TjR2
3/7/2022 8:04:26 PM: 200 with id 4hHXvnHGn6pmHhdnnmNdmn
3/7/2022 8:04:26 PM: 200 with id 2dDVHhpg1x5VoTTN5hnS2I
3/7/2022 8:04:26 PM: 200 with id 7eUNTNfvaUpe0SjsoyzsCg
3/7/2022 8:04:26 PM: 200 with id 0HUIlw24tiL4IEh4uo127d
3/7/2022 8:04:26 PM: 200 with id 3CxknRPQLbOJRwQrNekNyU
3/7/2022 8:04:26 PM: 200 with id 226ubQdY0eN9zVVDvlFj0D
3/7/2022 8:04:26 PM: 200 with id 3lIVRVNgrOxfmjUAY2yfwW
3/7/2022 8:04:26 PM: 200 with id 3pVv9ovZ0AZlTUOfDL5gFJ
3/7/2022 8:04:26 PM: 200 with id 4VqdntbxmB7r1At6sPKRnb
3/7/2022 8:04:26 PM: 200 with id 4F3rUFQcKJm6b1BsJRwAbf
3/7/2022 8:04:26 PM: 200 with id 0OP3OMK3KZgAwqFA7pgHl5
3/7/2022 8:04:26 PM: 200 with id 4ZFE0VVdjRY5fv41SFyPrT
3/7/2022 8:04:26 PM: 200 with id 65EcukDOv2KFUXYVGWdqe2
3/7/2022 8:04:26 PM: 200 with id 0mZIUXje90JtHxPNzWsJNR
3/7/2022 8:04:26 PM: 200 with id 4htdMrekIHwLEHhyw4ArcX
3/7/2022 8:04:26 PM: 200 with id 333CW1FJG5ijNi30C45xcB
3/7/2022 8:04:26 PM: 200 with id 6hSjwUPL9jSBtZPgyFWfjI
3/7/2022 8:04:26 PM: 200 with id 5tpANGlgztRd2oobdYGI8R
3/7/2022 8:04:26 PM: 200 with id 0cLOvzP9jeEKdWxNhu60YJ
3/7/2022 8:04:26 PM: 200 with id 4hnzyQQr7PrzXOwoemk2Ic
3/7/2022 8:04:26 PM: 200 with id 4e6fF29pCyNasKnD6NG7xc
3/7/2022 8:04:26 PM: 200 with id 51uoKRa8vT5SULrlF8s2t1
3/7/2022 8:04:26 PM: 200 with id 3Ob6ngCds1HdMHlI1fFZ5P
3/7/2022 8:04:26 PM: 200 with id 2zpr39lqNzPFOyoTPiiwnc
3/7/2022 8:04:27 PM: 200 with id 2mucny0BfgUanSjwfxxCOk
3/7/2022 8:04:27 PM: 200 with id 4AmYNtcUeuaLZfQo5uDTKh
3/7/2022 8:04:27 PM: 200 with id 0up3nALv2m2IT0x6LCgWBy
3/7/2022 8:04:27 PM: 200 with id 5aO37RIIgwkTZ5t0uejh78
3/7/2022 8:04:27 PM: 200 with id 1QbaP14zvccYYVnCVMbN0i
3/7/2022 8:04:27 PM: 200 with id 1ezTrrYQHb4QAsjw7uHZwG
3/7/2022 8:04:27 PM: 200 with id 3f8ilKUbFtOSPM2aVq0zCl
3/7/2022 8:04:27 PM: 200 with id 0TufQp9UodBjfkraGSeupt
3/7/2022 8:04:27 PM: 200 with id 26d9EFfi2YSvhQv7KKcrNw
3/7/2022 8:04:27 PM: 200 with id 7rZHP0Z6ddaBrYaq0QAewR
3/7/2022 8:04:27 PM: 200 with id 7fooHRIcTOxlhABqFQGlBE
3/7/2022 8:04:27 PM: 200 with id 643xbtQwg8vWnu0somiRSS
3/7/2022 8:04:27 PM: 200 with id 4GsvtpiQYDo6dYuFIgM4wT
3/7/2022 8:04:27 PM: 200 with id 6vdArdBxeqXrgT6OTuYY01
3/7/2022 8:04:27 PM: 200 with id 5rSgMFmmuaKQxma4bSEviU
3/7/2022 8:04:27 PM: 200 with id 3PResMqFgQYBfzTnqTKwQw
3/7/2022 8:04:27 PM: 200 with id 5gSBDA6ufk8UZejT4XR7av
3/7/2022 8:04:27 PM: 200 with id 32iAEBstCjauDhyKpGjTuq
3/7/2022 8:04:27 PM: 200 with id 5Vujt84AgejgLiEjPje5hE
3/7/2022 8:04:27 PM: 200 with id 1zd1DOaqrJq6tgdo74kAIj
3/7/2022 8:04:27 PM: 200 with id 6thSjE17RxW8tJFtLyXA3B
3/7/2022 8:04:27 PM: 200 with id 7HlZFlk0jJq3Bb03AOyMTE
3/7/2022 8:04:27 PM: 200 with id 7LMPvMtvi02jBM47lrBEMk
3/7/2022 8:04:27 PM: 200 with id 3YWh86YlsNfsNWUkn5GZRV
3/7/2022 8:04:27 PM: 200 with id 5uKWy85xmgOuRrWuXr98b2
3/7/2022 8:04:27 PM: 200 with id 7gAsvZoE8WY8J6fIxOcq4A
3/7/2022 8:04:27 PM: 200 with id 68P9rLPO8P6EPL3aBGs1ZV
3/7/2022 8:04:27 PM: 200 with id 0aQjIXOKa3n0iND6e782P9
3/7/2022 8:04:27 PM: 200 with id 2zwFcj30oHhu81VFoLTSRm
3/7/2022 8:04:27 PM: 200 with id 3ldsrFbLgrIJ00byb2tncW
3/7/2022 8:04:27 PM: 200 with id 3WjDB3j2yZL4g0hBGHF04i
3/7/2022 8:04:28 PM: 200 with id 3euBMxTPlC1ijPKzv75GSf
3/7/2022 8:04:28 PM: 200 with id 6PEApt1cBh2EtWeXMKZJzo
3/7/2022 8:04:28 PM: 200 with id 1X3xa9xIsrOQi7SJ646xkN
3/7/2022 8:04:28 PM: 200 with id 0hEJteeeU0whN4utEVz1g9
3/7/2022 8:04:28 PM: 200 with id 3eZerNfDU899k6RSgtGXPi
3/7/2022 8:04:28 PM: 200 with id 6lfI3hEfdwHNm3QubzrzCc
3/7/2022 8:04:28 PM: 200 with id 7b0Ysbudh2BH9A853EfxEu
3/7/2022 8:04:28 PM: 200 with id 1gtzz0Qf0bGnHDP2kAJdxf
3/7/2022 8:04:28 PM: 200 with id 1pd3Og5drnhCyVH6m006qy
3/7/2022 8:04:28 PM: 200 with id 1pVtxVKXwhU2nsvrTI1WqT
3/7/2022 8:04:28 PM: 200 with id 7b1hjKj4po74ZqeiiYkx0x
3/7/2022 8:04:28 PM: 200 with id 6buXSkzKCNuC3ieAjYsmDk
3/7/2022 8:04:28 PM: 200 with id 5Nwsra93UQYJ6xxcjcE10x
