fail: Microsoft.AspNetCore.Server.Kestrel[13]
      Connection id "0HMFU8J1GEQAJ", Request id "0HMFU8J1GEQAJ:00000003": An unhandled exception was thrown by the application.
      System.AggregateException: One or more errors occurred. (One or more errors occurred. (Exception raised by job)) (One or more errors occurred. (Exception raised by job)) (One or more errors occurred. (Exception raised by job)) (One or more errors occurred. (Exception raised by job)) (One or more errors occurred. (Exception raised by job) (Exception raised by job) (Exception raised by job) (Exception raised by job) (Exception raised by job)) (One or more errors occurred. (Exception raised by job) (Exception raised by job)) (One or more errors occurred. (Exception raised by job) (Exception raised by job) (Exception raised by job))
       ---> System.AggregateException: One or more errors occurred. (Exception raised by job)
       ---> System.Exception: Exception raised by job
       ---> System.FormatException: The format of value '' is invalid.
         at System.Net.Http.Headers.HttpHeaderParser.ParseValue(String value, Object storeValue, Int32& index)
         at System.Net.Http.Headers.HttpHeaders.ParseAndAddValue(HeaderDescriptor descriptor, HeaderStoreItemInfo info, String value)
         at System.Net.Http.Headers.HttpHeaders.Add(HeaderDescriptor descriptor, String value)
         at HttpFs.Client.DotNetWrapper.setHeaders@658.Invoke(RequestHeader _arg1)
         at Microsoft.FSharp.Collections.ListModule.Iterate[T](FSharpFunc`2 action, FSharpList`1 list) in D:\a\_work\1\s\src\fsharp\FSharp.Core\list.fs:line 102
         at HttpFs.Client.DotNetWrapper.u2xJ@1-5(HttpRequestMessage message, Request request, Unit unitVar)
         at HttpFs.Client.DotNetWrapper.toHttpRequestMessage@779-7.Do(Unit x)
         at Hopac.Core.ContBind`2.DoWork(Worker& wr)
         at Hopac.Core.AlwaysUnitTC.DoJob(Worker& wr, Cont`1 uK)
         at Hopac.Core.ContBind`2.DoWork(Worker& wr)
         at Hopac.Core.AlwaysUnitTC.DoJob(Worker& wr, Cont`1 uK)
         at Hopac.Core.JobDelay`1.DoJob(Worker& wr, Cont`1 xK)
         at Hopac.Core.JobUsing`2.DoJob(Worker& wr, Cont`1 yK)
         at Hopac.Core.JobDelay`1.DoJob(Worker& wr, Cont`1 xK)
         at Hopac.Alt.prepare@589.DoJob(Worker& wr, Cont`1 aK)
         at Hopac.Core.AltAfter`2.DoJob(Worker& wr, Cont`1 yK)
         at Hopac.Core.JobDelay`1.DoJob(Worker& wr, Cont`1 xK)
         at Hopac.Core.Worker.RunOnThisThread[T](Scheduler sr, Job`1 tJ, Cont`1 tK)
         --- End of inner exception stack trace ---
         at Hopac.Scheduler.run[x](Scheduler sr, Job`1 xJ)
         at Hopac.Job.Global.run[x](Job`1 xJ)
         at Program.tryQueryAlbumTracks(FSharpList`1 p, String id) in /home/davi/gits/FeatOfDistance/Program.fs:line 184
         at Program.Pipe #1 stage #3 at line 199@199.Invoke(String id) in /home/davi/gits/FeatOfDistance/Program.fs:line 199
         at Microsoft.FSharp.Collections.ArrayModule.Parallel.Map@1401-2.Invoke(Int32 i) in D:\a\_work\1\s\src\fsharp\FSharp.Core\array.fs:line 1402
         at System.Threading.Tasks.Parallel.<>c__DisplayClass19_0`1.<ForWorker>b__1(RangeWorker& currentWorker, Int32 timeout, Boolean& replicationDelegateYieldedBeforeCompletion)
      --- End of stack trace from previous location ---
         at System.Threading.Tasks.Parallel.<>c__DisplayClass19_0`1.<ForWorker>b__1(RangeWorker& currentWorker, Int32 timeout, Boolean& replicationDelegateYieldedBeforeCompletion)
         at System.Threading.Tasks.TaskReplicator.Replica.Execute()
         --- End of inner exception stack trace ---
         at System.Threading.Tasks.TaskReplicator.Run[TState](ReplicatableUserAction`1 action, ParallelOptions options, Boolean stopOnFirstFailure)
         at System.Threading.Tasks.Parallel.ForWorker[TLocal](Int32 fromInclusive, Int32 toExclusive, ParallelOptions parallelOptions, Action`1 body, Action`2 bodyWithState, Func`4 bodyWithLocal, Func`1 localInit, Action`1 localFinally)
      --- End of stack trace from previous location ---
         at System.Threading.Tasks.Parallel.ThrowSingleCancellationExceptionOrOtherException(ICollection exceptions, CancellationToken cancelToken, Exception otherException)
         at System.Threading.Tasks.Parallel.ForWorker[TLocal](Int32 fromInclusive, Int32 toExclusive, ParallelOptions parallelOptions, Action`1 body, Action`2 bodyWithState, Func`4 bodyWithLocal, Func`1 localInit, Action`1 localFinally)
         at System.Threading.Tasks.Parallel.For(Int32 fromInclusive, Int32 toExclusive, Action`1 body)
         at Microsoft.FSharp.Collections.ArrayModule.Parallel.Map[T,TResult](FSharpFunc`2 mapping, T[] array) in D:\a\_work\1\s\src\fsharp\FSharp.Core\array.fs:line 1401
         at Program.searchTracksForAlbum(IJsonDocument album) in /home/davi/gits/FeatOfDistance/Program.fs:line 199
         at Program.readDiscographies@206.Invoke(IJsonDocument album) in /home/davi/gits/FeatOfDistance/Program.fs:line 206
         at Microsoft.FSharp.Collections.ArrayModule.Parallel.Map@1401-2.Invoke(Int32 i) in D:\a\_work\1\s\src\fsharp\FSharp.Core\array.fs:line 1402
         at System.Threading.Tasks.Parallel.<>c__DisplayClass19_0`1.<ForWorker>b__1(RangeWorker& currentWorker, Int32 timeout, Boolean& replicationDelegateYieldedBeforeCompletion)
      --- End of stack trace from previous location ---
         at System.Threading.Tasks.Parallel.<>c__DisplayClass19_0`1.<ForWorker>b__1(RangeWorker& currentWorker, Int32 timeout, Boolean& replicationDelegateYieldedBeforeCompletion)
         at System.Threading.Tasks.TaskReplicator.Replica.Execute()
         --- End of inner exception stack trace ---
         at System.Threading.Tasks.TaskReplicator.Run[TState](ReplicatableUserAction`1 action, ParallelOptions options, Boolean stopOnFirstFailure)
         at System.Threading.Tasks.Parallel.ForWorker[TLocal](Int32 fromInclusive, Int32 toExclusive, ParallelOptions parallelOptions, Action`1 body, Action`2 bodyWithState, Func`4 bodyWithLocal, Func`1 localInit, Action`1 localFinally)
      --- End of stack trace from previous location ---
         at System.Threading.Tasks.Parallel.ThrowSingleCancellationExceptionOrOtherException(ICollection exceptions, CancellationToken cancelToken, Exception otherException)
         at System.Threading.Tasks.Parallel.ForWorker[TLocal](Int32 fromInclusive, Int32 toExclusive, ParallelOptions parallelOptions, Action`1 body, Action`2 bodyWithState, Func`4 bodyWithLocal, Func`1 localInit, Action`1 localFinally)
         at System.Threading.Tasks.Parallel.For(Int32 fromInclusive, Int32 toExclusive, Action`1 body)
         at Microsoft.FSharp.Collections.ArrayModule.Parallel.Map[T,TResult](FSharpFunc`2 mapping, T[] array) in D:\a\_work\1\s\src\fsharp\FSharp.Core\array.fs:line 1401
         at Program.readDiscographies(String dir) in /home/davi/gits/FeatOfDistance/Program.fs:line 206
         at Program.doMagic@1245.MoveNext() in /home/davi/gits/FeatOfDistance/Program.fs:line 1251
         at Giraffe.Core.chooseHttpFunc@120.MoveNext()
         at Giraffe.Middleware.Invoke@30.MoveNext()
         at Microsoft.AspNetCore.Watch.BrowserRefresh.BrowserRefreshMiddleware.InvokeAsync(HttpContext context)
         at Microsoft.AspNetCore.Server.Kestrel.Core.Internal.Http.HttpProtocol.ProcessRequests[TContext](IHttpApplication`1 application)
       ---> (Inner Exception #1) System.AggregateException: One or more errors occurred. (Exception raised by job)
       ---> System.Exception: Exception raised by job
       ---> System.FormatException: The format of value '' is invalid.
         at System.Net.Http.Headers.HttpHeaderParser.ParseValue(String value, Object storeValue, Int32& index)
         at System.Net.Http.Headers.HttpHeaders.ParseAndAddValue(HeaderDescriptor descriptor, HeaderStoreItemInfo info, String value)
         at System.Net.Http.Headers.HttpHeaders.Add(HeaderDescriptor descriptor, String value)
         at HttpFs.Client.DotNetWrapper.setHeaders@658.Invoke(RequestHeader _arg1)
         at Microsoft.FSharp.Collections.ListModule.Iterate[T](FSharpFunc`2 action, FSharpList`1 list) in D:\a\_work\1\s\src\fsharp\FSharp.Core\list.fs:line 102
         at HttpFs.Client.DotNetWrapper.u2xJ@1-5(HttpRequestMessage message, Request request, Unit unitVar)
         at HttpFs.Client.DotNetWrapper.toHttpRequestMessage@779-7.Do(Unit x)
         at Hopac.Core.ContBind`2.DoWork(Worker& wr)
         at Hopac.Core.AlwaysUnitTC.DoJob(Worker& wr, Cont`1 uK)
         at Hopac.Core.ContBind`2.DoWork(Worker& wr)
         at Hopac.Core.AlwaysUnitTC.DoJob(Worker& wr, Cont`1 uK)
         at Hopac.Core.JobDelay`1.DoJob(Worker& wr, Cont`1 xK)
         at Hopac.Core.JobUsing`2.DoJob(Worker& wr, Cont`1 yK)
         at Hopac.Core.JobDelay`1.DoJob(Worker& wr, Cont`1 xK)
         at Hopac.Alt.prepare@589.DoJob(Worker& wr, Cont`1 aK)
         at Hopac.Core.AltAfter`2.DoJob(Worker& wr, Cont`1 yK)
         at Hopac.Core.JobDelay`1.DoJob(Worker& wr, Cont`1 xK)
         at Hopac.Core.Worker.RunOnThisThread[T](Scheduler sr, Job`1 tJ, Cont`1 tK)
         --- End of inner exception stack trace ---
         at Hopac.Scheduler.run[x](Scheduler sr, Job`1 xJ)
         at Hopac.Job.Global.run[x](Job`1 xJ)
         at Program.tryQueryAlbumTracks(FSharpList`1 p, String id) in /home/davi/gits/FeatOfDistance/Program.fs:line 184
         at Program.Pipe #1 stage #3 at line 199@199.Invoke(String id) in /home/davi/gits/FeatOfDistance/Program.fs:line 199
         at Microsoft.FSharp.Collections.ArrayModule.Parallel.Map@1401-2.Invoke(Int32 i) in D:\a\_work\1\s\src\fsharp\FSharp.Core\array.fs:line 1402
         at System.Threading.Tasks.Parallel.<>c__DisplayClass19_0`1.<ForWorker>b__1(RangeWorker& currentWorker, Int32 timeout, Boolean& replicationDelegateYieldedBeforeCompletion)
      --- End of stack trace from previous location ---
         at System.Threading.Tasks.Parallel.<>c__DisplayClass19_0`1.<ForWorker>b__1(RangeWorker& currentWorker, Int32 timeout, Boolean& replicationDelegateYieldedBeforeCompletion)
         at System.Threading.Tasks.TaskReplicator.Replica.Execute()
         --- End of inner exception stack trace ---
         at System.Threading.Tasks.TaskReplicator.Run[TState](ReplicatableUserAction`1 action, ParallelOptions options, Boolean stopOnFirstFailure)
         at System.Threading.Tasks.Parallel.ForWorker[TLocal](Int32 fromInclusive, Int32 toExclusive, ParallelOptions parallelOptions, Action`1 body, Action`2 bodyWithState, Func`4 bodyWithLocal, Func`1 localInit, Action`1 localFinally)
      --- End of stack trace from previous location ---
         at System.Threading.Tasks.Parallel.ThrowSingleCancellationExceptionOrOtherException(ICollection exceptions, CancellationToken cancelToken, Exception otherException)
         at System.Threading.Tasks.Parallel.ForWorker[TLocal](Int32 fromInclusive, Int32 toExclusive, ParallelOptions parallelOptions, Action`1 body, Action`2 bodyWithState, Func`4 bodyWithLocal, Func`1 localInit, Action`1 localFinally)
         at System.Threading.Tasks.Parallel.For(Int32 fromInclusive, Int32 toExclusive, Action`1 body)
         at Microsoft.FSharp.Collections.ArrayModule.Parallel.Map[T,TResult](FSharpFunc`2 mapping, T[] array) in D:\a\_work\1\s\src\fsharp\FSharp.Core\array.fs:line 1401
         at Program.searchTracksForAlbum(IJsonDocument album) in /home/davi/gits/FeatOfDistance/Program.fs:line 199
         at Program.readDiscographies@206.Invoke(IJsonDocument album) in /home/davi/gits/FeatOfDistance/Program.fs:line 206
         at Microsoft.FSharp.Collections.ArrayModule.Parallel.Map@1401-2.Invoke(Int32 i) in D:\a\_work\1\s\src\fsharp\FSharp.Core\array.fs:line 1402
         at System.Threading.Tasks.Parallel.<>c__DisplayClass19_0`1.<ForWorker>b__1(RangeWorker& currentWorker, Int32 timeout, Boolean& replicationDelegateYieldedBeforeCompletion)
      --- End of stack trace from previous location ---
         at System.Threading.Tasks.Parallel.<>c__DisplayClass19_0`1.<ForWorker>b__1(RangeWorker& currentWorker, Int32 timeout, Boolean& replicationDelegateYieldedBeforeCompletion)
         at System.Threading.Tasks.TaskReplicator.Replica.Execute()<---
      
       ---> (Inner Exception #2) System.AggregateException: One or more errors occurred. (Exception raised by job)
       ---> System.Exception: Exception raised by job
       ---> System.FormatException: The format of value '' is invalid.
         at System.Net.Http.Headers.HttpHeaderParser.ParseValue(String value, Object storeValue, Int32& index)
         at System.Net.Http.Headers.HttpHeaders.ParseAndAddValue(HeaderDescriptor descriptor, HeaderStoreItemInfo info, String value)
         at System.Net.Http.Headers.HttpHeaders.Add(HeaderDescriptor descriptor, String value)
         at HttpFs.Client.DotNetWrapper.setHeaders@658.Invoke(RequestHeader _arg1)
         at Microsoft.FSharp.Collections.ListModule.Iterate[T](FSharpFunc`2 action, FSharpList`1 list) in D:\a\_work\1\s\src\fsharp\FSharp.Core\list.fs:line 102
         at HttpFs.Client.DotNetWrapper.u2xJ@1-5(HttpRequestMessage message, Request request, Unit unitVar)
         at HttpFs.Client.DotNetWrapper.toHttpRequestMessage@779-7.Do(Unit x)
         at Hopac.Core.ContBind`2.DoWork(Worker& wr)
         at Hopac.Core.AlwaysUnitTC.DoJob(Worker& wr, Cont`1 uK)
         at Hopac.Core.ContBind`2.DoWork(Worker& wr)
         at Hopac.Core.AlwaysUnitTC.DoJob(Worker& wr, Cont`1 uK)
         at Hopac.Core.JobDelay`1.DoJob(Worker& wr, Cont`1 xK)
         at Hopac.Core.JobUsing`2.DoJob(Worker& wr, Cont`1 yK)
         at Hopac.Core.JobDelay`1.DoJob(Worker& wr, Cont`1 xK)
         at Hopac.Alt.prepare@589.DoJob(Worker& wr, Cont`1 aK)
         at Hopac.Core.AltAfter`2.DoJob(Worker& wr, Cont`1 yK)
         at Hopac.Core.JobDelay`1.DoJob(Worker& wr, Cont`1 xK)
         at Hopac.Core.Worker.RunOnThisThread[T](Scheduler sr, Job`1 tJ, Cont`1 tK)
         --- End of inner exception stack trace ---
         at Hopac.Scheduler.run[x](Scheduler sr, Job`1 xJ)
         at Hopac.Job.Global.run[x](Job`1 xJ)
         at Program.tryQueryAlbumTracks(FSharpList`1 p, String id) in /home/davi/gits/FeatOfDistance/Program.fs:line 184
         at Program.Pipe #1 stage #3 at line 199@199.Invoke(String id) in /home/davi/gits/FeatOfDistance/Program.fs:line 199
         at Microsoft.FSharp.Collections.ArrayModule.Parallel.Map@1401-2.Invoke(Int32 i) in D:\a\_work\1\s\src\fsharp\FSharp.Core\array.fs:line 1402
         at System.Threading.Tasks.Parallel.<>c__DisplayClass19_0`1.<ForWorker>b__1(RangeWorker& currentWorker, Int32 timeout, Boolean& replicationDelegateYieldedBeforeCompletion)
      --- End of stack trace from previous location ---
         at System.Threading.Tasks.Parallel.<>c__DisplayClass19_0`1.<ForWorker>b__1(RangeWorker& currentWorker, Int32 timeout, Boolean& replicationDelegateYieldedBeforeCompletion)
         at System.Threading.Tasks.TaskReplicator.Replica.Execute()
         --- End of inner exception stack trace ---
         at System.Threading.Tasks.TaskReplicator.Run[TState](ReplicatableUserAction`1 action, ParallelOptions options, Boolean stopOnFirstFailure)
         at System.Threading.Tasks.Parallel.ForWorker[TLocal](Int32 fromInclusive, Int32 toExclusive, ParallelOptions parallelOptions, Action`1 body, Action`2 bodyWithState, Func`4 bodyWithLocal, Func`1 localInit, Action`1 localFinally)
      --- End of stack trace from previous location ---
         at System.Threading.Tasks.Parallel.ThrowSingleCancellationExceptionOrOtherException(ICollection exceptions, CancellationToken cancelToken, Exception otherException)
         at System.Threading.Tasks.Parallel.ForWorker[TLocal](Int32 fromInclusive, Int32 toExclusive, ParallelOptions parallelOptions, Action`1 body, Action`2 bodyWithState, Func`4 bodyWithLocal, Func`1 localInit, Action`1 localFinally)
         at System.Threading.Tasks.Parallel.For(Int32 fromInclusive, Int32 toExclusive, Action`1 body)
         at Microsoft.FSharp.Collections.ArrayModule.Parallel.Map[T,TResult](FSharpFunc`2 mapping, T[] array) in D:\a\_work\1\s\src\fsharp\FSharp.Core\array.fs:line 1401
         at Program.searchTracksForAlbum(IJsonDocument album) in /home/davi/gits/FeatOfDistance/Program.fs:line 199
         at Program.readDiscographies@206.Invoke(IJsonDocument album) in /home/davi/gits/FeatOfDistance/Program.fs:line 206
         at Microsoft.FSharp.Collections.ArrayModule.Parallel.Map@1401-2.Invoke(Int32 i) in D:\a\_work\1\s\src\fsharp\FSharp.Core\array.fs:line 1402
         at System.Threading.Tasks.Parallel.<>c__DisplayClass19_0`1.<ForWorker>b__1(RangeWorker& currentWorker, Int32 timeout, Boolean& replicationDelegateYieldedBeforeCompletion)
      --- End of stack trace from previous location ---
         at System.Threading.Tasks.Parallel.<>c__DisplayClass19_0`1.<ForWorker>b__1(RangeWorker& currentWorker, Int32 timeout, Boolean& replicationDelegateYieldedBeforeCompletion)
         at System.Threading.Tasks.TaskReplicator.Replica.Execute()<---
      
       ---> (Inner Exception #3) System.AggregateException: One or more errors occurred. (Exception raised by job)
       ---> System.Exception: Exception raised by job
       ---> System.FormatException: The format of value '' is invalid.
         at System.Net.Http.Headers.HttpHeaderParser.ParseValue(String value, Object storeValue, Int32& index)
         at System.Net.Http.Headers.HttpHeaders.ParseAndAddValue(HeaderDescriptor descriptor, HeaderStoreItemInfo info, String value)
         at System.Net.Http.Headers.HttpHeaders.Add(HeaderDescriptor descriptor, String value)
         at HttpFs.Client.DotNetWrapper.setHeaders@658.Invoke(RequestHeader _arg1)
         at Microsoft.FSharp.Collections.ListModule.Iterate[T](FSharpFunc`2 action, FSharpList`1 list) in D:\a\_work\1\s\src\fsharp\FSharp.Core\list.fs:line 102
         at HttpFs.Client.DotNetWrapper.u2xJ@1-5(HttpRequestMessage message, Request request, Unit unitVar)
         at HttpFs.Client.DotNetWrapper.toHttpRequestMessage@779-7.Do(Unit x)
         at Hopac.Core.ContBind`2.DoWork(Worker& wr)
         at Hopac.Core.AlwaysUnitTC.DoJob(Worker& wr, Cont`1 uK)
         at Hopac.Core.ContBind`2.DoWork(Worker& wr)
         at Hopac.Core.AlwaysUnitTC.DoJob(Worker& wr, Cont`1 uK)
         at Hopac.Core.JobDelay`1.DoJob(Worker& wr, Cont`1 xK)
         at Hopac.Core.JobUsing`2.DoJob(Worker& wr, Cont`1 yK)
         at Hopac.Core.JobDelay`1.DoJob(Worker& wr, Cont`1 xK)
         at Hopac.Alt.prepare@589.DoJob(Worker& wr, Cont`1 aK)
         at Hopac.Core.AltAfter`2.DoJob(Worker& wr, Cont`1 yK)
         at Hopac.Core.JobDelay`1.DoJob(Worker& wr, Cont`1 xK)
         at Hopac.Core.Worker.RunOnThisThread[T](Scheduler sr, Job`1 tJ, Cont`1 tK)
         --- End of inner exception stack trace ---
         at Hopac.Scheduler.run[x](Scheduler sr, Job`1 xJ)
         at Hopac.Job.Global.run[x](Job`1 xJ)
         at Program.tryQueryAlbumTracks(FSharpList`1 p, String id) in /home/davi/gits/FeatOfDistance/Program.fs:line 184
         at Program.Pipe #1 stage #3 at line 199@199.Invoke(String id) in /home/davi/gits/FeatOfDistance/Program.fs:line 199
         at Microsoft.FSharp.Collections.ArrayModule.Parallel.Map@1401-2.Invoke(Int32 i) in D:\a\_work\1\s\src\fsharp\FSharp.Core\array.fs:line 1402
         at System.Threading.Tasks.Parallel.<>c__DisplayClass19_0`1.<ForWorker>b__1(RangeWorker& currentWorker, Int32 timeout, Boolean& replicationDelegateYieldedBeforeCompletion)
      --- End of stack trace from previous location ---
         at System.Threading.Tasks.Parallel.<>c__DisplayClass19_0`1.<ForWorker>b__1(RangeWorker& currentWorker, Int32 timeout, Boolean& replicationDelegateYieldedBeforeCompletion)
         at System.Threading.Tasks.TaskReplicator.Replica.Execute()
         --- End of inner exception stack trace ---
         at System.Threading.Tasks.TaskReplicator.Run[TState](ReplicatableUserAction`1 action, ParallelOptions options, Boolean stopOnFirstFailure)
         at System.Threading.Tasks.Parallel.ForWorker[TLocal](Int32 fromInclusive, Int32 toExclusive, ParallelOptions parallelOptions, Action`1 body, Action`2 bodyWithState, Func`4 bodyWithLocal, Func`1 localInit, Action`1 localFinally)
      --- End of stack trace from previous location ---
         at System.Threading.Tasks.Parallel.ThrowSingleCancellationExceptionOrOtherException(ICollection exceptions, CancellationToken cancelToken, Exception otherException)
         at System.Threading.Tasks.Parallel.ForWorker[TLocal](Int32 fromInclusive, Int32 toExclusive, ParallelOptions parallelOptions, Action`1 body, Action`2 bodyWithState, Func`4 bodyWithLocal, Func`1 localInit, Action`1 localFinally)
         at System.Threading.Tasks.Parallel.For(Int32 fromInclusive, Int32 toExclusive, Action`1 body)
         at Microsoft.FSharp.Collections.ArrayModule.Parallel.Map[T,TResult](FSharpFunc`2 mapping, T[] array) in D:\a\_work\1\s\src\fsharp\FSharp.Core\array.fs:line 1401
         at Program.searchTracksForAlbum(IJsonDocument album) in /home/davi/gits/FeatOfDistance/Program.fs:line 199
         at Program.readDiscographies@206.Invoke(IJsonDocument album) in /home/davi/gits/FeatOfDistance/Program.fs:line 206
         at Microsoft.FSharp.Collections.ArrayModule.Parallel.Map@1401-2.Invoke(Int32 i) in D:\a\_work\1\s\src\fsharp\FSharp.Core\array.fs:line 1402
         at System.Threading.Tasks.Parallel.<>c__DisplayClass19_0`1.<ForWorker>b__1(RangeWorker& currentWorker, Int32 timeout, Boolean& replicationDelegateYieldedBeforeCompletion)
      --- End of stack trace from previous location ---
         at System.Threading.Tasks.Parallel.<>c__DisplayClass19_0`1.<ForWorker>b__1(RangeWorker& currentWorker, Int32 timeout, Boolean& replicationDelegateYieldedBeforeCompletion)
         at System.Threading.Tasks.TaskReplicator.Replica.Execute()<---
      
       ---> (Inner Exception #4) System.AggregateException: One or more errors occurred. (Exception raised by job) (Exception raised by job) (Exception raised by job) (Exception raised by job) (Exception raised by job)
       ---> System.Exception: Exception raised by job
       ---> System.FormatException: The format of value '' is invalid.
         at System.Net.Http.Headers.HttpHeaderParser.ParseValue(String value, Object storeValue, Int32& index)
         at System.Net.Http.Headers.HttpHeaders.ParseAndAddValue(HeaderDescriptor descriptor, HeaderStoreItemInfo info, String value)
         at System.Net.Http.Headers.HttpHeaders.Add(HeaderDescriptor descriptor, String value)
         at HttpFs.Client.DotNetWrapper.setHeaders@658.Invoke(RequestHeader _arg1)
         at Microsoft.FSharp.Collections.ListModule.Iterate[T](FSharpFunc`2 action, FSharpList`1 list) in D:\a\_work\1\s\src\fsharp\FSharp.Core\list.fs:line 102
         at HttpFs.Client.DotNetWrapper.u2xJ@1-5(HttpRequestMessage message, Request request, Unit unitVar)
         at HttpFs.Client.DotNetWrapper.toHttpRequestMessage@779-7.Do(Unit x)
         at Hopac.Core.ContBind`2.DoWork(Worker& wr)
         at Hopac.Core.AlwaysUnitTC.DoJob(Worker& wr, Cont`1 uK)
         at Hopac.Core.ContBind`2.DoWork(Worker& wr)
         at Hopac.Core.AlwaysUnitTC.DoJob(Worker& wr, Cont`1 uK)
         at Hopac.Core.JobDelay`1.DoJob(Worker& wr, Cont`1 xK)
         at Hopac.Core.JobUsing`2.DoJob(Worker& wr, Cont`1 yK)
         at Hopac.Core.JobDelay`1.DoJob(Worker& wr, Cont`1 xK)
         at Hopac.Alt.prepare@589.DoJob(Worker& wr, Cont`1 aK)
         at Hopac.Core.AltAfter`2.DoJob(Worker& wr, Cont`1 yK)
         at Hopac.Core.JobDelay`1.DoJob(Worker& wr, Cont`1 xK)
         at Hopac.Core.Worker.RunOnThisThread[T](Scheduler sr, Job`1 tJ, Cont`1 tK)
         --- End of inner exception stack trace ---
         at Hopac.Scheduler.run[x](Scheduler sr, Job`1 xJ)
         at Hopac.Job.Global.run[x](Job`1 xJ)
         at Program.tryQueryAlbumTracks(FSharpList`1 p, String id) in /home/davi/gits/FeatOfDistance/Program.fs:line 184
         at Program.Pipe #1 stage #3 at line 199@199.Invoke(String id) in /home/davi/gits/FeatOfDistance/Program.fs:line 199
         at Microsoft.FSharp.Collections.ArrayModule.Parallel.Map@1401-2.Invoke(Int32 i) in D:\a\_work\1\s\src\fsharp\FSharp.Core\array.fs:line 1402
         at System.Threading.Tasks.Parallel.<>c__DisplayClass19_0`1.<ForWorker>b__1(RangeWorker& currentWorker, Int32 timeout, Boolean& replicationDelegateYieldedBeforeCompletion)
      --- End of stack trace from previous location ---
         at System.Threading.Tasks.Parallel.<>c__DisplayClass19_0`1.<ForWorker>b__1(RangeWorker& currentWorker, Int32 timeout, Boolean& replicationDelegateYieldedBeforeCompletion)
         at System.Threading.Tasks.TaskReplicator.Replica.Execute()
         --- End of inner exception stack trace ---
         at System.Threading.Tasks.TaskReplicator.Run[TState](ReplicatableUserAction`1 action, ParallelOptions options, Boolean stopOnFirstFailure)
         at System.Threading.Tasks.Parallel.ForWorker[TLocal](Int32 fromInclusive, Int32 toExclusive, ParallelOptions parallelOptions, Action`1 body, Action`2 bodyWithState, Func`4 bodyWithLocal, Func`1 localInit, Action`1 localFinally)
      --- End of stack trace from previous location ---
         at System.Threading.Tasks.Parallel.ThrowSingleCancellationExceptionOrOtherException(ICollection exceptions, CancellationToken cancelToken, Exception otherException)
         at System.Threading.Tasks.Parallel.ForWorker[TLocal](Int32 fromInclusive, Int32 toExclusive, ParallelOptions parallelOptions, Action`1 body, Action`2 bodyWithState, Func`4 bodyWithLocal, Func`1 localInit, Action`1 localFinally)
         at System.Threading.Tasks.Parallel.For(Int32 fromInclusive, Int32 toExclusive, Action`1 body)
         at Microsoft.FSharp.Collections.ArrayModule.Parallel.Map[T,TResult](FSharpFunc`2 mapping, T[] array) in D:\a\_work\1\s\src\fsharp\FSharp.Core\array.fs:line 1401
         at Program.searchTracksForAlbum(IJsonDocument album) in /home/davi/gits/FeatOfDistance/Program.fs:line 199
         at Program.readDiscographies@206.Invoke(IJsonDocument album) in /home/davi/gits/FeatOfDistance/Program.fs:line 206
         at Microsoft.FSharp.Collections.ArrayModule.Parallel.Map@1401-2.Invoke(Int32 i) in D:\a\_work\1\s\src\fsharp\FSharp.Core\array.fs:line 1402
         at System.Threading.Tasks.Parallel.<>c__DisplayClass19_0`1.<ForWorker>b__1(RangeWorker& currentWorker, Int32 timeout, Boolean& replicationDelegateYieldedBeforeCompletion)
      --- End of stack trace from previous location ---
         at System.Threading.Tasks.Parallel.<>c__DisplayClass19_0`1.<ForWorker>b__1(RangeWorker& currentWorker, Int32 timeout, Boolean& replicationDelegateYieldedBeforeCompletion)
         at System.Threading.Tasks.TaskReplicator.Replica.Execute()
       ---> (Inner Exception #1) System.Exception: Exception raised by job
       ---> System.FormatException: The format of value '' is invalid.
         at System.Net.Http.Headers.HttpHeaderParser.ParseValue(String value, Object storeValue, Int32& index)
         at System.Net.Http.Headers.HttpHeaders.ParseAndAddValue(HeaderDescriptor descriptor, HeaderStoreItemInfo info, String value)
         at System.Net.Http.Headers.HttpHeaders.Add(HeaderDescriptor descriptor, String value)
         at HttpFs.Client.DotNetWrapper.setHeaders@658.Invoke(RequestHeader _arg1)
         at Microsoft.FSharp.Collections.ListModule.Iterate[T](FSharpFunc`2 action, FSharpList`1 list) in D:\a\_work\1\s\src\fsharp\FSharp.Core\list.fs:line 102
         at HttpFs.Client.DotNetWrapper.u2xJ@1-5(HttpRequestMessage message, Request request, Unit unitVar)
         at HttpFs.Client.DotNetWrapper.toHttpRequestMessage@779-7.Do(Unit x)
         at Hopac.Core.ContBind`2.DoWork(Worker& wr)
         at Hopac.Core.AlwaysUnitTC.DoJob(Worker& wr, Cont`1 uK)
         at Hopac.Core.ContBind`2.DoWork(Worker& wr)
         at Hopac.Core.AlwaysUnitTC.DoJob(Worker& wr, Cont`1 uK)
         at Hopac.Core.JobDelay`1.DoJob(Worker& wr, Cont`1 xK)
         at Hopac.Core.JobUsing`2.DoJob(Worker& wr, Cont`1 yK)
         at Hopac.Core.JobDelay`1.DoJob(Worker& wr, Cont`1 xK)
         at Hopac.Alt.prepare@589.DoJob(Worker& wr, Cont`1 aK)
         at Hopac.Core.AltAfter`2.DoJob(Worker& wr, Cont`1 yK)
         at Hopac.Core.JobDelay`1.DoJob(Worker& wr, Cont`1 xK)
         at Hopac.Core.Worker.RunOnThisThread[T](Scheduler sr, Job`1 tJ, Cont`1 tK)
         --- End of inner exception stack trace ---
         at Hopac.Scheduler.run[x](Scheduler sr, Job`1 xJ)
         at Hopac.Job.Global.run[x](Job`1 xJ)
         at Program.tryQueryAlbumTracks(FSharpList`1 p, String id) in /home/davi/gits/FeatOfDistance/Program.fs:line 184
         at Program.Pipe #1 stage #3 at line 199@199.Invoke(String id) in /home/davi/gits/FeatOfDistance/Program.fs:line 199
         at Microsoft.FSharp.Collections.ArrayModule.Parallel.Map@1401-2.Invoke(Int32 i) in D:\a\_work\1\s\src\fsharp\FSharp.Core\array.fs:line 1402
         at System.Threading.Tasks.Parallel.<>c__DisplayClass19_0`1.<ForWorker>b__1(RangeWorker& currentWorker, Int32 timeout, Boolean& replicationDelegateYieldedBeforeCompletion)
      --- End of stack trace from previous location ---
         at System.Threading.Tasks.Parallel.<>c__DisplayClass19_0`1.<ForWorker>b__1(RangeWorker& currentWorker, Int32 timeout, Boolean& replicationDelegateYieldedBeforeCompletion)
         at System.Threading.Tasks.TaskReplicator.Replica.Execute()<---
      
       ---> (Inner Exception #2) System.Exception: Exception raised by job
       ---> System.FormatException: The format of value '' is invalid.
         at System.Net.Http.Headers.HttpHeaderParser.ParseValue(String value, Object storeValue, Int32& index)
         at System.Net.Http.Headers.HttpHeaders.ParseAndAddValue(HeaderDescriptor descriptor, HeaderStoreItemInfo info, String value)
         at System.Net.Http.Headers.HttpHeaders.Add(HeaderDescriptor descriptor, String value)
         at HttpFs.Client.DotNetWrapper.setHeaders@658.Invoke(RequestHeader _arg1)
         at Microsoft.FSharp.Collections.ListModule.Iterate[T](FSharpFunc`2 action, FSharpList`1 list) in D:\a\_work\1\s\src\fsharp\FSharp.Core\list.fs:line 102
         at HttpFs.Client.DotNetWrapper.u2xJ@1-5(HttpRequestMessage message, Request request, Unit unitVar)
         at HttpFs.Client.DotNetWrapper.toHttpRequestMessage@779-7.Do(Unit x)
         at Hopac.Core.ContBind`2.DoWork(Worker& wr)
         at Hopac.Core.AlwaysUnitTC.DoJob(Worker& wr, Cont`1 uK)
         at Hopac.Core.ContBind`2.DoWork(Worker& wr)
         at Hopac.Core.AlwaysUnitTC.DoJob(Worker& wr, Cont`1 uK)
         at Hopac.Core.JobDelay`1.DoJob(Worker& wr, Cont`1 xK)
         at Hopac.Core.JobUsing`2.DoJob(Worker& wr, Cont`1 yK)
         at Hopac.Core.JobDelay`1.DoJob(Worker& wr, Cont`1 xK)
         at Hopac.Alt.prepare@589.DoJob(Worker& wr, Cont`1 aK)
         at Hopac.Core.AltAfter`2.DoJob(Worker& wr, Cont`1 yK)
         at Hopac.Core.JobDelay`1.DoJob(Worker& wr, Cont`1 xK)
         at Hopac.Core.Worker.RunOnThisThread[T](Scheduler sr, Job`1 tJ, Cont`1 tK)
         --- End of inner exception stack trace ---
         at Hopac.Scheduler.run[x](Scheduler sr, Job`1 xJ)
         at Hopac.Job.Global.run[x](Job`1 xJ)
         at Program.tryQueryAlbumTracks(FSharpList`1 p, String id) in /home/davi/gits/FeatOfDistance/Program.fs:line 184
         at Program.Pipe #1 stage #3 at line 199@199.Invoke(String id) in /home/davi/gits/FeatOfDistance/Program.fs:line 199
         at Microsoft.FSharp.Collections.ArrayModule.Parallel.Map@1401-2.Invoke(Int32 i) in D:\a\_work\1\s\src\fsharp\FSharp.Core\array.fs:line 1402
         at System.Threading.Tasks.Parallel.<>c__DisplayClass19_0`1.<ForWorker>b__1(RangeWorker& currentWorker, Int32 timeout, Boolean& replicationDelegateYieldedBeforeCompletion)
      --- End of stack trace from previous location ---
         at System.Threading.Tasks.Parallel.<>c__DisplayClass19_0`1.<ForWorker>b__1(RangeWorker& currentWorker, Int32 timeout, Boolean& replicationDelegateYieldedBeforeCompletion)
         at System.Threading.Tasks.TaskReplicator.Replica.Execute()<---
      
       ---> (Inner Exception #3) System.Exception: Exception raised by job
       ---> System.FormatException: The format of value '' is invalid.
         at System.Net.Http.Headers.HttpHeaderParser.ParseValue(String value, Object storeValue, Int32& index)
         at System.Net.Http.Headers.HttpHeaders.ParseAndAddValue(HeaderDescriptor descriptor, HeaderStoreItemInfo info, String value)
         at System.Net.Http.Headers.HttpHeaders.Add(HeaderDescriptor descriptor, String value)
         at HttpFs.Client.DotNetWrapper.setHeaders@658.Invoke(RequestHeader _arg1)
         at Microsoft.FSharp.Collections.ListModule.Iterate[T](FSharpFunc`2 action, FSharpList`1 list) in D:\a\_work\1\s\src\fsharp\FSharp.Core\list.fs:line 102
         at HttpFs.Client.DotNetWrapper.u2xJ@1-5(HttpRequestMessage message, Request request, Unit unitVar)
         at HttpFs.Client.DotNetWrapper.toHttpRequestMessage@779-7.Do(Unit x)
         at Hopac.Core.ContBind`2.DoWork(Worker& wr)
         at Hopac.Core.AlwaysUnitTC.DoJob(Worker& wr, Cont`1 uK)
         at Hopac.Core.ContBind`2.DoWork(Worker& wr)
         at Hopac.Core.AlwaysUnitTC.DoJob(Worker& wr, Cont`1 uK)
         at Hopac.Core.JobDelay`1.DoJob(Worker& wr, Cont`1 xK)
         at Hopac.Core.JobUsing`2.DoJob(Worker& wr, Cont`1 yK)
         at Hopac.Core.JobDelay`1.DoJob(Worker& wr, Cont`1 xK)
         at Hopac.Alt.prepare@589.DoJob(Worker& wr, Cont`1 aK)
         at Hopac.Core.AltAfter`2.DoJob(Worker& wr, Cont`1 yK)
         at Hopac.Core.JobDelay`1.DoJob(Worker& wr, Cont`1 xK)
         at Hopac.Core.Worker.RunOnThisThread[T](Scheduler sr, Job`1 tJ, Cont`1 tK)
         --- End of inner exception stack trace ---
         at Hopac.Scheduler.run[x](Scheduler sr, Job`1 xJ)
         at Hopac.Job.Global.run[x](Job`1 xJ)
         at Program.tryQueryAlbumTracks(FSharpList`1 p, String id) in /home/davi/gits/FeatOfDistance/Program.fs:line 184
         at Program.Pipe #1 stage #3 at line 199@199.Invoke(String id) in /home/davi/gits/FeatOfDistance/Program.fs:line 199
         at Microsoft.FSharp.Collections.ArrayModule.Parallel.Map@1401-2.Invoke(Int32 i) in D:\a\_work\1\s\src\fsharp\FSharp.Core\array.fs:line 1402
         at System.Threading.Tasks.Parallel.<>c__DisplayClass19_0`1.<ForWorker>b__1(RangeWorker& currentWorker, Int32 timeout, Boolean& replicationDelegateYieldedBeforeCompletion)
      --- End of stack trace from previous location ---
         at System.Threading.Tasks.Parallel.<>c__DisplayClass19_0`1.<ForWorker>b__1(RangeWorker& currentWorker, Int32 timeout, Boolean& replicationDelegateYieldedBeforeCompletion)
         at System.Threading.Tasks.TaskReplicator.Replica.Execute()<---
      
       ---> (Inner Exception #4) System.Exception: Exception raised by job
       ---> System.FormatException: The format of value '' is invalid.
         at System.Net.Http.Headers.HttpHeaderParser.ParseValue(String value, Object storeValue, Int32& index)
         at System.Net.Http.Headers.HttpHeaders.ParseAndAddValue(HeaderDescriptor descriptor, HeaderStoreItemInfo info, String value)
         at System.Net.Http.Headers.HttpHeaders.Add(HeaderDescriptor descriptor, String value)
         at HttpFs.Client.DotNetWrapper.setHeaders@658.Invoke(RequestHeader _arg1)
         at Microsoft.FSharp.Collections.ListModule.Iterate[T](FSharpFunc`2 action, FSharpList`1 list) in D:\a\_work\1\s\src\fsharp\FSharp.Core\list.fs:line 102
         at HttpFs.Client.DotNetWrapper.u2xJ@1-5(HttpRequestMessage message, Request request, Unit unitVar)
         at HttpFs.Client.DotNetWrapper.toHttpRequestMessage@779-7.Do(Unit x)
         at Hopac.Core.ContBind`2.DoWork(Worker& wr)
         at Hopac.Core.AlwaysUnitTC.DoJob(Worker& wr, Cont`1 uK)
         at Hopac.Core.ContBind`2.DoWork(Worker& wr)
         at Hopac.Core.AlwaysUnitTC.DoJob(Worker& wr, Cont`1 uK)
         at Hopac.Core.JobDelay`1.DoJob(Worker& wr, Cont`1 xK)
         at Hopac.Core.JobUsing`2.DoJob(Worker& wr, Cont`1 yK)
         at Hopac.Core.JobDelay`1.DoJob(Worker& wr, Cont`1 xK)
         at Hopac.Alt.prepare@589.DoJob(Worker& wr, Cont`1 aK)
         at Hopac.Core.AltAfter`2.DoJob(Worker& wr, Cont`1 yK)
         at Hopac.Core.JobDelay`1.DoJob(Worker& wr, Cont`1 xK)
         at Hopac.Core.Worker.RunOnThisThread[T](Scheduler sr, Job`1 tJ, Cont`1 tK)
         --- End of inner exception stack trace ---
         at Hopac.Scheduler.run[x](Scheduler sr, Job`1 xJ)
         at Hopac.Job.Global.run[x](Job`1 xJ)
         at Program.tryQueryAlbumTracks(FSharpList`1 p, String id) in /home/davi/gits/FeatOfDistance/Program.fs:line 184
         at Program.Pipe #1 stage #3 at line 199@199.Invoke(String id) in /home/davi/gits/FeatOfDistance/Program.fs:line 199
         at Microsoft.FSharp.Collections.ArrayModule.Parallel.Map@1401-2.Invoke(Int32 i) in D:\a\_work\1\s\src\fsharp\FSharp.Core\array.fs:line 1402
         at System.Threading.Tasks.Parallel.<>c__DisplayClass19_0`1.<ForWorker>b__1(RangeWorker& currentWorker, Int32 timeout, Boolean& replicationDelegateYieldedBeforeCompletion)
      --- End of stack trace from previous location ---
         at System.Threading.Tasks.Parallel.<>c__DisplayClass19_0`1.<ForWorker>b__1(RangeWorker& currentWorker, Int32 timeout, Boolean& replicationDelegateYieldedBeforeCompletion)
         at System.Threading.Tasks.TaskReplicator.Replica.Execute()<---
      <---
      
       ---> (Inner Exception #5) System.AggregateException: One or more errors occurred. (Exception raised by job) (Exception raised by job)
       ---> System.Exception: Exception raised by job
       ---> System.FormatException: The format of value '' is invalid.
         at System.Net.Http.Headers.HttpHeaderParser.ParseValue(String value, Object storeValue, Int32& index)
         at System.Net.Http.Headers.HttpHeaders.ParseAndAddValue(HeaderDescriptor descriptor, HeaderStoreItemInfo info, String value)
         at System.Net.Http.Headers.HttpHeaders.Add(HeaderDescriptor descriptor, String value)
         at HttpFs.Client.DotNetWrapper.setHeaders@658.Invoke(RequestHeader _arg1)
         at Microsoft.FSharp.Collections.ListModule.Iterate[T](FSharpFunc`2 action, FSharpList`1 list) in D:\a\_work\1\s\src\fsharp\FSharp.Core\list.fs:line 102
         at HttpFs.Client.DotNetWrapper.u2xJ@1-5(HttpRequestMessage message, Request request, Unit unitVar)
         at HttpFs.Client.DotNetWrapper.toHttpRequestMessage@779-7.Do(Unit x)
         at Hopac.Core.ContBind`2.DoWork(Worker& wr)
         at Hopac.Core.AlwaysUnitTC.DoJob(Worker& wr, Cont`1 uK)
         at Hopac.Core.ContBind`2.DoWork(Worker& wr)
         at Hopac.Core.AlwaysUnitTC.DoJob(Worker& wr, Cont`1 uK)
         at Hopac.Core.JobDelay`1.DoJob(Worker& wr, Cont`1 xK)
         at Hopac.Core.JobUsing`2.DoJob(Worker& wr, Cont`1 yK)
         at Hopac.Core.JobDelay`1.DoJob(Worker& wr, Cont`1 xK)
         at Hopac.Alt.prepare@589.DoJob(Worker& wr, Cont`1 aK)
         at Hopac.Core.AltAfter`2.DoJob(Worker& wr, Cont`1 yK)
         at Hopac.Core.JobDelay`1.DoJob(Worker& wr, Cont`1 xK)
         at Hopac.Core.Worker.RunOnThisThread[T](Scheduler sr, Job`1 tJ, Cont`1 tK)
         --- End of inner exception stack trace ---
         at Hopac.Scheduler.run[x](Scheduler sr, Job`1 xJ)
         at Hopac.Job.Global.run[x](Job`1 xJ)
         at Program.tryQueryAlbumTracks(FSharpList`1 p, String id) in /home/davi/gits/FeatOfDistance/Program.fs:line 184
         at Program.Pipe #1 stage #3 at line 199@199.Invoke(String id) in /home/davi/gits/FeatOfDistance/Program.fs:line 199
         at Microsoft.FSharp.Collections.ArrayModule.Parallel.Map@1401-2.Invoke(Int32 i) in D:\a\_work\1\s\src\fsharp\FSharp.Core\array.fs:line 1402
         at System.Threading.Tasks.Parallel.<>c__DisplayClass19_0`1.<ForWorker>b__1(RangeWorker& currentWorker, Int32 timeout, Boolean& replicationDelegateYieldedBeforeCompletion)
      --- End of stack trace from previous location ---
         at System.Threading.Tasks.Parallel.<>c__DisplayClass19_0`1.<ForWorker>b__1(RangeWorker& currentWorker, Int32 timeout, Boolean& replicationDelegateYieldedBeforeCompletion)
         at System.Threading.Tasks.TaskReplicator.Replica.Execute()
         --- End of inner exception stack trace ---
         at System.Threading.Tasks.TaskReplicator.Run[TState](ReplicatableUserAction`1 action, ParallelOptions options, Boolean stopOnFirstFailure)
         at System.Threading.Tasks.Parallel.ForWorker[TLocal](Int32 fromInclusive, Int32 toExclusive, ParallelOptions parallelOptions, Action`1 body, Action`2 bodyWithState, Func`4 bodyWithLocal, Func`1 localInit, Action`1 localFinally)
      --- End of stack trace from previous location ---
         at System.Threading.Tasks.Parallel.ThrowSingleCancellationExceptionOrOtherException(ICollection exceptions, CancellationToken cancelToken, Exception otherException)
         at System.Threading.Tasks.Parallel.ForWorker[TLocal](Int32 fromInclusive, Int32 toExclusive, ParallelOptions parallelOptions, Action`1 body, Action`2 bodyWithState, Func`4 bodyWithLocal, Func`1 localInit, Action`1 localFinally)
         at System.Threading.Tasks.Parallel.For(Int32 fromInclusive, Int32 toExclusive, Action`1 body)
         at Microsoft.FSharp.Collections.ArrayModule.Parallel.Map[T,TResult](FSharpFunc`2 mapping, T[] array) in D:\a\_work\1\s\src\fsharp\FSharp.Core\array.fs:line 1401
         at Program.searchTracksForAlbum(IJsonDocument album) in /home/davi/gits/FeatOfDistance/Program.fs:line 199
         at Program.readDiscographies@206.Invoke(IJsonDocument album) in /home/davi/gits/FeatOfDistance/Program.fs:line 206
         at Microsoft.FSharp.Collections.ArrayModule.Parallel.Map@1401-2.Invoke(Int32 i) in D:\a\_work\1\s\src\fsharp\FSharp.Core\array.fs:line 1402
         at System.Threading.Tasks.Parallel.<>c__DisplayClass19_0`1.<ForWorker>b__1(RangeWorker& currentWorker, Int32 timeout, Boolean& replicationDelegateYieldedBeforeCompletion)
      --- End of stack trace from previous location ---
         at System.Threading.Tasks.Parallel.<>c__DisplayClass19_0`1.<ForWorker>b__1(RangeWorker& currentWorker, Int32 timeout, Boolean& replicationDelegateYieldedBeforeCompletion)
         at System.Threading.Tasks.TaskReplicator.Replica.Execute()
       ---> (Inner Exception #1) System.Exception: Exception raised by job
       ---> System.FormatException: The format of value '' is invalid.
         at System.Net.Http.Headers.HttpHeaderParser.ParseValue(String value, Object storeValue, Int32& index)
         at System.Net.Http.Headers.HttpHeaders.ParseAndAddValue(HeaderDescriptor descriptor, HeaderStoreItemInfo info, String value)
         at System.Net.Http.Headers.HttpHeaders.Add(HeaderDescriptor descriptor, String value)
         at HttpFs.Client.DotNetWrapper.setHeaders@658.Invoke(RequestHeader _arg1)
         at Microsoft.FSharp.Collections.ListModule.Iterate[T](FSharpFunc`2 action, FSharpList`1 list) in D:\a\_work\1\s\src\fsharp\FSharp.Core\list.fs:line 102
         at HttpFs.Client.DotNetWrapper.u2xJ@1-5(HttpRequestMessage message, Request request, Unit unitVar)
         at HttpFs.Client.DotNetWrapper.toHttpRequestMessage@779-7.Do(Unit x)
         at Hopac.Core.ContBind`2.DoWork(Worker& wr)
         at Hopac.Core.AlwaysUnitTC.DoJob(Worker& wr, Cont`1 uK)
         at Hopac.Core.ContBind`2.DoWork(Worker& wr)
         at Hopac.Core.AlwaysUnitTC.DoJob(Worker& wr, Cont`1 uK)
         at Hopac.Core.JobDelay`1.DoJob(Worker& wr, Cont`1 xK)
         at Hopac.Core.JobUsing`2.DoJob(Worker& wr, Cont`1 yK)
         at Hopac.Core.JobDelay`1.DoJob(Worker& wr, Cont`1 xK)
         at Hopac.Alt.prepare@589.DoJob(Worker& wr, Cont`1 aK)
         at Hopac.Core.AltAfter`2.DoJob(Worker& wr, Cont`1 yK)
         at Hopac.Core.JobDelay`1.DoJob(Worker& wr, Cont`1 xK)
         at Hopac.Core.Worker.RunOnThisThread[T](Scheduler sr, Job`1 tJ, Cont`1 tK)
         --- End of inner exception stack trace ---
         at Hopac.Scheduler.run[x](Scheduler sr, Job`1 xJ)
         at Hopac.Job.Global.run[x](Job`1 xJ)
         at Program.tryQueryAlbumTracks(FSharpList`1 p, String id) in /home/davi/gits/FeatOfDistance/Program.fs:line 184
         at Program.Pipe #1 stage #3 at line 199@199.Invoke(String id) in /home/davi/gits/FeatOfDistance/Program.fs:line 199
         at Microsoft.FSharp.Collections.ArrayModule.Parallel.Map@1401-2.Invoke(Int32 i) in D:\a\_work\1\s\src\fsharp\FSharp.Core\array.fs:line 1402
         at System.Threading.Tasks.Parallel.<>c__DisplayClass19_0`1.<ForWorker>b__1(RangeWorker& currentWorker, Int32 timeout, Boolean& replicationDelegateYieldedBeforeCompletion)
      --- End of stack trace from previous location ---
         at System.Threading.Tasks.Parallel.<>c__DisplayClass19_0`1.<ForWorker>b__1(RangeWorker& currentWorker, Int32 timeout, Boolean& replicationDelegateYieldedBeforeCompletion)
         at System.Threading.Tasks.TaskReplicator.Replica.Execute()<---
      <---
      
       ---> (Inner Exception #6) System.AggregateException: One or more errors occurred. (Exception raised by job) (Exception raised by job) (Exception raised by job)
       ---> System.Exception: Exception raised by job
       ---> System.FormatException: The format of value '' is invalid.
         at System.Net.Http.Headers.HttpHeaderParser.ParseValue(String value, Object storeValue, Int32& index)
         at System.Net.Http.Headers.HttpHeaders.ParseAndAddValue(HeaderDescriptor descriptor, HeaderStoreItemInfo info, String value)
         at System.Net.Http.Headers.HttpHeaders.Add(HeaderDescriptor descriptor, String value)
         at HttpFs.Client.DotNetWrapper.setHeaders@658.Invoke(RequestHeader _arg1)
         at Microsoft.FSharp.Collections.ListModule.Iterate[T](FSharpFunc`2 action, FSharpList`1 list) in D:\a\_work\1\s\src\fsharp\FSharp.Core\list.fs:line 102
         at HttpFs.Client.DotNetWrapper.u2xJ@1-5(HttpRequestMessage message, Request request, Unit unitVar)
         at HttpFs.Client.DotNetWrapper.toHttpRequestMessage@779-7.Do(Unit x)
         at Hopac.Core.ContBind`2.DoWork(Worker& wr)
         at Hopac.Core.AlwaysUnitTC.DoJob(Worker& wr, Cont`1 uK)
         at Hopac.Core.ContBind`2.DoWork(Worker& wr)
         at Hopac.Core.AlwaysUnitTC.DoJob(Worker& wr, Cont`1 uK)
         at Hopac.Core.JobDelay`1.DoJob(Worker& wr, Cont`1 xK)
         at Hopac.Core.JobUsing`2.DoJob(Worker& wr, Cont`1 yK)
         at Hopac.Core.JobDelay`1.DoJob(Worker& wr, Cont`1 xK)
         at Hopac.Alt.prepare@589.DoJob(Worker& wr, Cont`1 aK)
         at Hopac.Core.AltAfter`2.DoJob(Worker& wr, Cont`1 yK)
         at Hopac.Core.JobDelay`1.DoJob(Worker& wr, Cont`1 xK)
         at Hopac.Core.Worker.RunOnThisThread[T](Scheduler sr, Job`1 tJ, Cont`1 tK)
         --- End of inner exception stack trace ---
         at Hopac.Scheduler.run[x](Scheduler sr, Job`1 xJ)
         at Hopac.Job.Global.run[x](Job`1 xJ)
         at Program.tryQueryAlbumTracks(FSharpList`1 p, String id) in /home/davi/gits/FeatOfDistance/Program.fs:line 184
         at Program.Pipe #1 stage #3 at line 199@199.Invoke(String id) in /home/davi/gits/FeatOfDistance/Program.fs:line 199
         at Microsoft.FSharp.Collections.ArrayModule.Parallel.Map@1401-2.Invoke(Int32 i) in D:\a\_work\1\s\src\fsharp\FSharp.Core\array.fs:line 1402
         at System.Threading.Tasks.Parallel.<>c__DisplayClass19_0`1.<ForWorker>b__1(RangeWorker& currentWorker, Int32 timeout, Boolean& replicationDelegateYieldedBeforeCompletion)
      --- End of stack trace from previous location ---
         at System.Threading.Tasks.Parallel.<>c__DisplayClass19_0`1.<ForWorker>b__1(RangeWorker& currentWorker, Int32 timeout, Boolean& replicationDelegateYieldedBeforeCompletion)
         at System.Threading.Tasks.TaskReplicator.Replica.Execute()
         --- End of inner exception stack trace ---
         at System.Threading.Tasks.TaskReplicator.Run[TState](ReplicatableUserAction`1 action, ParallelOptions options, Boolean stopOnFirstFailure)
         at System.Threading.Tasks.Parallel.ForWorker[TLocal](Int32 fromInclusive, Int32 toExclusive, ParallelOptions parallelOptions, Action`1 body, Action`2 bodyWithState, Func`4 bodyWithLocal, Func`1 localInit, Action`1 localFinally)
      --- End of stack trace from previous location ---
         at System.Threading.Tasks.Parallel.ThrowSingleCancellationExceptionOrOtherException(ICollection exceptions, CancellationToken cancelToken, Exception otherException)
         at System.Threading.Tasks.Parallel.ForWorker[TLocal](Int32 fromInclusive, Int32 toExclusive, ParallelOptions parallelOptions, Action`1 body, Action`2 bodyWithState, Func`4 bodyWithLocal, Func`1 localInit, Action`1 localFinally)
         at System.Threading.Tasks.Parallel.For(Int32 fromInclusive, Int32 toExclusive, Action`1 body)
         at Microsoft.FSharp.Collections.ArrayModule.Parallel.Map[T,TResult](FSharpFunc`2 mapping, T[] array) in D:\a\_work\1\s\src\fsharp\FSharp.Core\array.fs:line 1401
         at Program.searchTracksForAlbum(IJsonDocument album) in /home/davi/gits/FeatOfDistance/Program.fs:line 199
         at Program.readDiscographies@206.Invoke(IJsonDocument album) in /home/davi/gits/FeatOfDistance/Program.fs:line 206
         at Microsoft.FSharp.Collections.ArrayModule.Parallel.Map@1401-2.Invoke(Int32 i) in D:\a\_work\1\s\src\fsharp\FSharp.Core\array.fs:line 1402
         at System.Threading.Tasks.Parallel.<>c__DisplayClass19_0`1.<ForWorker>b__1(RangeWorker& currentWorker, Int32 timeout, Boolean& replicationDelegateYieldedBeforeCompletion)
      --- End of stack trace from previous location ---
         at System.Threading.Tasks.Parallel.<>c__DisplayClass19_0`1.<ForWorker>b__1(RangeWorker& currentWorker, Int32 timeout, Boolean& replicationDelegateYieldedBeforeCompletion)
         at System.Threading.Tasks.TaskReplicator.Replica.Execute()
       ---> (Inner Exception #1) System.Exception: Exception raised by job
       ---> System.FormatException: The format of value '' is invalid.
         at System.Net.Http.Headers.HttpHeaderParser.ParseValue(String value, Object storeValue, Int32& index)
         at System.Net.Http.Headers.HttpHeaders.ParseAndAddValue(HeaderDescriptor descriptor, HeaderStoreItemInfo info, String value)
         at System.Net.Http.Headers.HttpHeaders.Add(HeaderDescriptor descriptor, String value)
         at HttpFs.Client.DotNetWrapper.setHeaders@658.Invoke(RequestHeader _arg1)
         at Microsoft.FSharp.Collections.ListModule.Iterate[T](FSharpFunc`2 action, FSharpList`1 list) in D:\a\_work\1\s\src\fsharp\FSharp.Core\list.fs:line 102
         at HttpFs.Client.DotNetWrapper.u2xJ@1-5(HttpRequestMessage message, Request request, Unit unitVar)
         at HttpFs.Client.DotNetWrapper.toHttpRequestMessage@779-7.Do(Unit x)
         at Hopac.Core.ContBind`2.DoWork(Worker& wr)
         at Hopac.Core.AlwaysUnitTC.DoJob(Worker& wr, Cont`1 uK)
         at Hopac.Core.ContBind`2.DoWork(Worker& wr)
         at Hopac.Core.AlwaysUnitTC.DoJob(Worker& wr, Cont`1 uK)
         at Hopac.Core.JobDelay`1.DoJob(Worker& wr, Cont`1 xK)
         at Hopac.Core.JobUsing`2.DoJob(Worker& wr, Cont`1 yK)
         at Hopac.Core.JobDelay`1.DoJob(Worker& wr, Cont`1 xK)
         at Hopac.Alt.prepare@589.DoJob(Worker& wr, Cont`1 aK)
         at Hopac.Core.AltAfter`2.DoJob(Worker& wr, Cont`1 yK)
         at Hopac.Core.JobDelay`1.DoJob(Worker& wr, Cont`1 xK)
         at Hopac.Core.Worker.RunOnThisThread[T](Scheduler sr, Job`1 tJ, Cont`1 tK)
         --- End of inner exception stack trace ---
         at Hopac.Scheduler.run[x](Scheduler sr, Job`1 xJ)
         at Hopac.Job.Global.run[x](Job`1 xJ)
         at Program.tryQueryAlbumTracks(FSharpList`1 p, String id) in /home/davi/gits/FeatOfDistance/Program.fs:line 184
         at Program.Pipe #1 stage #3 at line 199@199.Invoke(String id) in /home/davi/gits/FeatOfDistance/Program.fs:line 199
         at Microsoft.FSharp.Collections.ArrayModule.Parallel.Map@1401-2.Invoke(Int32 i) in D:\a\_work\1\s\src\fsharp\FSharp.Core\array.fs:line 1402
         at System.Threading.Tasks.Parallel.<>c__DisplayClass19_0`1.<ForWorker>b__1(RangeWorker& currentWorker, Int32 timeout, Boolean& replicationDelegateYieldedBeforeCompletion)
      --- End of stack trace from previous location ---
         at System.Threading.Tasks.Parallel.<>c__DisplayClass19_0`1.<ForWorker>b__1(RangeWorker& currentWorker, Int32 timeout, Boolean& replicationDelegateYieldedBeforeCompletion)
         at System.Threading.Tasks.TaskReplicator.Replica.Execute()<---
      
       ---> (Inner Exception #2) System.Exception: Exception raised by job
       ---> System.FormatException: The format of value '' is invalid.
         at System.Net.Http.Headers.HttpHeaderParser.ParseValue(String value, Object storeValue, Int32& index)
         at System.Net.Http.Headers.HttpHeaders.ParseAndAddValue(HeaderDescriptor descriptor, HeaderStoreItemInfo info, String value)
         at System.Net.Http.Headers.HttpHeaders.Add(HeaderDescriptor descriptor, String value)
         at HttpFs.Client.DotNetWrapper.setHeaders@658.Invoke(RequestHeader _arg1)
         at Microsoft.FSharp.Collections.ListModule.Iterate[T](FSharpFunc`2 action, FSharpList`1 list) in D:\a\_work\1\s\src\fsharp\FSharp.Core\list.fs:line 102
         at HttpFs.Client.DotNetWrapper.u2xJ@1-5(HttpRequestMessage message, Request request, Unit unitVar)
         at HttpFs.Client.DotNetWrapper.toHttpRequestMessage@779-7.Do(Unit x)
         at Hopac.Core.ContBind`2.DoWork(Worker& wr)
         at Hopac.Core.AlwaysUnitTC.DoJob(Worker& wr, Cont`1 uK)
         at Hopac.Core.ContBind`2.DoWork(Worker& wr)
         at Hopac.Core.AlwaysUnitTC.DoJob(Worker& wr, Cont`1 uK)
         at Hopac.Core.JobDelay`1.DoJob(Worker& wr, Cont`1 xK)
         at Hopac.Core.JobUsing`2.DoJob(Worker& wr, Cont`1 yK)
         at Hopac.Core.JobDelay`1.DoJob(Worker& wr, Cont`1 xK)
         at Hopac.Alt.prepare@589.DoJob(Worker& wr, Cont`1 aK)
         at Hopac.Core.AltAfter`2.DoJob(Worker& wr, Cont`1 yK)
         at Hopac.Core.JobDelay`1.DoJob(Worker& wr, Cont`1 xK)
         at Hopac.Core.Worker.RunOnThisThread[T](Scheduler sr, Job`1 tJ, Cont`1 tK)
         --- End of inner exception stack trace ---
         at Hopac.Scheduler.run[x](Scheduler sr, Job`1 xJ)
         at Hopac.Job.Global.run[x](Job`1 xJ)
         at Program.tryQueryAlbumTracks(FSharpList`1 p, String id) in /home/davi/gits/FeatOfDistance/Program.fs:line 184
         at Program.Pipe #1 stage #3 at line 199@199.Invoke(String id) in /home/davi/gits/FeatOfDistance/Program.fs:line 199
         at Microsoft.FSharp.Collections.ArrayModule.Parallel.Map@1401-2.Invoke(Int32 i) in D:\a\_work\1\s\src\fsharp\FSharp.Core\array.fs:line 1402
         at System.Threading.Tasks.Parallel.<>c__DisplayClass19_0`1.<ForWorker>b__1(RangeWorker& currentWorker, Int32 timeout, Boolean& replicationDelegateYieldedBeforeCompletion)
      --- End of stack trace from previous location ---
         at System.Threading.Tasks.Parallel.<>c__DisplayClass19_0`1.<ForWorker>b__1(RangeWorker& currentWorker, Int32 timeout, Boolean& replicationDelegateYieldedBeforeCompletion)
         at System.Threading.Tasks.TaskReplicator.Replica.Execute()<---
      <---
      
info: Microsoft.AspNetCore.Hosting.Diagnostics[2]
      Request finished HTTP/1.1 POST http://localhost:5000/ping application/json 19 - 500 0 - 221.3710ms
